2024-05-05 19:05:25,880 [INFO] Activator:176 - 


2024-05-05 19:05:25,884 [INFO] Activator:177 - !SESSION log4j initialized
2024-05-05 19:05:32,594 [INFO] LogOutputStream:77 - [STDOUT_REDIRECT] 
2024-05-05 19:05:35,114 [INFO] ApplicationProperties:184 - Using Application install path: D:\STM32\STM32CubeIDE_1.15.0\STM32CubeIDE\plugins\com.st.stm32cube.common.mx_6.11.0.202403141607
2024-05-05 19:05:35,133 [INFO] DbMcusXml:78 - Set database path to: D:\STM32\STM32CubeIDE_1.15.0\STM32CubeIDE\plugins\com.st.stm32cube.common.mx_6.11.0.202403141607\\db\/mcu/
2024-05-05 19:05:35,133 [INFO] ApiDb:274 - Set plugin database path to: D:\STM32\STM32CubeIDE_1.15.0\STM32CubeIDE\plugins\com.st.stm32cube.common.mx_6.11.0.202403141607\\db\/plugins/boardmanager/
2024-05-05 19:05:35,133 [WARN] ApiDb:259 - Overriding images path with different value:  => D:\STM32\STM32CubeIDE_1.15.0\STM32CubeIDE\plugins\com.st.stm32cube.common.mx_6.11.0.202403141607\\db\/plugins/mcufinder/images/
2024-05-05 19:05:35,148 [INFO] ApiDb:250 - Set database path to: C:\Users\DISHANT\.stmcufinder\plugins\mcufinder//mcu/
2024-05-05 19:05:35,150 [INFO] DbMcusAds:125 - Set database path to: C:\Users\DISHANT\.stmcufinder\plugins\mcufinder//mcu/
2024-05-05 19:05:35,151 [INFO] CrossReferenceDbSqlite:203 - Set database path to: C:\Users\DISHANT\.stmcufinder\plugins\mcufinder//mcu/cs/
2024-05-05 19:05:35,259 [INFO] RulesReader:64 - Compatibility file has been processed (297 Rules)
2024-05-05 19:05:35,343 [INFO] DbMcusXml:78 - Set database path to: D:\STM32\STM32CubeIDE_1.15.0\STM32CubeIDE\plugins\com.st.stm32cube.common.mx_6.11.0.202403141607\\db\/mcu/
2024-05-05 19:05:35,343 [INFO] ApiDb:274 - Set plugin database path to: D:\STM32\STM32CubeIDE_1.15.0\STM32CubeIDE\plugins\com.st.stm32cube.common.mx_6.11.0.202403141607\\db\/plugins/boardmanager/
2024-05-05 19:05:35,344 [INFO] ApiDb:261 - Set plugin images path to: D:\STM32\STM32CubeIDE_1.15.0\STM32CubeIDE\plugins\com.st.stm32cube.common.mx_6.11.0.202403141607\\db\/plugins/mcufinder/images/
2024-05-05 19:05:35,344 [WARN] DbFile:41 - Overriding database path with different value: C:\Users\DISHANT\.stmcufinder\plugins\mcufinder/ => C:\Users\DISHANT\.stmcufinder\plugins\mcufinder
2024-05-05 19:05:35,344 [INFO] ApiDb:250 - Set database path to: C:\Users\DISHANT\.stmcufinder\plugins\mcufinder//mcu/
2024-05-05 19:05:35,344 [WARN] DbFile:41 - Overriding database path with different value: C:\Users\DISHANT\.stmcufinder\plugins\mcufinder/ => C:\Users\DISHANT\.stmcufinder\plugins\mcufinder
2024-05-05 19:05:35,344 [INFO] DbMcusAds:125 - Set database path to: C:\Users\DISHANT\.stmcufinder\plugins\mcufinder//mcu/
2024-05-05 19:05:35,344 [WARN] DbFile:41 - Overriding database path with different value: C:\Users\DISHANT\.stmcufinder\plugins\mcufinder/ => C:\Users\DISHANT\.stmcufinder\plugins\mcufinder
2024-05-05 19:05:35,344 [WARN] DbFile:41 - Overriding database path with different value: C:\Users\DISHANT\.stmcufinder\plugins\mcufinder/ => C:\Users\DISHANT\.stmcufinder\plugins\mcufinder
2024-05-05 19:05:35,344 [INFO] CrossReferenceDbSqlite:203 - Set database path to: C:\Users\DISHANT\.stmcufinder\plugins\mcufinder//mcu/cs/
2024-05-05 19:05:35,426 [INFO] MainPanel:264 - HeapMemory: 268435456
2024-05-05 19:05:35,542 [INFO] DbMcusXml:78 - Set database path to: D:\STM32\STM32CubeIDE_1.15.0\STM32CubeIDE\plugins\com.st.stm32cube.common.mx_6.11.0.202403141607\\db\/mcu/
2024-05-05 19:05:35,543 [INFO] ApiDb:274 - Set plugin database path to: D:\STM32\STM32CubeIDE_1.15.0\STM32CubeIDE\plugins\com.st.stm32cube.common.mx_6.11.0.202403141607\\db\/plugins/boardmanager/
2024-05-05 19:05:35,543 [INFO] ApiDb:261 - Set plugin images path to: D:\STM32\STM32CubeIDE_1.15.0\STM32CubeIDE\plugins\com.st.stm32cube.common.mx_6.11.0.202403141607\\db\/plugins/mcufinder/images/
2024-05-05 19:05:35,543 [WARN] DbFile:41 - Overriding database path with different value: C:\Users\DISHANT\.stmcufinder\plugins\mcufinder/ => C:\Users\DISHANT\.stmcufinder\plugins\mcufinder
2024-05-05 19:05:35,543 [INFO] ApiDb:250 - Set database path to: C:\Users\DISHANT\.stmcufinder\plugins\mcufinder//mcu/
2024-05-05 19:05:35,544 [WARN] DbFile:41 - Overriding database path with different value: C:\Users\DISHANT\.stmcufinder\plugins\mcufinder/ => C:\Users\DISHANT\.stmcufinder\plugins\mcufinder
2024-05-05 19:05:35,544 [INFO] DbMcusAds:125 - Set database path to: C:\Users\DISHANT\.stmcufinder\plugins\mcufinder//mcu/
2024-05-05 19:05:35,544 [WARN] DbFile:41 - Overriding database path with different value: C:\Users\DISHANT\.stmcufinder\plugins\mcufinder/ => C:\Users\DISHANT\.stmcufinder\plugins\mcufinder
2024-05-05 19:05:35,544 [WARN] DbFile:41 - Overriding database path with different value: C:\Users\DISHANT\.stmcufinder\plugins\mcufinder/ => C:\Users\DISHANT\.stmcufinder\plugins\mcufinder
2024-05-05 19:05:35,544 [INFO] CrossReferenceDbSqlite:203 - Set database path to: C:\Users\DISHANT\.stmcufinder\plugins\mcufinder//mcu/cs/
2024-05-05 19:05:35,565 [INFO] ApplicationProperties:184 - Using Application install path: D:\STM32\STM32CubeIDE_1.15.0\STM32CubeIDE\plugins\com.st.stm32cube.common.mx_6.11.0.202403141607
2024-05-05 19:05:35,567 [INFO] PluginManage:196 - Search for loadable plugins [exclusion list=, ]
2024-05-05 19:05:35,568 [INFO] PluginManage:310 - Check plugin analytics
2024-05-05 19:05:35,743 [INFO] AnalyticsPlugin:253 - Accepted Software Licenses: STM32CubeMX.6.11.0
2024-05-05 19:05:35,743 [INFO] AnalyticsPlugin:255 - Accepted CMSIS Pack Licenses: 
2024-05-05 19:05:35,744 [INFO] AnalyticsPlugin:257 - Accepted Firmware Licenses: FW.L4.1.18.0
2024-05-05 19:05:35,745 [INFO] PluginManage:359 - Loaded plugin analytics (category:tool,tabindex:-1)
2024-05-05 19:05:35,746 [INFO] PluginManage:310 - Check plugin cadmodel
2024-05-05 19:05:35,764 [INFO] CADModel:105 - Init CAD model plugin
2024-05-05 19:05:35,764 [INFO] PluginManage:359 - Loaded plugin cadmodel (category:power,tabindex:5)
2024-05-05 19:05:35,764 [INFO] PluginManage:310 - Check plugin clock
2024-05-05 19:05:35,783 [INFO] PluginManage:359 - Loaded plugin clock (category:base,tabindex:2)
2024-05-05 19:05:35,783 [INFO] PluginManage:310 - Check plugin ddr
2024-05-05 19:05:35,785 [INFO] PluginManage:359 - Loaded plugin ddr (category:tool,tabindex:6)
2024-05-05 19:05:35,785 [INFO] PluginManage:310 - Check plugin filemanager
2024-05-05 19:05:35,928 [INFO] PluginManage:359 - Loaded plugin filemanager (category:base,tabindex:10)
2024-05-05 19:05:35,928 [INFO] PluginManage:310 - Check plugin ipmanager
2024-05-05 19:05:35,934 [INFO] PluginManage:359 - Loaded plugin ipmanager (category:base,tabindex:5)
2024-05-05 19:05:35,935 [INFO] PluginManage:310 - Check plugin lpbam
2024-05-05 19:05:35,951 [INFO] PluginManage:359 - Loaded plugin lpbam (category:base,tabindex:0)
2024-05-05 19:05:35,951 [INFO] PluginManage:310 - Check plugin memorymap
2024-05-05 19:05:35,976 [INFO] PluginManage:359 - Loaded plugin memorymap (category:base,tabindex:4)
2024-05-05 19:05:35,976 [INFO] PluginManage:310 - Check plugin pinoutandconfiguration
2024-05-05 19:05:35,991 [INFO] PluginManage:359 - Loaded plugin pinoutandconfiguration (category:base,tabindex:1)
2024-05-05 19:05:35,992 [INFO] PluginManage:310 - Check plugin pinoutconfig
2024-05-05 19:05:36,090 [WARN] SupportedApi:132 - Cannot load RTOS API schema: s4s-elt-must-match.1: The content of 'definitions' must match (annotation?, (simpleType | complexType)?, (unique | key | keyref)*)). A problem was found starting at: attribute.
2024-05-05 19:05:36,225 [INFO] PluginManage:359 - Loaded plugin pinoutconfig (category:base,tabindex:0)
2024-05-05 19:05:36,226 [INFO] PluginManage:310 - Check plugin power
2024-05-05 19:05:36,246 [INFO] PluginManage:359 - Loaded plugin power (category:power,tabindex:4)
2024-05-05 19:05:36,247 [INFO] PluginManage:310 - Check plugin projectmanager
2024-05-05 19:05:36,260 [INFO] PluginManage:359 - Loaded plugin projectmanager (category:projectmanager,tabindex:3)
2024-05-05 19:05:36,261 [INFO] PluginManage:310 - Check plugin thirdparty
2024-05-05 19:05:36,509 [INFO] PluginManage:359 - Loaded plugin thirdparty (category:base,tabindex:-1)
2024-05-05 19:05:36,509 [WARN] IntegrityCheckThread:84 - waiting for thirdparty lock release [integrity check]
2024-05-05 19:05:36,510 [INFO] PluginManage:310 - Check plugin tools
2024-05-05 19:05:36,510 [INFO] IntegrityCheckThread:86 - entering critical section [integrity check]
2024-05-05 19:05:36,510 [INFO] ThirdPartyUpdaterWithRetryManager:70 - Updater plugin not ready yet. [1/15]
2024-05-05 19:05:36,542 [INFO] PluginManage:359 - Loaded plugin tools (category:base,tabindex:7)
2024-05-05 19:05:36,542 [INFO] PluginManage:310 - Check plugin tutovideos
2024-05-05 19:05:36,733 [INFO] PluginManage:359 - Loaded plugin tutovideos (category:base,tabindex:-1)
2024-05-05 19:05:36,733 [INFO] PluginManage:310 - Check plugin updater
2024-05-05 19:05:36,745 [INFO] PluginManage:359 - Loaded plugin updater (category:base,tabindex:12)
2024-05-05 19:05:36,745 [INFO] PluginManage:310 - Check plugin userauth
2024-05-05 19:05:36,751 [INFO] UserAuth:114 - Init User Auth plugin
2024-05-05 19:05:36,751 [INFO] PluginManage:359 - Loaded plugin userauth (category:base,tabindex:14)
2024-05-05 19:05:36,751 [INFO] PluginManage:283 - PluginManage : Loaded plugins [17]
2024-05-05 19:05:36,989 [INFO] PinOutPanel:1561 - setPackage(No Configuration,No Configuration)
2024-05-05 19:05:37,058 [INFO] CADModel:165 - CPN selected for project level
2024-05-05 19:05:37,058 [INFO] CADModel:114 - Register for checkConnection events
2024-05-05 19:05:37,081 [INFO] IPUIPlugin:80 - create IPUIPlugin
2024-05-05 19:05:37,082 [INFO] PluginManager:220 - loadIPPluginJar : add adc
2024-05-05 19:05:37,110 [INFO] IPUIPlugin:80 - create IPUIPlugin
2024-05-05 19:05:37,110 [INFO] PluginManager:220 - loadIPPluginJar : add aes
2024-05-05 19:05:37,146 [INFO] IPUIPlugin:80 - create IPUIPlugin
2024-05-05 19:05:37,146 [INFO] PluginManager:220 - loadIPPluginJar : add can
2024-05-05 19:05:37,165 [INFO] IPUIPlugin:80 - create IPUIPlugin
2024-05-05 19:05:37,165 [INFO] PluginManager:220 - loadIPPluginJar : add comp
2024-05-05 19:05:37,193 [INFO] IPUIPlugin:80 - create IPUIPlugin
2024-05-05 19:05:37,193 [INFO] PluginManager:220 - loadIPPluginJar : add cryp
2024-05-05 19:05:37,217 [INFO] IPUIPlugin:80 - create IPUIPlugin
2024-05-05 19:05:37,217 [INFO] PluginManager:220 - loadIPPluginJar : add dfsdm
2024-05-05 19:05:37,230 [INFO] IPUIPlugin:80 - create IPUIPlugin
2024-05-05 19:05:37,230 [INFO] PluginManager:220 - loadIPPluginJar : add dma
2024-05-05 19:05:37,263 [INFO] IPUIPlugin:80 - create IPUIPlugin
2024-05-05 19:05:37,263 [INFO] PluginManager:220 - loadIPPluginJar : add dma3
2024-05-05 19:05:37,297 [INFO] IPUIPlugin:80 - create IPUIPlugin
2024-05-05 19:05:37,297 [INFO] PluginManager:220 - loadIPPluginJar : add extmemmanager
2024-05-05 19:05:37,313 [INFO] IPUIPlugin:80 - create IPUIPlugin
2024-05-05 19:05:37,313 [INFO] PluginManager:220 - loadIPPluginJar : add fatfs
2024-05-05 19:05:37,350 [INFO] IPUIPlugin:80 - create IPUIPlugin
2024-05-05 19:05:37,350 [INFO] PluginManager:220 - loadIPPluginJar : add fmc
2024-05-05 19:05:37,369 [INFO] IPUIPlugin:80 - create IPUIPlugin
2024-05-05 19:05:37,369 [INFO] PluginManager:220 - loadIPPluginJar : add freertos
2024-05-05 19:05:37,385 [INFO] IPUIPlugin:80 - create IPUIPlugin
2024-05-05 19:05:37,385 [INFO] PluginManager:220 - loadIPPluginJar : add genericplugin
2024-05-05 19:05:37,451 [INFO] IPUIPlugin:80 - create IPUIPlugin
2024-05-05 19:05:37,451 [INFO] PluginManager:220 - loadIPPluginJar : add gfxmmu
2024-05-05 19:05:37,545 [INFO] IPUIPlugin:80 - create IPUIPlugin
2024-05-05 19:05:37,545 [INFO] PluginManager:220 - loadIPPluginJar : add gic
2024-05-05 19:05:37,556 [INFO] IPUIPlugin:80 - create IPUIPlugin
2024-05-05 19:05:37,556 [INFO] PluginManager:220 - loadIPPluginJar : add gpio
2024-05-05 19:05:37,627 [INFO] IPUIPlugin:80 - create IPUIPlugin
2024-05-05 19:05:37,627 [INFO] PluginManager:220 - loadIPPluginJar : add gtzc
2024-05-05 19:05:37,652 [INFO] IPUIPlugin:80 - create IPUIPlugin
2024-05-05 19:05:37,652 [INFO] PluginManager:220 - loadIPPluginJar : add hash
2024-05-05 19:05:37,688 [INFO] IPUIPlugin:80 - create IPUIPlugin
2024-05-05 19:05:37,688 [INFO] PluginManager:220 - loadIPPluginJar : add i2c
2024-05-05 19:05:37,718 [INFO] IPUIPlugin:80 - create IPUIPlugin
2024-05-05 19:05:37,718 [INFO] PluginManager:220 - loadIPPluginJar : add i2s
2024-05-05 19:05:37,749 [INFO] IPUIPlugin:80 - create IPUIPlugin
2024-05-05 19:05:37,749 [INFO] PluginManager:220 - loadIPPluginJar : add i3c
2024-05-05 19:05:37,831 [INFO] IPUIPlugin:80 - create IPUIPlugin
2024-05-05 19:05:37,831 [INFO] PluginManager:220 - loadIPPluginJar : add ipddr
2024-05-05 19:05:37,895 [INFO] IPUIPlugin:80 - create IPUIPlugin
2024-05-05 19:05:37,895 [INFO] PluginManager:220 - loadIPPluginJar : add linkedlist
2024-05-05 19:05:37,926 [INFO] IPUIPlugin:80 - create IPUIPlugin
2024-05-05 19:05:37,926 [INFO] PluginManager:220 - loadIPPluginJar : add lorawan
2024-05-05 19:05:37,954 [INFO] IPUIPlugin:80 - create IPUIPlugin
2024-05-05 19:05:37,954 [INFO] PluginManager:220 - loadIPPluginJar : add ltdc
2024-05-05 19:05:37,968 [INFO] IPUIPlugin:80 - create IPUIPlugin
2024-05-05 19:05:37,968 [INFO] PluginManager:220 - loadIPPluginJar : add mdma
2024-05-05 19:05:37,978 [INFO] IPUIPlugin:80 - create IPUIPlugin
2024-05-05 19:05:37,979 [INFO] PluginManager:220 - loadIPPluginJar : add nvic
2024-05-05 19:05:38,007 [INFO] IPUIPlugin:80 - create IPUIPlugin
2024-05-05 19:05:38,007 [INFO] PluginManager:220 - loadIPPluginJar : add opamp
2024-05-05 19:05:38,050 [INFO] IPUIPlugin:80 - create IPUIPlugin
2024-05-05 19:05:38,050 [INFO] PluginManager:220 - loadIPPluginJar : add openamp
2024-05-05 19:05:38,081 [INFO] IPUIPlugin:80 - create IPUIPlugin
2024-05-05 19:05:38,081 [INFO] PluginManager:220 - loadIPPluginJar : add pdm2pcm
2024-05-05 19:05:38,095 [INFO] IPUIPlugin:80 - create IPUIPlugin
2024-05-05 19:05:38,097 [INFO] PluginManager:220 - loadIPPluginJar : add plateformsettings
2024-05-05 19:05:38,116 [INFO] IPUIPlugin:80 - create IPUIPlugin
2024-05-05 19:05:38,116 [INFO] PluginManager:220 - loadIPPluginJar : add quadspi
2024-05-05 19:05:38,129 [INFO] IPUIPlugin:80 - create IPUIPlugin
2024-05-05 19:05:38,129 [INFO] PluginManager:220 - loadIPPluginJar : add resmgrutility
2024-05-05 19:05:38,166 [INFO] IPUIPlugin:80 - create IPUIPlugin
2024-05-05 19:05:38,166 [INFO] PluginManager:220 - loadIPPluginJar : add sai
2024-05-05 19:05:38,193 [INFO] IPUIPlugin:80 - create IPUIPlugin
2024-05-05 19:05:38,193 [INFO] PluginManager:220 - loadIPPluginJar : add spi
2024-05-05 19:05:38,243 [INFO] IPUIPlugin:80 - create IPUIPlugin
2024-05-05 19:05:38,244 [INFO] PluginManager:220 - loadIPPluginJar : add stm32_wpan
2024-05-05 19:05:38,261 [INFO] IPUIPlugin:80 - create IPUIPlugin
2024-05-05 19:05:38,261 [INFO] PluginManager:220 - loadIPPluginJar : add tim
2024-05-05 19:05:38,306 [INFO] IPUIPlugin:80 - create IPUIPlugin
2024-05-05 19:05:38,306 [INFO] PluginManager:220 - loadIPPluginJar : add touchsensing
2024-05-05 19:05:38,322 [INFO] IPUIPlugin:80 - create IPUIPlugin
2024-05-05 19:05:38,322 [INFO] PluginManager:220 - loadIPPluginJar : add tracer_emb
2024-05-05 19:05:38,338 [INFO] IPUIPlugin:80 - create IPUIPlugin
2024-05-05 19:05:38,338 [INFO] PluginManager:220 - loadIPPluginJar : add ts
2024-05-05 19:05:38,354 [INFO] IPUIPlugin:80 - create IPUIPlugin
2024-05-05 19:05:38,354 [INFO] PluginManager:220 - loadIPPluginJar : add tsc
2024-05-05 19:05:38,371 [INFO] IPUIPlugin:80 - create IPUIPlugin
2024-05-05 19:05:38,371 [INFO] PluginManager:220 - loadIPPluginJar : add ucpd
2024-05-05 19:05:38,404 [INFO] IPUIPlugin:80 - create IPUIPlugin
2024-05-05 19:05:38,404 [INFO] PluginManager:220 - loadIPPluginJar : add usart
2024-05-05 19:05:38,436 [INFO] IPUIPlugin:80 - create IPUIPlugin
2024-05-05 19:05:38,436 [INFO] PluginManager:220 - loadIPPluginJar : add usbx
2024-05-05 19:05:38,556 [INFO] CADModel:165 - CPN selected for project level
2024-05-05 19:05:38,557 [INFO] CADModel:114 - Register for checkConnection events
2024-05-05 19:05:38,557 [FATAL] Updater:308 - Updater called before beeing initialized
2024-05-05 19:05:38,557 [ERROR] CADModel:125 - Updater not yet initialized, retry later 
2024-05-05 19:05:38,702 [INFO] CADModel:165 - CPN selected for project level
2024-05-05 19:05:38,702 [INFO] CADModel:114 - Register for checkConnection events
2024-05-05 19:05:38,702 [FATAL] Updater:308 - Updater called before beeing initialized
2024-05-05 19:05:38,702 [ERROR] CADModel:125 - Updater not yet initialized, retry later 
2024-05-05 19:05:38,705 [FATAL] Updater:308 - Updater called before beeing initialized
2024-05-05 19:05:38,805 [FATAL] Updater:308 - Updater called before beeing initialized
2024-05-05 19:05:38,815 [INFO] DbMcusAds:53 - JSON generation date=Wed Nov 29 16:22:27 IST 2023 (1701255147349)
2024-05-05 19:05:38,815 [FATAL] Updater:308 - Updater called before beeing initialized
2024-05-05 19:05:38,887 [WARN] DetailPanel:346 - Failed to get advertising image, set to default
2024-05-05 19:05:38,983 [FATAL] Updater:308 - Updater called before beeing initialized
2024-05-05 19:05:38,985 [FATAL] Updater:308 - Updater called before beeing initialized
2024-05-05 19:05:38,985 [FATAL] Updater:308 - Updater called before beeing initialized
2024-05-05 19:05:38,985 [WARN] DetailPanel:346 - Failed to get advertising image, set to default
2024-05-05 19:05:38,986 [FATAL] Updater:308 - Updater called before beeing initialized
2024-05-05 19:05:39,066 [ERROR] Updater:1120 - MainUpdater not yet initialized. External WinMGr cannot be set.
2024-05-05 19:05:39,077 [INFO] Updater:1056 - Updater Version found : 6.11.0
2024-05-05 19:05:39,098 [INFO] ApplicationProperties:184 - Using Application install path: D:\STM32\STM32CubeIDE_1.15.0\STM32CubeIDE\plugins\com.st.stm32cube.common.mx_6.11.0.202403141607
2024-05-05 19:05:39,511 [INFO] ThirdPartyUpdaterWithRetryManager:70 - Updater plugin not ready yet. [2/15]
2024-05-05 19:05:40,678 [ERROR] LogOutputStream:75 - [STDERR_REDIRECT] May 05, 2024 7:05:40 PM java.util.prefs.WindowsPreferences <init>
2024-05-05 19:05:40,679 [ERROR] LogOutputStream:75 - [STDERR_REDIRECT] WARNING: Could not open/create prefs root node Software\JavaSoft\Prefs at root 0xffffffff80000002. Windows RegCreateKeyEx(...) returned error code 5.
2024-05-05 19:05:40,679 [ERROR] LogOutputStream:75 - [STDERR_REDIRECT] 
2024-05-05 19:05:41,154 [INFO] MainUpdater:2873 - connection check result : 10
2024-05-05 19:05:41,155 [INFO] MainUpdater:3567 - Updater definition file requires update
2024-05-05 19:05:41,157 [INFO] MainUpdater:290 - Updater Check For Update Now.
2024-05-05 19:05:41,157 [INFO] MicroXplorer:498 - Change Database Version : DB.6.0.110
2024-05-05 19:05:41,182 [INFO] McuFinderGlobals:63 - Set McuFinder mode to 2 (CubeIDE integrated)
2024-05-05 19:05:41,201 [INFO] UserAuth:415 - Internet connection configuration mode: 1
2024-05-05 19:05:41,238 [INFO] JxBrowserEngine:152 - Initiate JxBrowser Engine with user profile folder
2024-05-05 19:05:42,513 [WARN] MainUpdater:1194 - Updater busy. Cannot search thirdparties
2024-05-05 19:05:42,513 [INFO] ThirdPartyUpdaterWithRetryManager:96 - Updater plugin is busy. [1/15]
2024-05-05 19:05:43,028 [INFO] ServerAccessManage:473 - Download File updaters.zip
2024-05-05 19:05:43,198 [INFO] FileExtend:240 - Unzip File : updaters.zip
2024-05-05 19:05:43,199 [INFO] FileExtend:255 - Standard Zip Deflate
2024-05-05 19:05:44,620 [INFO] ServerAccessManage:473 - Download File PacksControlFlags.xml
2024-05-05 19:05:44,734 [INFO] ServerAccessManage:473 - Download File cubemx.pidx
2024-05-05 19:05:44,836 [INFO] LoadServerUpdatesThread:375 - End of LoadServerUpdate Thread
2024-05-05 19:05:44,996 [INFO] CheckServerUpdateThread:120 - End of CheckServer Thread
2024-05-05 19:05:46,007 [WARN] PackLoader:240 - Cannot read IP mode file for STMicroelectronics.FP-SNS-MOTENVWB1.1.4.0
2024-05-05 19:05:46,033 [WARN] PackLoader:240 - Cannot read IP mode file for STMicroelectronics.X-CUBE-SMBUS.2.1.0
2024-05-05 19:05:46,050 [WARN] PackLoader:240 - Cannot read IP mode file for STMicroelectronics.X-CUBE-TOUCHGFX.4.23.1
2024-05-05 19:05:46,063 [WARN] PackLoader:240 - Cannot read IP mode file for STMicroelectronics.X-CUBE-TOUCHGFX.4.23.0
2024-05-05 19:05:46,076 [WARN] PackLoader:240 - Cannot read IP mode file for STMicroelectronics.X-CUBE-TOUCHGFX.4.23.2
2024-05-05 19:05:46,126 [WARN] PackLoader:240 - Cannot read IP mode file for STMicroelectronics.X-CUBE-AZRTOS-F7.1.1.0
2024-05-05 19:05:46,145 [WARN] PackLoader:240 - Cannot read IP mode file for STMicroelectronics.FP-SNS-MOTENV1.4.3.2
2024-05-05 19:05:46,160 [WARN] PackLoader:240 - Cannot read IP mode file for STMicroelectronics.FP-SNS-FLIGHT1.5.0.2
2024-05-05 19:05:46,181 [WARN] PackLoader:240 - Cannot read IP mode file for STMicroelectronics.X-CUBE-DISPLAY.3.0.0
2024-05-05 19:05:46,203 [WARN] PackLoader:240 - Cannot read IP mode file for STMicroelectronics.X-CUBE-BLE1.7.0.0
2024-05-05 19:05:46,218 [WARN] PackLoader:240 - Cannot read IP mode file for emotas.I-CUBE-CANOPEN.1.3.0
2024-05-05 19:05:46,238 [WARN] PackLoader:240 - Cannot read IP mode file for STMicroelectronics.X-CUBE-BLEMGR.3.1.0
2024-05-05 19:05:46,253 [WARN] PackLoader:240 - Cannot read IP mode file for STMicroelectronics.FP-SNS-SMARTAG2.1.2.0
2024-05-05 19:05:46,273 [INFO] LogOutputStream:77 - [STDOUT_REDIRECT] 1 : Invalid condition id : UX_CORESTACK_Condition cause : null
2024-05-05 19:05:46,273 [INFO] LogOutputStream:77 - [STDOUT_REDIRECT] 1 : Invalid condition id : UX_CORESTACK_Condition cause : null
2024-05-05 19:05:46,274 [INFO] LogOutputStream:77 - [STDOUT_REDIRECT] 1 : Invalid condition id : UX_CORESTACK_Condition cause : null
2024-05-05 19:05:46,274 [INFO] LogOutputStream:77 - [STDOUT_REDIRECT] 1 : Invalid condition id : UX_CORESTACK_Condition cause : null
2024-05-05 19:05:46,275 [INFO] LogOutputStream:77 - [STDOUT_REDIRECT] 1 : Invalid condition id : UX_CORESTACK_Condition cause : null
2024-05-05 19:05:46,278 [WARN] PackLoader:240 - Cannot read IP mode file for STMicroelectronics.X-CUBE-AZRTOS-WL.2.0.0
2024-05-05 19:05:46,278 [INFO] WebApp:161 - Instantiating new browser for Auth
2024-05-05 19:05:46,291 [WARN] PackLoader:240 - Cannot read IP mode file for STMicroelectronics.FP-SNS-MOTENV1.5.0.0
2024-05-05 19:05:46,316 [WARN] PackLoader:240 - Cannot read IP mode file for WES.I-CUBE-Cesium.1.3.0
2024-05-05 19:05:46,332 [WARN] PackLoader:240 - Cannot read IP mode file for STMicroelectronics.X-CUBE-BLE2.3.3.0
2024-05-05 19:05:46,347 [WARN] PackLoader:240 - Cannot read IP mode file for STMicroelectronics.X-CUBE-TCPP.4.1.0
2024-05-05 19:05:46,362 [WARN] PackLoader:240 - Cannot read IP mode file for STMicroelectronics.X-CUBE-ALGOBUILD.1.3.0
2024-05-05 19:05:46,389 [WARN] PackLoader:240 - Cannot read IP mode file for STMicroelectronics.X-CUBE-AZRTOS-G0.1.1.0
2024-05-05 19:05:46,411 [WARN] PackLoader:240 - Cannot read IP mode file for STMicroelectronics.X-CUBE-SAFEA1.1.2.2
2024-05-05 19:05:46,427 [WARN] PackLoader:240 - Cannot read IP mode file for STMicroelectronics.X-CUBE-NFC4.3.0.0
2024-05-05 19:05:46,444 [WARN] PackLoader:240 - Cannot read IP mode file for STMicroelectronics.FP-ATR-SIGFOX1.3.2.0
2024-05-05 19:05:46,463 [WARN] PackLoader:240 - Cannot read IP mode file for STMicroelectronics.X-CUBE-EEPRMA1.5.1.0
2024-05-05 19:05:46,505 [WARN] PackLoader:240 - Cannot read IP mode file for SEGGER.I-CUBE-embOS.1.3.1
2024-05-05 19:05:46,556 [WARN] PackLoader:240 - Cannot read IP mode file for STMicroelectronics.X-CUBE-GNSS1.6.0.0
2024-05-05 19:05:46,591 [WARN] PackLoader:240 - Cannot read IP mode file for STMicroelectronics.X-CUBE-AZRTOS-F4.1.1.0
2024-05-05 19:05:46,608 [WARN] PackLoader:240 - Cannot read IP mode file for STMicroelectronics.X-CUBE-FREERTOS.1.2.0
2024-05-05 19:05:46,621 [WARN] PackLoader:240 - Cannot read IP mode file for wolfSSL.I-CUBE-wolfSSL.5.6.6
2024-05-05 19:05:46,651 [WARN] PackLoader:240 - Cannot read IP mode file for STMicroelectronics.X-CUBE-AZRTOS-L5.2.0.0
2024-05-05 19:05:46,667 [WARN] PackLoader:240 - Cannot read IP mode file for STMicroelectronics.X-CUBE-NFC6.3.1.0
2024-05-05 19:05:46,684 [WARN] PackLoader:240 - Cannot read IP mode file for ITTIA_DB.I-CUBE-ITTIADB.8.8.0
2024-05-05 19:05:46,697 [WARN] PackLoader:240 - Cannot read IP mode file for STMicroelectronics.X-CUBE-AI.9.0.0
2024-05-05 19:05:46,710 [WARN] PackLoader:240 - Cannot read IP mode file for STMicroelectronics.X-CUBE-NFC7.1.0.1
2024-05-05 19:05:46,721 [WARN] PackLoader:240 - Cannot read IP mode file for STMicroelectronics.X-CUBE-AI.8.1.0
2024-05-05 19:05:46,752 [WARN] ConditionMgr:438 - getConditionDescription Invalid condition id : LAN8742 Phy interface Condition cause : null
2024-05-05 19:05:46,753 [WARN] PackLoader:240 - Cannot read IP mode file for STMicroelectronics.X-CUBE-AZRTOS-L4.2.0.0
2024-05-05 19:05:46,755 [WARN] ConditionMgr:1039 - genDependencies : Invalid condition id : LAN8742 Phy interface Condition cause : null
2024-05-05 19:05:46,756 [WARN] ConditionMgr:1039 - genDependencies : Invalid condition id : LAN8742 Phy interface Condition cause : null
2024-05-05 19:05:46,756 [WARN] ConditionMgr:1039 - genDependencies : Invalid condition id : LAN8742 Phy interface Condition cause : null
2024-05-05 19:05:46,775 [WARN] PackLoader:240 - Cannot read IP mode file for STMicroelectronics.X-CUBE-SFXS2LP1.4.0.0
2024-05-05 19:05:46,810 [WARN] ConditionMgr:438 - getConditionDescription Invalid condition id : UX DEVICE CLASS RTOS Condition cause : null
2024-05-05 19:05:46,810 [WARN] ConditionMgr:438 - getConditionDescription Invalid condition id : UX DEVICE CLASS RTOS Condition cause : null
2024-05-05 19:05:46,811 [WARN] PackLoader:240 - Cannot read IP mode file for STMicroelectronics.X-CUBE-AZRTOS-WB.2.0.0
2024-05-05 19:05:46,811 [WARN] ConditionMgr:1039 - genDependencies : Invalid condition id : UX DEVICE CLASS RTOS Condition cause : null
2024-05-05 19:05:46,811 [WARN] ConditionMgr:1039 - genDependencies : Invalid condition id : UX DEVICE CLASS RTOS Condition cause : null
2024-05-05 19:05:46,812 [WARN] ConditionMgr:1039 - genDependencies : Invalid condition id : UX DEVICE CLASS RTOS Condition cause : null
2024-05-05 19:05:46,812 [WARN] ConditionMgr:1039 - genDependencies : Invalid condition id : UX DEVICE CLASS RTOS Condition cause : null
2024-05-05 19:05:46,813 [WARN] ConditionMgr:1039 - genDependencies : Invalid condition id : UX DEVICE CLASS RTOS Condition cause : null
2024-05-05 19:05:46,836 [WARN] PackLoader:240 - Cannot read IP mode file for STMicroelectronics.X-CUBE-SUBG2.5.0.0
2024-05-05 19:05:46,875 [WARN] PackLoader:240 - Cannot read IP mode file for STMicroelectronics.X-CUBE-AZRTOS-G4.2.0.0
2024-05-05 19:05:46,897 [WARN] PackLoader:240 - Cannot read IP mode file for Infineon.AIROC-Wi-Fi-Bluetooth-STM32.1.5.1
2024-05-05 19:05:46,912 [WARN] PackLoader:240 - Cannot read IP mode file for STMicroelectronics.FP-SNS-MOTENVWB1.1.3.1
2024-05-05 19:05:46,927 [WARN] PackLoader:240 - Cannot read IP mode file for STMicroelectronics.X-CUBE-ISPU.2.0.0
2024-05-05 19:05:46,968 [WARN] PackLoader:240 - Cannot read IP mode file for STMicroelectronics.X-CUBE-MEMS1.10.0.0
2024-05-05 19:05:47,037 [INFO] WebApp:779 - Register for checkConnection events
2024-05-05 19:05:47,037 [INFO] WebApp:414 - Apply proxy settings
2024-05-05 19:05:47,037 [INFO] WebApp:499 - Chromium requires no authentication
2024-05-05 19:05:47,051 [INFO] WebApp:442 - Direct internet connection detected
2024-05-05 19:05:47,064 [WARN] PackLoader:240 - Cannot read IP mode file for STMicroelectronics.X-CUBE-FREERTOS.1.1.0
2024-05-05 19:05:47,078 [WARN] PackLoader:240 - Cannot read IP mode file for portGmbH.I-Cube-SoM-uGOAL.1.1.0
2024-05-05 19:05:47,089 [WARN] PackLoader:240 - Cannot read IP mode file for STMicroelectronics.X-CUBE-ALS.1.0.1
2024-05-05 19:05:47,114 [WARN] PackLoader:240 - Cannot read IP mode file for STMicroelectronics.X-CUBE-AZRTOS-H7RS.1.0.0
2024-05-05 19:05:47,127 [WARN] PackLoader:240 - Cannot read IP mode file for STMicroelectronics.FP-ATR-ASTRA1.2.0.0
2024-05-05 19:05:47,147 [WARN] PackLoader:240 - Cannot read IP mode file for STMicroelectronics.X-CUBE-TOF1.3.4.1
2024-05-05 19:05:47,180 [WARN] PackLoader:240 - Cannot read IP mode file for STMicroelectronics.X-CUBE-AZRTOS-H7.3.2.0
2024-05-05 19:05:47,183 [INFO] ThirdParty:978 - Integrity check success = true
2024-05-05 19:05:47,183 [INFO] IntegrityCheckThread:100 - exiting critical section [integrity check]
2024-05-05 19:05:47,183 [INFO] IntegrityCheckThread:103 - End integrity checks thread
2024-05-05 19:05:47,306 [INFO] WebApp:192 - Starting web application
2024-05-05 19:05:47,306 [INFO] WebApp:544 - Web application path used D:\STM32\STM32CubeIDE_1.15.0\STM32CubeIDE\plugins\com.st.stm32cube.common.mx_6.11.0.202403141607\db\plugins\mcufinder\reactClient1\index.html
2024-05-05 19:39:32,930 [INFO] WebApp:354 - JxBrowser engine has been closed 
2024-05-05 21:14:26,713 [ERROR] ConfigurationRetriever:142 - IOException on connection: sw-center.st.com
2024-05-05 21:14:26,713 [ERROR] ConfigurationRetriever:142 - IOException on connection: sw-center.st.com
2024-05-05 21:14:26,713 [ERROR] ConfigurationRetriever:142 - IOException on connection: sw-center.st.com
2024-05-05 21:14:28,245 [ERROR] LogOutputStream:75 - [STDERR_REDIRECT] 
