2024-05-21 09:54:51,975 [INFO] UtilMem:75 - End SaveConfig() Used Memory: 738086112 Bytes (1073741824)
2024-05-21 09:54:52,612 [INFO] UtilMem:75 - End SaveConfig() Used Memory: 823020624 Bytes (1073741824)
2024-05-21 09:54:52,996 [INFO] BlockDiagram:2759 - set Specific Code input for plugin: TIM1_8L4
2024-05-21 09:54:52,996 [INFO] BlockDiagram:2759 - set Specific Code input for plugin: SYS
2024-05-21 09:54:52,996 [INFO] BlockDiagram:2759 - set Specific Code input for plugin: RCC
2024-05-21 09:54:52,996 [INFO] BlockDiagram:2759 - set Specific Code input for plugin: NVIC
2024-05-21 09:54:52,996 [INFO] BlockDiagram:2759 - set Specific Code input for plugin: GPIO
2024-05-21 09:54:52,998 [INFO] CodeGenerator:807 - code generatio: config db path: D:\STM32\STM32CubeIDE_1.15.0\STM32CubeIDE\plugins\com.st.stm32cube.common.mx_6.11.0.202403141607\\db\
2024-05-21 09:54:53,138 [INFO] CodeEngine:255 - oldGeneratedFile, D:\STM32\WorkSpace\9.3_TIM_SYSTICK\MXTmpFiles\license.tmp_save
2024-05-21 09:54:53,324 [INFO] CodeEngine:279 - Generated code: D:\STM32\WorkSpace\9.3_TIM_SYSTICK\MXTmpFiles\license.tmp
2024-05-21 09:54:53,349 [INFO] CodeEngine:255 - oldGeneratedFile, D:\STM32\WorkSpace\9.3_TIM_SYSTICK\MXTmpFiles\gpio.tmp_save
2024-05-21 09:54:53,492 [INFO] CodeEngine:279 - Generated code: D:\STM32\WorkSpace\9.3_TIM_SYSTICK\MXTmpFiles\gpio.tmp
2024-05-21 09:54:53,582 [INFO] CodeEngine:255 - oldGeneratedFile, D:\STM32\WorkSpace\9.3_TIM_SYSTICK\Core\Src\stm32l4xx_it.c_save
2024-05-21 09:54:53,754 [INFO] CodeEngine:279 - Generated code: D:\STM32\WorkSpace\9.3_TIM_SYSTICK\Core\Src\stm32l4xx_it.c
2024-05-21 09:54:53,758 [INFO] CodeEngine:255 - oldGeneratedFile, D:\STM32\WorkSpace\9.3_TIM_SYSTICK\Core\Inc\stm32l4xx_it.h_save
2024-05-21 09:54:53,850 [INFO] CodeEngine:279 - Generated code: D:\STM32\WorkSpace\9.3_TIM_SYSTICK\Core\Inc\stm32l4xx_it.h
2024-05-21 09:54:53,869 [INFO] CodeEngine:255 - oldGeneratedFile, D:\STM32\WorkSpace\9.3_TIM_SYSTICK\Core\Src\stm32l4xx_hal_msp.c_save
2024-05-21 09:54:54,019 [INFO] CodeEngine:279 - Generated code: D:\STM32\WorkSpace\9.3_TIM_SYSTICK\Core\Src\stm32l4xx_hal_msp.c
2024-05-21 09:54:54,023 [INFO] CodeEngine:255 - oldGeneratedFile, D:\STM32\WorkSpace\9.3_TIM_SYSTICK\MXTmpFiles\system.tmp_save
2024-05-21 09:54:54,100 [INFO] CodeEngine:279 - Generated code: D:\STM32\WorkSpace\9.3_TIM_SYSTICK\MXTmpFiles\system.tmp
2024-05-21 09:54:54,117 [INFO] CodeEngine:311 - oldGeneratedFile, D:\STM32\WorkSpace\9.3_TIM_SYSTICK\Core\Inc\stm32l4xx_hal_conf.h_save
2024-05-21 09:54:54,241 [INFO] CodeEngine:335 - Generated code: D:\STM32\WorkSpace\9.3_TIM_SYSTICK\Core\Inc\stm32l4xx_hal_conf.h
2024-05-21 09:54:54,275 [WARN] IPConfigManager:3513 - IP not found : TIM
2024-05-21 09:54:54,275 [WARN] CodeGenerator:3951 - IP not found : null
2024-05-21 09:54:54,293 [INFO] CodeEngine:255 - oldGeneratedFile, D:\STM32\WorkSpace\9.3_TIM_SYSTICK\Core\Inc\main.h_save
2024-05-21 09:54:54,429 [INFO] CodeEngine:279 - Generated code: D:\STM32\WorkSpace\9.3_TIM_SYSTICK\Core\Inc\main.h
2024-05-21 09:54:54,444 [INFO] CodeEngine:255 - oldGeneratedFile, D:\STM32\WorkSpace\9.3_TIM_SYSTICK\Core\Src\main.c_save
2024-05-21 09:54:54,582 [INFO] CodeEngine:279 - Generated code: D:\STM32\WorkSpace\9.3_TIM_SYSTICK\Core\Src\main.c
2024-05-21 09:54:55,058 [INFO] ProjectBuilder:3163 - Time for Copy HAL[1] : 264mS.
2024-05-21 09:54:55,062 [INFO] ProjectBuilder:4736 - Project Generator version: 4.3.0-B58
2024-05-21 09:54:55,193 [INFO] ConfigFileManager:1503 - The Die is : DIE415
2024-05-21 09:54:56,264 [INFO] ProjectBuilder:5002 - Time for Generating toolchain IDE Files: 1202mS.
2024-05-21 09:54:56,265 [INFO] ProjectBuilder:3034 - Time for Copy CMSIS : 1mS.
2024-05-21 09:54:56,268 [INFO] ProjectBuilder:3034 - Time for Copy CMSIS : 0mS.
2024-05-21 09:55:34,551 [ERROR] ConfigurationRetriever:142 - IOException on connection: Read timed out
2024-05-21 10:05:42,673 [INFO] UtilMem:75 - End SaveConfig() Used Memory: 905993560 Bytes (1073741824)
2024-05-21 10:05:43,432 [INFO] UtilMem:75 - End SaveConfig() Used Memory: 820742384 Bytes (1073741824)
2024-05-21 10:05:43,668 [INFO] BlockDiagram:2759 - set Specific Code input for plugin: SYS
2024-05-21 10:05:43,668 [INFO] BlockDiagram:2759 - set Specific Code input for plugin: RCC
2024-05-21 10:05:43,668 [INFO] BlockDiagram:2759 - set Specific Code input for plugin: NVIC
2024-05-21 10:05:43,668 [INFO] BlockDiagram:2759 - set Specific Code input for plugin: GPIO
2024-05-21 10:05:43,669 [INFO] CodeGenerator:807 - code generatio: config db path: D:\STM32\STM32CubeIDE_1.15.0\STM32CubeIDE\plugins\com.st.stm32cube.common.mx_6.11.0.202403141607\\db\
2024-05-21 10:05:43,732 [INFO] CodeEngine:255 - oldGeneratedFile, D:\STM32\WorkSpace\9.3_TIM_SYSTICK\MXTmpFiles\license.tmp_save
2024-05-21 10:05:43,824 [INFO] CodeEngine:279 - Generated code: D:\STM32\WorkSpace\9.3_TIM_SYSTICK\MXTmpFiles\license.tmp
2024-05-21 10:05:43,835 [INFO] CodeEngine:255 - oldGeneratedFile, D:\STM32\WorkSpace\9.3_TIM_SYSTICK\MXTmpFiles\gpio.tmp_save
2024-05-21 10:05:43,952 [INFO] CodeEngine:279 - Generated code: D:\STM32\WorkSpace\9.3_TIM_SYSTICK\MXTmpFiles\gpio.tmp
2024-05-21 10:05:43,977 [INFO] CodeEngine:255 - oldGeneratedFile, D:\STM32\WorkSpace\9.3_TIM_SYSTICK\Core\Src\stm32l4xx_it.c_save
2024-05-21 10:05:44,143 [INFO] CodeEngine:279 - Generated code: D:\STM32\WorkSpace\9.3_TIM_SYSTICK\Core\Src\stm32l4xx_it.c
2024-05-21 10:05:44,152 [INFO] CodeEngine:255 - oldGeneratedFile, D:\STM32\WorkSpace\9.3_TIM_SYSTICK\Core\Inc\stm32l4xx_it.h_save
2024-05-21 10:05:44,212 [INFO] CodeEngine:279 - Generated code: D:\STM32\WorkSpace\9.3_TIM_SYSTICK\Core\Inc\stm32l4xx_it.h
2024-05-21 10:05:44,228 [INFO] CodeEngine:255 - oldGeneratedFile, D:\STM32\WorkSpace\9.3_TIM_SYSTICK\Core\Src\stm32l4xx_hal_msp.c_save
2024-05-21 10:05:44,342 [INFO] CodeEngine:279 - Generated code: D:\STM32\WorkSpace\9.3_TIM_SYSTICK\Core\Src\stm32l4xx_hal_msp.c
2024-05-21 10:05:44,345 [INFO] CodeEngine:255 - oldGeneratedFile, D:\STM32\WorkSpace\9.3_TIM_SYSTICK\MXTmpFiles\system.tmp_save
2024-05-21 10:05:44,410 [INFO] CodeEngine:279 - Generated code: D:\STM32\WorkSpace\9.3_TIM_SYSTICK\MXTmpFiles\system.tmp
2024-05-21 10:05:44,425 [INFO] CodeEngine:311 - oldGeneratedFile, D:\STM32\WorkSpace\9.3_TIM_SYSTICK\Core\Inc\stm32l4xx_hal_conf.h_save
2024-05-21 10:05:44,522 [INFO] CodeEngine:335 - Generated code: D:\STM32\WorkSpace\9.3_TIM_SYSTICK\Core\Inc\stm32l4xx_hal_conf.h
2024-05-21 10:05:44,563 [INFO] CodeEngine:255 - oldGeneratedFile, D:\STM32\WorkSpace\9.3_TIM_SYSTICK\Core\Inc\main.h_save
2024-05-21 10:05:44,672 [INFO] CodeEngine:279 - Generated code: D:\STM32\WorkSpace\9.3_TIM_SYSTICK\Core\Inc\main.h
2024-05-21 10:05:44,684 [INFO] CodeEngine:255 - oldGeneratedFile, D:\STM32\WorkSpace\9.3_TIM_SYSTICK\Core\Src\main.c_save
2024-05-21 10:05:44,795 [INFO] CodeEngine:279 - Generated code: D:\STM32\WorkSpace\9.3_TIM_SYSTICK\Core\Src\main.c
2024-05-21 10:05:45,187 [INFO] ProjectBuilder:3163 - Time for Copy HAL[1] : 194mS.
2024-05-21 10:05:45,191 [INFO] ProjectBuilder:4736 - Project Generator version: 4.3.0-B58
2024-05-21 10:05:45,314 [INFO] ConfigFileManager:1503 - The Die is : DIE415
2024-05-21 10:05:46,087 [INFO] ProjectBuilder:5002 - Time for Generating toolchain IDE Files: 895mS.
2024-05-21 10:05:46,088 [INFO] ProjectBuilder:3034 - Time for Copy CMSIS : 0mS.
2024-05-21 10:05:46,090 [INFO] ProjectBuilder:3034 - Time for Copy CMSIS : 0mS.
2024-05-21 10:06:32,085 [INFO] UtilMem:75 - End SaveConfig() Used Memory: 808597752 Bytes (1073741824)
2024-05-21 10:06:32,764 [INFO] UtilMem:75 - End SaveConfig() Used Memory: 880284768 Bytes (1073741824)
2024-05-21 10:06:33,151 [INFO] BlockDiagram:2759 - set Specific Code input for plugin: SYS
2024-05-21 10:06:33,151 [INFO] BlockDiagram:2759 - set Specific Code input for plugin: RCC
2024-05-21 10:06:33,151 [INFO] BlockDiagram:2759 - set Specific Code input for plugin: NVIC
2024-05-21 10:06:33,152 [INFO] BlockDiagram:2759 - set Specific Code input for plugin: GPIO
2024-05-21 10:06:33,153 [INFO] CodeGenerator:807 - code generatio: config db path: D:\STM32\STM32CubeIDE_1.15.0\STM32CubeIDE\plugins\com.st.stm32cube.common.mx_6.11.0.202403141607\\db\
2024-05-21 10:06:33,285 [INFO] CodeEngine:255 - oldGeneratedFile, D:\STM32\WorkSpace\9.3_TIM_SYSTICK\MXTmpFiles\license.tmp_save
2024-05-21 10:06:33,441 [INFO] CodeEngine:279 - Generated code: D:\STM32\WorkSpace\9.3_TIM_SYSTICK\MXTmpFiles\license.tmp
2024-05-21 10:06:33,461 [INFO] CodeEngine:255 - oldGeneratedFile, D:\STM32\WorkSpace\9.3_TIM_SYSTICK\MXTmpFiles\gpio.tmp_save
2024-05-21 10:06:33,616 [INFO] CodeEngine:279 - Generated code: D:\STM32\WorkSpace\9.3_TIM_SYSTICK\MXTmpFiles\gpio.tmp
2024-05-21 10:06:33,662 [INFO] CodeEngine:255 - oldGeneratedFile, D:\STM32\WorkSpace\9.3_TIM_SYSTICK\Core\Src\stm32l4xx_it.c_save
2024-05-21 10:06:33,787 [INFO] CodeEngine:279 - Generated code: D:\STM32\WorkSpace\9.3_TIM_SYSTICK\Core\Src\stm32l4xx_it.c
2024-05-21 10:06:33,800 [INFO] CodeEngine:255 - oldGeneratedFile, D:\STM32\WorkSpace\9.3_TIM_SYSTICK\Core\Inc\stm32l4xx_it.h_save
2024-05-21 10:06:33,874 [INFO] CodeEngine:279 - Generated code: D:\STM32\WorkSpace\9.3_TIM_SYSTICK\Core\Inc\stm32l4xx_it.h
2024-05-21 10:06:33,892 [INFO] CodeEngine:255 - oldGeneratedFile, D:\STM32\WorkSpace\9.3_TIM_SYSTICK\Core\Src\stm32l4xx_hal_msp.c_save
2024-05-21 10:06:34,027 [INFO] CodeEngine:279 - Generated code: D:\STM32\WorkSpace\9.3_TIM_SYSTICK\Core\Src\stm32l4xx_hal_msp.c
2024-05-21 10:06:34,031 [INFO] CodeEngine:255 - oldGeneratedFile, D:\STM32\WorkSpace\9.3_TIM_SYSTICK\MXTmpFiles\system.tmp_save
2024-05-21 10:06:34,122 [INFO] CodeEngine:279 - Generated code: D:\STM32\WorkSpace\9.3_TIM_SYSTICK\MXTmpFiles\system.tmp
2024-05-21 10:06:34,151 [INFO] CodeEngine:311 - oldGeneratedFile, D:\STM32\WorkSpace\9.3_TIM_SYSTICK\Core\Inc\stm32l4xx_hal_conf.h_save
2024-05-21 10:06:34,282 [INFO] CodeEngine:335 - Generated code: D:\STM32\WorkSpace\9.3_TIM_SYSTICK\Core\Inc\stm32l4xx_hal_conf.h
2024-05-21 10:06:34,323 [INFO] CodeEngine:255 - oldGeneratedFile, D:\STM32\WorkSpace\9.3_TIM_SYSTICK\Core\Inc\main.h_save
2024-05-21 10:06:34,411 [INFO] CodeEngine:279 - Generated code: D:\STM32\WorkSpace\9.3_TIM_SYSTICK\Core\Inc\main.h
2024-05-21 10:06:34,424 [INFO] CodeEngine:255 - oldGeneratedFile, D:\STM32\WorkSpace\9.3_TIM_SYSTICK\Core\Src\main.c_save
2024-05-21 10:06:34,554 [INFO] CodeEngine:279 - Generated code: D:\STM32\WorkSpace\9.3_TIM_SYSTICK\Core\Src\main.c
2024-05-21 10:06:34,926 [INFO] ProjectBuilder:3163 - Time for Copy HAL[1] : 146mS.
2024-05-21 10:06:34,929 [INFO] ProjectBuilder:4736 - Project Generator version: 4.3.0-B58
2024-05-21 10:06:35,014 [INFO] ConfigFileManager:1503 - The Die is : DIE415
2024-05-21 10:06:36,115 [INFO] ProjectBuilder:5002 - Time for Generating toolchain IDE Files: 1186mS.
2024-05-21 10:06:36,116 [INFO] ProjectBuilder:3034 - Time for Copy CMSIS : 1mS.
2024-05-21 10:06:36,118 [INFO] ProjectBuilder:3034 - Time for Copy CMSIS : 1mS.
2024-05-21 15:30:27,999 [INFO] MainUpdater:2873 - connection check result : 10
2024-05-21 15:30:28,174 [INFO] McuFinderGlobals:76 - Set McuFinderConnectedMode to true
2024-05-21 15:30:28,176 [INFO] MultiScanPanel:200 - Auto-refresh data requested => check proxy status ongoing
2024-05-21 15:30:28,177 [INFO] FinderPluginLoader:95 - Searching for filters in installed packs
2024-05-21 15:30:29,097 [INFO] LoadUrlFilesThread:185 - End of LoadServerUrlFiles without Thread
2024-05-21 15:30:29,098 [INFO] DetailPanel:341 - Set advertising image to C:/Users/DISHANT/STM32Cube/Repository/\en.prom-stm32h7rs-mcu-finder.jpg
2024-05-21 15:30:34,927 [INFO] MultiScanPanel:200 - Auto-refresh data requested => check proxy status ongoing
2024-05-21 15:30:34,989 [INFO] LoadUrlFilesThread:185 - End of LoadServerUrlFiles without Thread
2024-05-21 15:30:34,989 [INFO] DetailPanel:341 - Set advertising image to C:/Users/DISHANT/STM32Cube/Repository/\en.prom-stm32h7rs-mcu-finder.jpg
2024-05-21 15:30:40,666 [INFO] ApiDb:581 - Connected to CubeFinder SQLite database (C:\Users\DISHANT\.stmcufinder\plugins\mcufinder\mcu\cube-finder-db.db)
2024-05-21 15:31:47,515 [INFO] MainUpdater:2873 - connection check result : 10
2024-05-21 15:31:47,515 [INFO] MainUpdater:2873 - connection check result : 10
2024-05-21 15:31:47,649 [INFO] MicroXplorer:468 - Change Database Path : 
2024-05-21 15:31:47,649 [INFO] MicroXplorer:498 - Change Database Version : DB.6.0.110
2024-05-21 15:31:47,672 [ERROR] ProjectManagerView:394 - 
java.lang.NullPointerException: Cannot invoke "javax.swing.JTextField.getText()" because the return value of "java.util.List.get(int)" is null
	at com.st.microxplorer.plugins.projectmanager.gui.ProjectChoiceTab$10.caretUpdate(ProjectChoiceTab.java:2504) ~[filemanager.jar:?]
	at javax.swing.text.JTextComponent.fireCaretUpdate(JTextComponent.java:412) ~[?:?]
	at javax.swing.text.JTextComponent$MutableCaretEvent.fire(JTextComponent.java:4491) ~[?:?]
	at javax.swing.text.JTextComponent$MutableCaretEvent.stateChanged(JTextComponent.java:4513) ~[?:?]
	at javax.swing.text.DefaultCaret.fireStateChanged(DefaultCaret.java:842) ~[?:?]
	at javax.swing.text.DefaultCaret.changeCaretPosition(DefaultCaret.java:1313) ~[?:?]
	at javax.swing.text.DefaultCaret.handleSetDot(DefaultCaret.java:1212) ~[?:?]
	at javax.swing.text.DefaultCaret.setDot(DefaultCaret.java:1193) ~[?:?]
	at javax.swing.text.DefaultCaret$Handler.insertUpdate(DefaultCaret.java:1789) ~[?:?]
	at javax.swing.text.AbstractDocument.fireInsertUpdate(AbstractDocument.java:226) ~[?:?]
	at javax.swing.text.AbstractDocument.handleInsertString(AbstractDocument.java:780) ~[?:?]
	at javax.swing.text.AbstractDocument.insertString(AbstractDocument.java:739) ~[?:?]
	at javax.swing.text.PlainDocument.insertString(PlainDocument.java:131) ~[?:?]
	at javax.swing.text.AbstractDocument.replace(AbstractDocument.java:698) ~[?:?]
	at javax.swing.text.JTextComponent.setText(JTextComponent.java:1729) ~[?:?]
	at com.st.microxplorer.plugins.projectmanager.gui.ProjectChoiceTab.createHeapStackFields(ProjectChoiceTab.java:944) ~[filemanager.jar:?]
	at com.st.microxplorer.plugins.projectmanager.gui.ProjectChoiceTab.buildLinkSettingsPanel(ProjectChoiceTab.java:3475) ~[filemanager.jar:?]
	at com.st.microxplorer.plugins.projectmanager.gui.ProjectChoiceTab.defineWindowsFields(ProjectChoiceTab.java:1816) ~[filemanager.jar:?]
	at com.st.microxplorer.plugins.projectmanager.gui.ProjectChoiceTab.updateSettings(ProjectChoiceTab.java:544) ~[filemanager.jar:?]
	at com.st.microxplorer.plugins.projectmanager.gui.ProjectSettingsPanel.UpdateDialog(ProjectSettingsPanel.java:245) ~[filemanager.jar:?]
	at com.st.microxplorer.plugins.projectmanager.ProjectManagerView.propertyChange(ProjectManagerView.java:391) ~[filemanager.jar:?]
	at java.beans.PropertyChangeSupport.fire(PropertyChangeSupport.java:343) ~[?:?]
	at java.beans.PropertyChangeSupport.firePropertyChange(PropertyChangeSupport.java:335) ~[?:?]
	at java.beans.PropertyChangeSupport.firePropertyChange(PropertyChangeSupport.java:268) ~[?:?]
	at com.st.microxplorer.util.MXPropertyChangeSupport.firePropertyChange(MXPropertyChangeSupport.java:54) ~[STM32CubeMX.jar:?]
	at com.st.microxplorer.mxsystem.MxSystem.closeConfig(MxSystem.java:900) ~[STM32CubeMX.jar:?]
	at com.st.microxplorer.maingui.MainPanel.closeConfig(MainPanel.java:776) ~[STM32CubeMX.jar:?]
	at com.st.microxplorer.plugins.filemanager.engine.OpenFileManager.loadConfigurationFile(OpenFileManager.java:245) ~[filemanager.jar:?]
	at com.st.microxplorer.plugins.filemanager.engine.MainFileManager.userLoadConfig(MainFileManager.java:315) ~[filemanager.jar:?]
	at com.st.microxplorer.plugins.filemanager.FileManagerView.getSpecificTask(FileManagerView.java:251) ~[filemanager.jar:?]
	at com.st.stm32cube.common.mx.editor.CubeMxEditor.getMxTabbedPaneInstance(CubeMxEditor.java:1191) ~[com.st.stm32cube.common.mx_6.11.0.202403141607/:?]
	at com.st.stm32cube.common.mx.editor.CubeMxEditor$12$1.createSwingComponent(CubeMxEditor.java:1068) ~[com.st.stm32cube.common.mx_6.11.0.202403141607/:?]
	at com.st.stm32cube.common.mx.oss.core.awtswtbridge.EmbeddedSwingComposite.doComponentCreation(EmbeddedSwingComposite.java:492) ~[com.st.stm32cube.common.mx.oss_6.11.0.202403141607/:?]
	at com.st.stm32cube.common.mx.oss.core.awtswtbridge.EmbeddedSwingComposite$4.run(EmbeddedSwingComposite.java:291) ~[com.st.stm32cube.common.mx.oss_6.11.0.202403141607/:?]
	at com.st.stm32cube.common.mx.oss.core.awtswtbridge.AwtEnvironment$2.run(AwtEnvironment.java:166) ~[com.st.stm32cube.common.mx.oss_6.11.0.202403141607/:?]
	at java.awt.event.InvocationEvent.dispatch(InvocationEvent.java:318) ~[?:?]
	at java.awt.EventQueue.dispatchEventImpl(EventQueue.java:773) ~[?:?]
	at java.awt.EventQueue$4.run(EventQueue.java:720) ~[?:?]
	at java.awt.EventQueue$4.run(EventQueue.java:714) ~[?:?]
	at java.security.AccessController.doPrivileged(AccessController.java:399) ~[?:?]
	at java.security.ProtectionDomain$JavaSecurityAccessImpl.doIntersectionPrivilege(ProtectionDomain.java:86) ~[?:?]
	at java.awt.EventQueue.dispatchEvent(EventQueue.java:742) ~[?:?]
	at java.awt.EventDispatchThread.pumpOneEventForFilters(EventDispatchThread.java:203) ~[?:?]
	at java.awt.EventDispatchThread.pumpEventsForFilter(EventDispatchThread.java:124) ~[?:?]
	at java.awt.EventDispatchThread.pumpEventsForHierarchy(EventDispatchThread.java:113) ~[?:?]
	at java.awt.EventDispatchThread.pumpEvents(EventDispatchThread.java:109) ~[?:?]
	at java.awt.EventDispatchThread.pumpEvents(EventDispatchThread.java:101) ~[?:?]
	at java.awt.EventDispatchThread.run(EventDispatchThread.java:90) ~[?:?]
2024-05-21 15:31:47,690 [WARN] ThirdParty:871 - waiting for thirdparty lock release [close project]
2024-05-21 15:31:47,691 [INFO] ThirdParty:873 - entering critical section [close project]
2024-05-21 15:31:47,691 [INFO] ThirdParty:883 - exiting critical section [close project]
2024-05-21 15:31:47,694 [INFO] PinOutPanel:1561 - setPackage(No Configuration,No Configuration)
2024-05-21 15:31:47,711 [INFO] UtilMem:75 - Begin LoadConfig() Used Memory: 817477112 Bytes (1073741824)
2024-05-21 15:31:47,712 [INFO] OpenFileManager:312 - Change cursor
2024-05-21 15:31:47,740 [INFO] RulesReader:64 - Compatibility file has been processed (297 Rules)
2024-05-21 15:31:47,755 [INFO] ProjectFactory:442 - No CPN specified for board NUCLEO-L476RG => set CPN to STM32L476RGT3
2024-05-21 15:31:47,755 [INFO] Mcu:2021 - Initializing MCU STM32L476R(C-E-G)Tx STM32L476RGTx STM32L476RGT3
2024-05-21 15:31:49,790 [INFO] Context:663 - Trying to add GPIOservice into a context  which must be forbidden
2024-05-21 15:31:50,185 [INFO] Rule:228 - rule 117617 - U5Cobra4M][GTZC] default value MPCBB3 and MPCBB5 - Not Secured memory - MPCBB1 is applicable
2024-05-21 15:31:50,185 [INFO] Rule:228 - rule 117617 - U5Cobra4M][GTZC] default value MPCBB3 and MPCBB5 - Not Secured memory - MPCBB1 is applicable
2024-05-21 15:31:50,185 [INFO] Rule:228 - rule 117617 - U5Cobra4M][GTZC] default value MPCBB3 and MPCBB5 - Not Secured memory - MPCBB2 is applicable
2024-05-21 15:31:50,185 [INFO] Rule:228 - rule 117617 - U5Cobra4M][GTZC] default value MPCBB3 and MPCBB5 - Not Secured memory - MPCBB2 is applicable
2024-05-21 15:31:50,185 [INFO] Rule:228 - rule 117617 - U5Cobra4M][GTZC] default value MPCBB3 and MPCBB5 - Not Secured memory - MPCBB3 is applicable
2024-05-21 15:31:50,185 [INFO] Rule:228 - rule 117617 - U5Cobra4M][GTZC] default value MPCBB3 and MPCBB5 - Not Secured memory - MPCBB3 is applicable
2024-05-21 15:31:50,185 [INFO] Rule:228 - rule 117617 - U5Cobra4M][GTZC] default value MPCBB3 and MPCBB5 - Not Secured memory - MPCBB4 is applicable
2024-05-21 15:31:50,185 [INFO] Rule:228 - rule 117617 - U5Cobra4M][GTZC] default value MPCBB3 and MPCBB5 - Not Secured memory - MPCBB4 is applicable
2024-05-21 15:31:50,185 [INFO] Rule:228 - rule 117617 - U5Cobra4M][GTZC] default value MPCBB3 and MPCBB5 - Secured memory - MPCBB1 is applicable
2024-05-21 15:31:50,185 [INFO] Rule:228 - rule 117617 - U5Cobra4M][GTZC] default value MPCBB3 and MPCBB5 - Secured memory - MPCBB2 is applicable
2024-05-21 15:31:50,185 [INFO] Rule:228 - rule 117617 - U5Cobra4M][GTZC] default value MPCBB3 and MPCBB5 - Secured memory - MPCBB3 is applicable
2024-05-21 15:31:50,185 [INFO] Rule:228 - rule 117617 - U5Cobra4M][GTZC] default value MPCBB3 and MPCBB5 - Secured memory - MPCBB4 is applicable
2024-05-21 15:31:50,185 [INFO] Rule:228 - rule 117617 - U5Cobra4M][GTZC] default value MPCBB3 and MPCBB5 - Privileged memory - MPCBB1 is applicable
2024-05-21 15:31:50,185 [INFO] Rule:228 - rule 117617 - U5Cobra4M][GTZC] default value MPCBB3 and MPCBB5 - Privileged memory - MPCBB2 is applicable
2024-05-21 15:31:50,185 [INFO] Rule:228 - rule 117617 - U5Cobra4M][GTZC] default value MPCBB3 and MPCBB5 - Privileged memory - MPCBB3 is applicable
2024-05-21 15:31:50,185 [INFO] Rule:228 - rule 117617 - U5Cobra4M][GTZC] default value MPCBB3 and MPCBB5 - Privileged memory - MPCBB4 is applicable
2024-05-21 15:31:50,185 [INFO] Rule:228 - rule 117617 - U5Cobra4M][GTZC] default value MPCBB3 and MPCBB5 - Not Privileged memory - MPCBB1 is applicable
2024-05-21 15:31:50,185 [INFO] Rule:228 - rule 117617 - U5Cobra4M][GTZC] default value MPCBB3 and MPCBB5 - Not Privileged memory - MPCBB2 is applicable
2024-05-21 15:31:50,186 [INFO] Rule:228 - rule 117617 - U5Cobra4M][GTZC] default value MPCBB3 and MPCBB5 - Not Privileged memory - MPCBB3 is applicable
2024-05-21 15:31:50,186 [INFO] Rule:228 - rule 117617 - U5Cobra4M][GTZC] default value MPCBB3 and MPCBB5 - Not Privileged memory - MPCBB4 is applicable
2024-05-21 15:31:50,186 [INFO] Rule:228 - rule 117617 - U5Cobra4M][GTZC] default value MPCBB3 and MPCBB5 - Privileged memory - MPCBB1 is applicable
2024-05-21 15:31:50,186 [INFO] Rule:228 - rule 117617 - U5Cobra4M][GTZC] default value MPCBB3 and MPCBB5 - Privileged memory - MPCBB2 is applicable
2024-05-21 15:31:50,186 [INFO] Rule:228 - rule 117617 - U5Cobra4M][GTZC] default value MPCBB3 and MPCBB5 - Privileged memory - MPCBB3 is applicable
2024-05-21 15:31:50,186 [INFO] Rule:228 - rule 117617 - U5Cobra4M][GTZC] default value MPCBB3 and MPCBB5 - Privileged memory - MPCBB4 is applicable
2024-05-21 15:31:50,186 [INFO] Rule:228 - rule 117617 - U5Cobra4M][GTZC] default value MPCBB3 and MPCBB5 - Privileged memory - MPCBB1 is applicable
2024-05-21 15:31:50,186 [INFO] Rule:228 - rule 117617 - U5Cobra4M][GTZC] default value MPCBB3 and MPCBB5 - Privileged memory - MPCBB2 is applicable
2024-05-21 15:31:50,186 [INFO] Rule:228 - rule 117617 - U5Cobra4M][GTZC] default value MPCBB3 and MPCBB5 - Privileged memory - MPCBB3 is applicable
2024-05-21 15:31:50,186 [INFO] Rule:228 - rule 117617 - U5Cobra4M][GTZC] default value MPCBB3 and MPCBB5 - Privileged memory - MPCBB4 is applicable
2024-05-21 15:31:50,186 [INFO] Rule:228 - rule 117617 - U5Cobra4M][GTZC] default value MPCBB3 and MPCBB5 - Not Privileged memory - MPCBB1 is applicable
2024-05-21 15:31:50,186 [INFO] Rule:228 - rule 117617 - U5Cobra4M][GTZC] default value MPCBB3 and MPCBB5 - Not Privileged memory - MPCBB2 is applicable
2024-05-21 15:31:50,186 [INFO] Rule:228 - rule 117617 - U5Cobra4M][GTZC] default value MPCBB3 and MPCBB5 - Not Privileged memory - MPCBB3 is applicable
2024-05-21 15:31:50,186 [INFO] Rule:228 - rule 117617 - U5Cobra4M][GTZC] default value MPCBB3 and MPCBB5 - Not Privileged memory - MPCBB4 is applicable
2024-05-21 15:31:50,186 [INFO] Rule:228 - rule 117617 - U5Cobra4M][GTZC] default value MPCBB3 and MPCBB5 - Privileged memory - MPCBB1 is applicable
2024-05-21 15:31:50,186 [INFO] Rule:228 - rule 117617 - U5Cobra4M][GTZC] default value MPCBB3 and MPCBB5 - Privileged memory - MPCBB2 is applicable
2024-05-21 15:31:50,186 [INFO] Rule:228 - rule 117617 - U5Cobra4M][GTZC] default value MPCBB3 and MPCBB5 - Privileged memory - MPCBB3 is applicable
2024-05-21 15:31:50,186 [INFO] Rule:228 - rule 117617 - U5Cobra4M][GTZC] default value MPCBB3 and MPCBB5 - Privileged memory - MPCBB4 is applicable
2024-05-21 15:31:50,186 [INFO] Rule:228 - rule Rename SubGHz_Phy SUBGHZ_APPLICATION SUBGHZ_PINGPONG to SUBGHZ_ADV_APPLICATION is applicable
2024-05-21 15:31:50,186 [INFO] Rule:228 - rule Rename Enabled to IBEACON is applicable
2024-05-21 15:31:50,186 [INFO] Rule:228 - rule GTZC_S instance for project manager is applicable
2024-05-21 15:31:50,186 [INFO] Rule:228 - rule GTZC_S instance for context M33S is applicable
2024-05-21 15:31:50,186 [INFO] Rule:228 - rule GTZC_S instance value for IP GTZC is applicable
2024-05-21 15:31:50,186 [INFO] Rule:228 - rule GTZC_S instance for mcu.IP is applicable
2024-05-21 15:31:50,186 [INFO] Rule:228 - rule GTZC_S instance for VP is applicable
2024-05-21 15:31:50,186 [INFO] Rule:228 - rule GTZC_S instance for signal is applicable
2024-05-21 15:31:50,186 [INFO] Rule:228 - rule GTZC_S instance for mcu.Pin is applicable
2024-05-21 15:31:50,186 [INFO] Rule:228 - rule GTZC_S instance for VP is applicable
2024-05-21 15:31:50,186 [INFO] Rule:228 - rule GTZC_S instance for signal is applicable
2024-05-21 15:31:50,186 [INFO] Rule:228 - rule GTZC_S instance for mcu is applicable
2024-05-21 15:31:50,186 [INFO] Rule:228 - rule GTZC_S instance for mcu.Pin is applicable
2024-05-21 15:31:50,186 [INFO] Rule:228 - rule GTZC_S instance value for IP GTZC is applicable
2024-05-21 15:31:50,186 [INFO] Rule:228 - rule GTZC_S instance for project manager is applicable
2024-05-21 15:31:50,186 [INFO] Rule:228 - rule GTZC_S instance for context M33S is applicable
2024-05-21 15:31:50,186 [INFO] Rule:228 - rule GTZC_S instance for VP is applicable
2024-05-21 15:31:50,186 [INFO] Rule:228 - rule GTZC_S instance for signal is applicable
2024-05-21 15:31:50,186 [INFO] Rule:228 - rule SPDIFRX instance for mcu is applicable
2024-05-21 15:31:50,186 [INFO] Rule:228 - rule Rename Tracer Mode is applicable
2024-05-21 15:31:50,186 [INFO] Rule:228 - rule SPDIFRX instance value for IP SPDIFRX is applicable
2024-05-21 15:31:50,186 [INFO] Rule:228 - rule SPDIFRX instance for signal is applicable
2024-05-21 15:31:50,186 [INFO] Rule:228 - rule SPDIFRX instance for project manager is applicable
2024-05-21 15:31:50,186 [INFO] Rule:228 - rule SPDIFRX instance for project manager is applicable
2024-05-21 15:31:50,186 [INFO] Rule:228 - rule ADC Scan  fix with FW F7 is applicable
2024-05-21 15:31:50,186 [INFO] Rule:228 - rule ADC Scan  fix with FW F7 is applicable
2024-05-21 15:31:50,186 [INFO] Rule:228 - rule WakeUp0 Mode is applicable
2024-05-21 15:31:50,186 [INFO] Rule:228 - rule WakeUp0 SIGNAL is applicable
2024-05-21 15:31:50,186 [INFO] Rule:228 - rule WakeUp1 Mode is applicable
2024-05-21 15:31:50,187 [INFO] Rule:228 - rule WakeUp1 SIGNAL is applicable
2024-05-21 15:31:50,187 [INFO] Rule:228 - rule WakeUp2 Mode is applicable
2024-05-21 15:31:50,187 [INFO] Rule:228 - rule WakeUp2 SIGNAL is applicable
2024-05-21 15:31:50,187 [INFO] Rule:228 - rule WakeUp4 Mode is applicable
2024-05-21 15:31:50,187 [INFO] Rule:228 - rule WakeUp4 SIGNAL is applicable
2024-05-21 15:31:50,187 [INFO] Rule:228 - rule WakeUp5 Mode is applicable
2024-05-21 15:31:50,187 [INFO] Rule:228 - rule WakeUp5 SIGNAL is applicable
2024-05-21 15:31:50,187 [INFO] Rule:228 - rule Add RTC Activate Clock Source is applicable
2024-05-21 15:31:50,187 [INFO] Rule:228 - rule Add RTC Activate Calendar 1 is applicable
2024-05-21 15:31:50,187 [INFO] Rule:228 - rule Add RTC Activate Calendar 2 is applicable
2024-05-21 15:31:50,187 [INFO] Rule:228 - rule Add RTC Activate Calendar 3 is applicable
2024-05-21 15:31:50,187 [INFO] Rule:228 - rule UART/USART TX Mode is applicable
2024-05-21 15:31:50,187 [INFO] Rule:228 - rule UART/USART RX Mode is applicable
2024-05-21 15:31:50,187 [INFO] Rule:228 - rule UART/USART RX TX Mode is applicable
2024-05-21 15:31:50,187 [INFO] Rule:228 - rule UART/USART PARITY NONE is applicable
2024-05-21 15:31:50,187 [INFO] Rule:228 - rule UART/USART PARITY EVEN is applicable
2024-05-21 15:31:50,187 [INFO] Rule:228 - rule UART/USART PARITY ODD is applicable
2024-05-21 15:31:50,187 [INFO] Rule:228 - rule USART StopBits 1 is applicable
2024-05-21 15:31:50,187 [INFO] Rule:228 - rule USART StopBits 2 is applicable
2024-05-21 15:31:50,187 [INFO] Rule:228 - rule USART StopBits 1.5 is applicable
2024-05-21 15:31:50,187 [INFO] Rule:228 - rule USART StopBits 0.5 is applicable
2024-05-21 15:31:50,187 [INFO] Rule:228 - rule UART/USART WORD LENGTH 7 is applicable
2024-05-21 15:31:50,187 [INFO] Rule:228 - rule UART/USART WORD LENGTH 8 is applicable
2024-05-21 15:31:50,187 [INFO] Rule:228 - rule UART/USART WORD LENGTH 9 is applicable
2024-05-21 15:31:50,187 [INFO] Rule:228 - rule Rename FMC NAND NCE signal is applicable
2024-05-21 15:31:50,187 [INFO] Rule:228 - rule Rename FMC NAND INT signal is applicable
2024-05-21 15:31:50,187 [INFO] Rule:228 - rule Change Default Value for LSE Drive Capability for WB family is applicable
2024-05-21 15:31:50,188 [INFO] Rule:228 - rule Change Default Value for ADC Clock Prescaler G0 family is applicable
2024-05-21 15:31:50,188 [INFO] Rule:228 - rule Change Default Value for ADC ExternalTrigConv L4 family is applicable
2024-05-21 15:31:50,188 [INFO] Rule:228 - rule Change Default Value for ADC ExternalTrigInjecConv L4 family is applicable
2024-05-21 15:31:50,188 [INFO] Rule:228 - rule Change Default Value for ADC ExternalTrigConv F3 family is applicable
2024-05-21 15:31:50,188 [INFO] Rule:228 - rule Change Default Value for ADC ExternalTrigInjecConv F3 family is applicable
2024-05-21 15:31:50,188 [INFO] Rule:228 - rule Change Default Value for ADC ExternalTrigConv Goldfish serie is applicable
2024-05-21 15:31:50,188 [INFO] Rule:228 - rule Change Default Value for ADC ExternalTrigInjecConv Goldfish serie is applicable
2024-05-21 15:31:50,188 [INFO] Rule:228 - rule Change Default Value for ADC ExternalTrigConv L0 family is applicable
2024-05-21 15:31:50,188 [INFO] Rule:228 - rule Change Default Value for ADC ExternalTrigConv F0 family is applicable
2024-05-21 15:31:50,188 [INFO] Rule:228 - rule Change Default Value for ADC ExternalTrigConvn L1 family is applicable
2024-05-21 15:31:50,188 [INFO] Rule:228 - rule Change Default Value for ADC ExternalTrigInjecConv L1 family is applicable
2024-05-21 15:31:50,188 [INFO] Rule:228 - rule Change Default Value for ADC ExternalTrigConv F1 family is applicable
2024-05-21 15:31:50,188 [INFO] Rule:228 - rule Change Default Value for ADC ExternalTrigInjecConv F1 family is applicable
2024-05-21 15:31:50,188 [INFO] Rule:228 - rule Change Default Value for ADC ExternalTrigConv F7 family is applicable
2024-05-21 15:31:50,188 [INFO] Rule:228 - rule Change Default Value for ADC ExternalTrigInjecConv F7 family is applicable
2024-05-21 15:31:50,188 [INFO] Rule:228 - rule Change Default Value for ADC ExternalTrigConv F4 and F2 family is applicable
2024-05-21 15:31:50,188 [INFO] Rule:228 - rule Change Default Value for ADC ExternalTrigInjecConv F4 and F2 family is applicable
2024-05-21 15:31:50,188 [INFO] Rule:228 - rule ADC SamplingTime fix with FW L0  is applicable
2024-05-21 15:31:50,189 [INFO] Rule:228 - rule ADC SamplingTime fix with FW L0  is applicable
2024-05-21 15:31:50,189 [INFO] Rule:228 - rule ADC SamplingTime fix with FW L0 is applicable
2024-05-21 15:31:50,189 [INFO] Rule:228 - rule ADC SamplingTime fix with FW L0 is applicable
2024-05-21 15:31:50,189 [INFO] Rule:228 - rule ADC SamplingTime fix with FW L0  is applicable
2024-05-21 15:31:50,189 [INFO] Rule:228 - rule ADC SamplingTime fix with FW L0 is applicable
2024-05-21 15:31:50,189 [INFO] Rule:228 - rule Rename USB_OE Signal is applicable
2024-05-21 15:31:50,189 [INFO] Rule:228 - rule Rename Activate_OE Mode is applicable
2024-05-21 15:31:50,189 [INFO] Rule:228 - rule Rename DIE462/DIE415 pin PC14/OSC32_IN -> PC14-OSC32_IN (PC14) is applicable
2024-05-21 15:31:50,189 [INFO] Rule:228 - rule Rename DIE462/DIE415 pin PC15/OSC32_OUT -> PC15-OSC32_OUT (PC15) is applicable
2024-05-21 15:31:50,189 [INFO] Rule:228 - rule Rename DIE462/DIE415 pin PH0/OSC_IN -> PH0-OSC_IN (PH0) is applicable
2024-05-21 15:31:50,189 [INFO] Rule:228 - rule Rename DIE462/DIE415 pin PH1/OSC_OUT -> PH1-OSC_OUT (PH1) is applicable
2024-05-21 15:31:50,189 [INFO] Rule:228 - rule Rename DIE462 pin PA13 -> PA13 (JTMS/SWDIO) is applicable
2024-05-21 15:31:50,189 [INFO] Rule:228 - rule Rename DIE415 pin PA13 -> PA13 (JTMS/SWDIO) is applicable
2024-05-21 15:31:50,189 [INFO] Rule:228 - rule Rename DIE462 pin PA14 -> PA14 (JTCK/SWCLK) is applicable
2024-05-21 15:31:50,189 [INFO] Rule:228 - rule Rename DIE415 pin PA14 -> PA14 (JTCK/SWCLK) is applicable
2024-05-21 15:31:50,189 [INFO] Rule:228 - rule Rename DIE462/DIE415 pin PA15 -> PA15 (JTDI) is applicable
2024-05-21 15:31:50,189 [INFO] Rule:228 - rule Rename DIE462 pin PB3 -> PB3 (JTD0/TRACESWO) is applicable
2024-05-21 15:31:50,189 [INFO] Rule:228 - rule Rename DIE415 pin PB3 -> PB3 (JTD0-TRACESWO) is applicable
2024-05-21 15:31:50,189 [INFO] Rule:228 - rule Rename DIE462/DIE415 pin PB4 -> PB4 (NJTRST) is applicable
2024-05-21 15:31:50,189 [INFO] Rule:228 - rule Rename DIE462 pin PH3/BOOT0 -> PH3-BOOT0 (BOOT0) is applicable
2024-05-21 15:31:50,189 [INFO] Rule:228 - rule Rename CRYP DataEncryptionTypesList to Algorithm is applicable
2024-05-21 15:31:50,189 [INFO] Rule:228 - rule Rename AES DataEncryptionTypesList to Algorithm is applicable
2024-05-21 15:31:50,189 [INFO] Rule:228 - rule Rename TDESECB to CRYP_TDES_ECB is applicable
2024-05-21 15:31:50,189 [INFO] Rule:228 - rule Rename TDESCBC to CRYP_TDES_CBC is applicable
2024-05-21 15:31:50,189 [INFO] Rule:228 - rule Rename DESECB to CRYP_DES_ECB is applicable
2024-05-21 15:31:50,189 [INFO] Rule:228 - rule Rename DESCBC to CRYP_DES_CBC is applicable
2024-05-21 15:31:50,189 [INFO] Rule:228 - rule Rename AESECB to CRYP_AES_ECB is applicable
2024-05-21 15:31:50,189 [INFO] Rule:228 - rule Rename AESCBC to CRYP_AES_CBC is applicable
2024-05-21 15:31:50,189 [INFO] Rule:228 - rule Rename AESCTR to CRYP_AES_CTR is applicable
2024-05-21 15:31:50,189 [INFO] Rule:228 - rule Rename AESGCM to CRYP_AES_GCM is applicable
2024-05-21 15:31:50,189 [INFO] Rule:228 - rule Rename AESCCM to CRYP_AES_CCM is applicable
2024-05-21 15:31:50,189 [INFO] Rule:228 - rule Rename CAN TimeSeg1 to BS1 is applicable
2024-05-21 15:31:50,190 [INFO] Rule:228 - rule Rename CAN TimeSeg2 to BS2 is applicable
2024-05-21 15:31:50,190 [INFO] Rule:228 - rule Rename CAN SyncJumpWidth to SJW is applicable
2024-05-21 15:31:50,190 [INFO] Rule:228 - rule TimeTriggeredMode to TTCM is applicable
2024-05-21 15:31:50,190 [INFO] Rule:228 - rule Rename CAN AutoBusOff to ABOM is applicable
2024-05-21 15:31:50,190 [INFO] Rule:228 - rule Rename CAN AutoWakeUp to AWUM is applicable
2024-05-21 15:31:50,190 [INFO] Rule:228 - rule Rename CAN AutoRetransmission to NART is applicable
2024-05-21 15:31:50,190 [INFO] Rule:228 - rule Rename CAN ReceiveFifoLocked to RFLM is applicable
2024-05-21 15:31:50,190 [INFO] Rule:228 - rule Rename CAN TransmitFifoPriority to TXFP is applicable
2024-05-21 15:31:50,190 [INFO] Rule:228 - rule Rename HRTIMER HRTIM_OUTPUTFAULTLEVEL_HIGH in HRTIMER HRTIM_OUTPUTFAULTLEVEL_HIGHZ is applicable
2024-05-21 15:31:50,190 [INFO] Rule:228 - rule Rename TIMER TIM_CLEARINPUTSOURCE_OCREFCLR in  TIMER TIM_CLEARINPUTSOURCE_NONE for F7 family is applicable
2024-05-21 15:31:50,190 [INFO] Rule:228 - rule FDCAN_R1 - Rename FDCAN mode Master into Classic is applicable
2024-05-21 15:31:50,190 [INFO] Rule:228 - rule FDCAN_R2 - Rename FDCAN mode Slave into Classic is applicable
2024-05-21 15:31:50,190 [INFO] Rule:228 - rule FDCAN1_R3 - if PA10.Mode=FullDuplex, add Pin PA12 is applicable
2024-05-21 15:31:50,190 [INFO] Rule:228 - rule FDCAN1_R3 - if PA9.Mode=FullDuplex, add Pin PA11 is applicable
2024-05-21 15:31:50,190 [INFO] Rule:228 - rule FDCAN1_R3 - Alternatepin_1 - if PE1.Mode=FullDuplex, add Pin PB9 is applicable
2024-05-21 15:31:50,190 [INFO] Rule:228 - rule FDCAN1_R3 - Alternatepin_1 - if PE0.Mode=FullDuplex, add Pin PB8 is applicable
2024-05-21 15:31:50,190 [INFO] Rule:228 - rule FDCAN1_R3 - Alternatepin_2 - if PD5.Mode=FullDuplex, add Pin PD1 is applicable
2024-05-21 15:31:50,190 [INFO] Rule:228 - rule FDCAN1_R3 - Alternatepin_2 - if PD4.Mode=FullDuplex, add Pin PD0 is applicable
2024-05-21 15:31:50,190 [INFO] Rule:228 - rule FDCAN1_R4 - Rename Mode FullDuplex into Enable FDCAN_TXFD for pin PA10 is applicable
2024-05-21 15:31:50,190 [INFO] Rule:228 - rule FDCAN1_R4 - Rename Mode FullDuplex into Enable FDCAN_TXFD for pin PA9 is applicable
2024-05-21 15:31:50,190 [INFO] Rule:228 - rule FDCAN1_R4 - Alternatepin_1 - Rename Mode FullDuplex into Enable FDCAN_TXFD for pin PE1 is applicable
2024-05-21 15:31:50,190 [INFO] Rule:228 - rule FDCAN1_R4 - Alternatepin_1 - Rename Mode FullDuplex into Enable FDCAN_TXFD for pin PE0 is applicable
2024-05-21 15:31:50,190 [INFO] Rule:228 - rule FDCAN1_R4 - Alternatepin_2 - Rename Mode FullDuplex into Enable FDCAN_TXFD for pin PD5 is applicable
2024-05-21 15:31:50,190 [INFO] Rule:228 - rule FDCAN1_R4 - Alternatepin_2 - Rename Mode FullDuplex into Enable FDCAN_TXFD for pin PD4 is applicable
2024-05-21 15:31:50,190 [INFO] Rule:228 - rule FDCAN2_R3 - if PD10.Mode=FullDuplex, add Pin PB13 is applicable
2024-05-21 15:31:50,190 [INFO] Rule:228 - rule FDCAN2_R3 - if PD9.Mode=FullDuplex, add Pin PB12 is applicable
2024-05-21 15:31:50,190 [INFO] Rule:228 - rule FDCAN2_R3 - Alternatepin_1 - if PB7.Mode=FullDuplex, add Pin PB6 is applicable
2024-05-21 15:31:50,190 [INFO] Rule:228 - rule FDCAN2_R3 - Alternatepin_1 - if PD9.Mode=FullDuplex, add Pin PB12 is applicable
2024-05-21 15:31:50,190 [INFO] Rule:228 - rule FDCAN2_R4 - Rename Mode FullDuplex into Enable FDCAN_TXFD for pin PD10 is applicable
2024-05-21 15:31:50,190 [INFO] Rule:228 - rule FDCAN2_R4 - Rename Mode FullDuplex into Enable FDCAN_TXFD for pin PD9 is applicable
2024-05-21 15:31:50,190 [INFO] Rule:228 - rule FDCAN2_R4 - Alternatepin_1 - Rename Mode FullDuplex into Enable FDCAN_TXFD for pin PB7 is applicable
2024-05-21 15:31:50,190 [INFO] Rule:228 - rule FDCAN2_R4 - Alternatepin_1 - Rename Mode FullDuplex into Enable FDCAN_TXFD for pin PD6 is applicable
2024-05-21 15:31:50,190 [INFO] Rule:228 - rule USART TxPinLevelInvertParam Mode is applicable
2024-05-21 15:31:50,190 [INFO] Rule:228 - rule USART RxPinLevelInvertParam Mode is applicable
2024-05-21 15:31:50,190 [INFO] Rule:228 - rule USART DataInvertParam Mode is applicable
2024-05-21 15:31:50,191 [INFO] Rule:228 - rule USART SwapParam Mode is applicable
2024-05-21 15:31:50,191 [INFO] Rule:228 - rule USART OverrunDisableParam Mode is applicable
2024-05-21 15:31:50,191 [INFO] Rule:228 - rule USART DMADisableonRxErrorParam Mode is applicable
2024-05-21 15:31:50,191 [INFO] Rule:228 - rule USART MSBFirstParam Mode is applicable
2024-05-21 15:31:50,191 [INFO] Rule:228 - rule Update MwName for USB_DEVICE is applicable
2024-05-21 15:31:50,191 [INFO] Rule:228 - rule Change PWR_Regulator_Voltage_Scale Default Value for RCC  H7 family is applicable
2024-05-21 15:31:50,191 [INFO] Rule:228 - rule UART/USART IPParameter rename Prescaler parameter to ClockPrescaler is applicable
2024-05-21 15:31:50,191 [INFO] Rule:228 - rule UART/USART Prescaler rename Prescaler parameter to ClockPrescaler is applicable
2024-05-21 15:31:50,191 [INFO] Rule:228 - rule TIM1CLockSelection is applicable
2024-05-21 15:31:50,191 [INFO] Rule:228 - rule TIM15CLockSelection is applicable
2024-05-21 15:31:50,191 [INFO] Rule:228 - rule align RCC SDMMC3CLockSelection default value on MP1 is applicable
2024-05-21 15:31:50,191 [INFO] Rule:228 - rule align RCC SDMMC12CLockSelection default value on MP1 is applicable
2024-05-21 15:31:50,191 [INFO] Rule:228 - rule align RCC QSPICLockSelection default value on MP1 is applicable
2024-05-21 15:31:50,191 [INFO] Rule:228 - rule align RCC QSPICLockSelection default value on MP1 is applicable
2024-05-21 15:31:50,191 [INFO] Rule:228 - rule align RCC SPI6CLockSelection default value on MP1 is applicable
2024-05-21 15:31:50,191 [INFO] Rule:228 - rule align RCC LPTIM23CLockSelection default value on MP1 is applicable
2024-05-21 15:31:50,191 [INFO] Rule:228 - rule align RCC LPTIM1CLockSelection default value on MP1 is applicable
2024-05-21 15:31:50,191 [INFO] Rule:228 - rule align RCC USART1CLockSelection default value on MP1 is applicable
2024-05-21 15:31:50,191 [INFO] Rule:228 - rule align RCC USART24CLockSelection default value on MP1 is applicable
2024-05-21 15:31:50,191 [INFO] Rule:228 - rule align RCC USART6CLockSelection default value on MP1 is applicable
2024-05-21 15:31:50,191 [INFO] Rule:228 - rule align RCC UART78CLockSelection default value on MP1 is applicable
2024-05-21 15:31:50,191 [INFO] Rule:228 - rule align RCC USART35CLockSelection default value on MP1 is applicable
2024-05-21 15:31:50,191 [INFO] Rule:228 - rule align RCC SPI45CLockSelection default value on MP1 is applicable
2024-05-21 15:31:50,191 [INFO] Rule:228 - rule align RCC I2C46CLockSelection BCLK value on MP1 is applicable
2024-05-21 15:31:50,191 [INFO] Rule:228 - rule align RCC SPI45CLockSelection default value on MP1 is applicable
2024-05-21 15:31:50,191 [INFO] Rule:228 - rule align RCC I2C12CLockSelection default value on MP1 is applicable
2024-05-21 15:31:50,191 [INFO] Rule:228 - rule align RCC I2C35CLockSelection default value on MP1 is applicable
2024-05-21 15:31:50,191 [INFO] Rule:228 - rule align RCC LPTIM45CLockSelection default value on MP1 is applicable
2024-05-21 15:31:50,191 [INFO] Rule:228 - rule Rename DCMI PIXCK signal is applicable
2024-05-21 15:31:50,191 [INFO] Rule:228 - rule Change Default Value for I2C46CLockSelection MP1 family is applicable
2024-05-21 15:31:50,191 [INFO] Rule:228 - rule Change Default Value for UART for G4, G0 and WB families is applicable
2024-05-21 15:31:50,191 [INFO] Rule:228 - rule Change Default Value for USART for G4, G0 and WB families is applicable
2024-05-21 15:31:50,191 [INFO] Rule:228 - rule Change Default Value for USART for G4 family is applicable
2024-05-21 15:31:50,191 [INFO] Rule:228 - rule Change USART1CLockSelection refparam name for MP1 is applicable
2024-05-21 15:31:50,191 [INFO] Rule:228 - rule Change USART2CLockSelection refparam name for MP1 is applicable
2024-05-21 15:31:50,191 [INFO] Rule:228 - rule Change USART3CLockSelection refparam name for MP1 is applicable
2024-05-21 15:31:50,191 [INFO] Rule:228 - rule Change UART4CLockSelection refparam name for MP1 is applicable
2024-05-21 15:31:50,191 [INFO] Rule:228 - rule Change UART5CLockSelection refparam name for MP1 is applicable
2024-05-21 15:31:50,192 [INFO] Rule:228 - rule Change LPUART1CLockSelection refparam name for MP1 is applicable
2024-05-21 15:31:50,192 [INFO] Rule:228 - rule Change LPTIM1CLockSelection refparam name for MP1 is applicable
2024-05-21 15:31:50,192 [INFO] Rule:228 - rule Change LPTIM2CLockSelection refparam name for MP1 is applicable
2024-05-21 15:31:50,192 [INFO] Rule:228 - rule Change RCC_MCO1Source refparam name for MP1 is applicable
2024-05-21 15:31:50,192 [INFO] Rule:228 - rule Change LSCOSource1 refparam name for MP1 is applicable
2024-05-21 15:31:50,192 [INFO] Rule:228 - rule Change SMPSCLockSelection refparam name for MP1 is applicable
2024-05-21 15:31:50,192 [INFO] Rule:228 - rule Change LPTIM3CLockSelection refparam name for MP1 is applicable
2024-05-21 15:31:50,192 [INFO] Rule:228 - rule Change MPCBB* Default Template Mode to Parameters is applicable
2024-05-21 15:31:50,192 [INFO] Rule:228 - rule Change MPCWM* or MPCBB* Secure Mode to Parameters is applicable
2024-05-21 15:31:50,192 [INFO] Rule:228 - rule Change MPCWM* or MPCBB* No Secure Mode to Parameters is applicable
2024-05-21 15:31:50,192 [INFO] Rule:228 - rule Change TZSC IP Secure Mode to Parameters is applicable
2024-05-21 15:31:50,192 [INFO] Rule:228 - rule Change TZSC IP No Secure Mode to Parameters is applicable
2024-05-21 15:31:50,192 [INFO] Rule:228 - rule Change TZSC IP Privilege Mode to Parameters is applicable
2024-05-21 15:31:50,192 [INFO] Rule:228 - rule Change TZSC IP No Privilege Mode to Parameters is applicable
2024-05-21 15:31:50,192 [INFO] Rule:228 - rule Change TZIC IT Secure Mode to Parameters is applicable
2024-05-21 15:31:50,192 [INFO] Rule:228 - rule Change TZIC IT No Secure Mode to Parameters is applicable
2024-05-21 15:31:50,192 [INFO] Rule:228 - rule Add MPCBB1_NonSecureArea_Start_Address value with referenced to MPCBB1_NonSecureArea_Start value is applicable
2024-05-21 15:31:50,192 [INFO] Rule:228 - rule Add MPCBB2_NonSecureArea_Start_Address value with referenced to MPCBB2_NonSecureArea_Start value is applicable
2024-05-21 15:31:50,192 [INFO] Rule:228 - rule Add MPCWM1_NonSecureArea*_Start_Address value with referenced to MPCWM1_NonSecureArea*_Start value is applicable
2024-05-21 15:31:50,192 [INFO] Rule:228 - rule Add MPCWM2_NonSecureArea*_Start_Address value with referenced to MPCWM2_NonSecureArea*_Start value is applicable
2024-05-21 15:31:50,192 [INFO] Rule:228 - rule Add MPCWM3_NonSecureArea_Start_Address value with referenced to MPCWM3_NonSecureArea_Start value is applicable
2024-05-21 15:31:50,192 [INFO] Rule:228 - rule Change Default Value for PLL1UserDefinedConfig is applicable
2024-05-21 15:31:50,192 [INFO] Rule:228 - rule Change GPIO_PuPd Default Value for USART in async mode is applicable
2024-05-21 15:31:50,192 [INFO] Rule:228 - rule Change SMPSDivider Default Value is applicable
2024-05-21 15:31:50,192 [INFO] Rule:228 - rule OPAMP is applicable
2024-05-21 15:31:50,192 [INFO] Rule:228 - rule LPUART IPParameter rename Prescaler parameter to ClockPrescaler for STM32H7 is applicable
2024-05-21 15:31:50,192 [INFO] Rule:228 - rule LPUART IPParameter rename Prescaler parameter to ClockPrescaler for STM32H7 is applicable
2024-05-21 15:31:50,192 [INFO] Rule:228 - rule LPUART IPParameter rename Prescaler parameter to ClockPrescaler for STM32WB is applicable
2024-05-21 15:31:50,192 [INFO] Rule:228 - rule LPUART IPParameter rename Prescaler parameter to ClockPrescaler for STM32WB is applicable
2024-05-21 15:31:50,192 [INFO] Rule:228 - rule LPUART IPParameter rename Prescaler parameter to ClockPrescaler for STM32G4 is applicable
2024-05-21 15:31:50,192 [INFO] Rule:228 - rule LPUART IPParameter rename Prescaler parameter to ClockPrescaler for STM32G4 is applicable
2024-05-21 15:31:50,192 [INFO] Rule:228 - rule LPUART IPParameter rename Prescaler parameter to ClockPrescaler for STM32L5 is applicable
2024-05-21 15:31:50,192 [INFO] Rule:228 - rule LPUART IPParameter rename Prescaler parameter to ClockPrescaler for STM32L5 is applicable
2024-05-21 15:31:50,192 [INFO] Rule:228 - rule LPUART IPParameter rename Prescaler parameter to ClockPrescaler for STM32G4 is applicable
2024-05-21 15:31:50,193 [INFO] Rule:228 - rule LPUART IPParameter rename Prescaler parameter to ClockPrescaler for STM32G4 is applicable
2024-05-21 15:31:50,193 [INFO] Rule:228 - rule USB device lib V2.5.3 for L0 rename USBD_SUPPORT_USER_STRING parameter to USBD_SUPPORT_USER_STRING_DESC4 is applicable
2024-05-21 15:31:50,193 [INFO] Rule:228 - rule I2SCLockSelection clock entry align is applicable
2024-05-21 15:31:50,193 [INFO] Rule:228 - rule Assign TIMx context if used as SYS timebase is applicable
2024-05-21 15:31:50,193 [INFO] Rule:228 - rule Change GPIO_Pu Default Value for I2C is applicable
2024-05-21 15:31:50,193 [INFO] Rule:228 - rule Change GPIO_Pu Default Value for SMBus is applicable
2024-05-21 15:31:50,193 [INFO] Rule:228 - rule change FDCAN default value is applicable
2024-05-21 15:31:50,193 [INFO] Rule:228 - rule Change mode sai is applicable
2024-05-21 15:31:50,193 [INFO] Rule:228 - rule **Change sai mode is applicable
2024-05-21 15:31:50,193 [INFO] Rule:228 - rule Rename STM32WPAN CFG_BLE_IRK to CFG_BLE_IR is applicable
2024-05-21 15:31:50,193 [INFO] Rule:228 - rule Rename STM32WPAN CFG_BLE_ERK to CFG_BLE_ER is applicable
2024-05-21 15:31:50,193 [INFO] Rule:228 - rule Rename STM32WPAN CFG_BLE_IRK_HEX to CFG_BLE_IR_HEX is applicable
2024-05-21 15:31:50,193 [INFO] Rule:228 - rule Rename STM32WPAN CFG_BLE_ERK_HEX to CFG_BLE_ER_HEX is applicable
2024-05-21 15:31:50,206 [INFO] DbConfProperties:307 - Apply Compatibility (49/262 Rules)
2024-05-21 15:31:50,234 [INFO] ImportTextPane:194 - (OptionalMessage_ERROR) Unable to find key (Mcu.ThirdPartyNb) in loaded IOC file
2024-05-21 15:31:50,265 [INFO] RtosManager:555 - Registered RTOS mode: class=CMSIS, group=RTOS, mode=CMSIS_V1, owner=FREERTOS
2024-05-21 15:31:50,265 [INFO] RtosManager:555 - Registered RTOS mode: class=CMSIS, group=RTOS2, mode=CMSIS_V2, owner=FREERTOS
2024-05-21 15:31:50,265 [INFO] RtosManager:555 - Registered RTOS mode: class=RTOS, group=Core, mode=CMSIS_V1, owner=FREERTOS
2024-05-21 15:31:50,265 [INFO] RtosManager:555 - Registered RTOS mode: class=RTOS, group=Core, mode=CMSIS_V2, owner=FREERTOS
2024-05-21 15:31:50,265 [WARN] ModelIntegratedComponent:184 - Missing modes for component STMicroelectronics:FreeRTOS:0.0.1:STMicroelectronics:RTOS:FreeRTOS:Core:::10.2.0:
2024-05-21 15:31:50,270 [WARN] ModelIntegratedComponent:63 - No mode defined for component null
2024-05-21 15:31:50,271 [WARN] ModelIntegratedComponent:63 - No mode defined for component null
2024-05-21 15:31:50,271 [WARN] ModelIntegratedComponent:63 - No mode defined for component null
2024-05-21 15:31:50,271 [WARN] ModelIntegratedComponent:63 - No mode defined for component null
2024-05-21 15:31:50,271 [WARN] ModelIntegratedComponent:63 - No mode defined for component null
2024-05-21 15:31:50,271 [WARN] ModelIntegratedComponent:63 - No mode defined for component null
2024-05-21 15:31:50,271 [WARN] ModelIntegratedComponent:63 - No mode defined for component null
2024-05-21 15:31:50,271 [WARN] ModelIntegratedComponent:63 - No mode defined for component null
2024-05-21 15:31:50,271 [WARN] ModelIntegratedComponent:63 - No mode defined for component null
2024-05-21 15:31:50,271 [WARN] ModelIntegratedComponent:63 - No mode defined for component null
2024-05-21 15:31:50,271 [WARN] ModelIntegratedComponent:63 - No mode defined for component null
2024-05-21 15:31:50,271 [WARN] ModelIntegratedComponent:63 - No mode defined for component null
2024-05-21 15:31:50,271 [WARN] ModelIntegratedComponent:63 - No mode defined for component null
2024-05-21 15:31:50,271 [WARN] ModelIntegratedComponent:63 - No mode defined for component null
2024-05-21 15:31:50,271 [WARN] ModelIntegratedComponent:63 - No mode defined for component null
2024-05-21 15:31:50,271 [WARN] ModelIntegratedComponent:63 - No mode defined for component null
2024-05-21 15:31:50,271 [WARN] ModelIntegratedComponent:63 - No mode defined for component null
2024-05-21 15:31:50,271 [WARN] ModelIntegratedComponent:63 - No mode defined for component null
2024-05-21 15:31:50,271 [WARN] ModelIntegratedComponent:63 - No mode defined for component null
2024-05-21 15:31:50,271 [WARN] ModelIntegratedComponent:63 - No mode defined for component null
2024-05-21 15:31:50,271 [WARN] ModelIntegratedComponent:63 - No mode defined for component null
2024-05-21 15:31:50,271 [WARN] ModelIntegratedComponent:63 - No mode defined for component null
2024-05-21 15:31:50,271 [WARN] ModelIntegratedComponent:63 - No mode defined for component null
2024-05-21 15:31:50,271 [WARN] ModelIntegratedComponent:63 - No mode defined for component null
2024-05-21 15:31:50,271 [WARN] ModelIntegratedComponent:63 - No mode defined for component null
2024-05-21 15:31:50,271 [WARN] ModelIntegratedComponent:63 - No mode defined for component null
2024-05-21 15:31:50,271 [WARN] ModelIntegratedComponent:63 - No mode defined for component null
2024-05-21 15:31:50,271 [WARN] ModelIntegratedComponent:63 - No mode defined for component null
2024-05-21 15:31:50,271 [WARN] ModelIntegratedComponent:63 - No mode defined for component null
2024-05-21 15:31:50,271 [WARN] ModelIntegratedComponent:63 - No mode defined for component null
2024-05-21 15:31:50,271 [WARN] ModelIntegratedComponent:63 - No mode defined for component null
2024-05-21 15:31:50,271 [WARN] ModelIntegratedComponent:63 - No mode defined for component null
2024-05-21 15:31:50,271 [WARN] ModelIntegratedComponent:63 - No mode defined for component null
2024-05-21 15:31:50,271 [WARN] ModelIntegratedComponent:63 - No mode defined for component null
2024-05-21 15:31:50,346 [INFO] ThirdPartyModel:298 - Start build external matchings
2024-05-21 15:31:50,659 [INFO] ThirdPartyModel:316 - End build external matchings
2024-05-21 15:31:50,669 [INFO] ImportTextPane:194 - (OptionalMessage_ERROR) IP (RCC) : Invalid parameter (FamilyName)
2024-05-21 15:31:50,670 [INFO] ImportTextPane:194 - (OptionalMessage_ERROR) IP (RCC) : Parameter (RNGFreq_Value) has invalid value (64000000)
2024-05-21 15:31:50,670 [INFO] ImportTextPane:194 - (OptionalMessage_ERROR) IP (RCC) : Parameter (SDMMCFreq_Value) has invalid value (64000000)
2024-05-21 15:31:50,670 [INFO] ImportTextPane:194 - (OptionalMessage_ERROR) IP (RCC) : Parameter (USBFreq_Value) has invalid value (64000000)
2024-05-21 15:31:50,999 [INFO] UtilMem:75 - End LoadConfig() Used Memory: 765385312 Bytes (1073741824)
2024-05-21 15:31:51,029 [WARN] ThirdParty:833 - waiting for thirdparty lock release [change project]
2024-05-21 15:31:51,029 [INFO] ThirdParty:835 - entering critical section [change project]
2024-05-21 15:31:51,029 [INFO] ThirdParty:1030 - CMSIS Pack Vendor :STMicroelectronics USBPD 4.1
2024-05-21 15:31:51,029 [INFO] ThirdParty:1030 - CMSIS Pack Vendor :STMicroelectronics X-CUBE-GNSS1 6.0.0
2024-05-21 15:31:51,029 [INFO] ThirdParty:1030 - CMSIS Pack Vendor :STMicroelectronics USB_HOST 2.0.0
2024-05-21 15:31:51,029 [INFO] ThirdParty:1030 - CMSIS Pack Vendor :STMicroelectronics FP-SNS-MOTENVWB1 1.4.0
2024-05-21 15:31:51,029 [INFO] ThirdParty:1030 - CMSIS Pack Vendor :STMicroelectronics X-CUBE-AZRTOS-F4 1.1.0
2024-05-21 15:31:51,029 [INFO] ThirdParty:1030 - CMSIS Pack Vendor :STMicroelectronics LIBJPEG 8.0.0
2024-05-21 15:31:51,029 [INFO] ThirdParty:1030 - CMSIS Pack Vendor :STMicroelectronics X-CUBE-SMBUS 2.1.0
2024-05-21 15:31:51,029 [INFO] ThirdParty:1030 - CMSIS Pack Vendor :STMicroelectronics USB_DEVICE 3.0.0
2024-05-21 15:31:51,029 [INFO] ThirdParty:1030 - CMSIS Pack Vendor :STMicroelectronics X-CUBE-TCPP 4.1.0
2024-05-21 15:31:51,030 [INFO] ThirdParty:1030 - CMSIS Pack Vendor :STMicroelectronics X-CUBE-FREERTOS 1.2.0
2024-05-21 15:31:51,030 [INFO] ThirdParty:1030 - CMSIS Pack Vendor :STMicroelectronics X-CUBE-AZRTOS-WB 2.0.0
2024-05-21 15:31:51,030 [INFO] ThirdParty:1030 - CMSIS Pack Vendor :wolfSSL I-CUBE-wolfSSL 5.6.6
2024-05-21 15:31:51,030 [INFO] ThirdParty:1030 - CMSIS Pack Vendor :STMicroelectronics X-CUBE-TOUCHGFX 4.23.1
2024-05-21 15:31:51,030 [INFO] ThirdParty:1030 - CMSIS Pack Vendor :STMicroelectronics X-CUBE-TOUCHGFX 4.23.0
2024-05-21 15:31:51,030 [INFO] ThirdParty:1030 - CMSIS Pack Vendor :STMicroelectronics X-CUBE-TOUCHGFX 4.23.2
2024-05-21 15:31:51,030 [INFO] ThirdParty:1030 - CMSIS Pack Vendor :STMicroelectronics X-CUBE-AZRTOS-F7 1.1.0
2024-05-21 15:31:51,030 [INFO] ThirdParty:1030 - CMSIS Pack Vendor :STMicroelectronics X-CUBE-AZRTOS-L5 2.0.0
2024-05-21 15:31:51,030 [INFO] ThirdParty:1030 - CMSIS Pack Vendor :STMicroelectronics USB_DEVICE 2.0.0
2024-05-21 15:31:51,030 [INFO] ThirdParty:1030 - CMSIS Pack Vendor :STMicroelectronics X-CUBE-NFC6 3.1.0
2024-05-21 15:31:51,030 [INFO] ThirdParty:1030 - CMSIS Pack Vendor :ITTIA_DB I-CUBE-ITTIADB 8.8.0
2024-05-21 15:31:51,030 [INFO] ThirdParty:1030 - CMSIS Pack Vendor :STMicroelectronics FP-SNS-MOTENV1 4.3.2
2024-05-21 15:31:51,030 [INFO] ThirdParty:1030 - CMSIS Pack Vendor :STMicroelectronics X-CUBE-ALGOBUILD 1.3.0
2024-05-21 15:31:51,030 [INFO] ThirdParty:1030 - CMSIS Pack Vendor :STMicroelectronics FreeRTOS 0.0.1
2024-05-21 15:31:51,030 [INFO] ThirdParty:1030 - CMSIS Pack Vendor :STMicroelectronics X-CUBE-AZRTOS-G0 1.1.0
2024-05-21 15:31:51,030 [INFO] ThirdParty:1030 - CMSIS Pack Vendor :STMicroelectronics X-CUBE-SAFEA1 1.2.2
2024-05-21 15:31:51,030 [INFO] ThirdParty:1030 - CMSIS Pack Vendor :STMicroelectronics X-CUBE-NFC4 3.0.0
2024-05-21 15:31:51,030 [INFO] ThirdParty:1030 - CMSIS Pack Vendor :STMicroelectronics X-CUBE-SUBG2 5.0.0
2024-05-21 15:31:51,030 [INFO] ThirdParty:1030 - CMSIS Pack Vendor :STMicroelectronics STM32_WPAN 1.0.0
2024-05-21 15:31:51,030 [INFO] ThirdParty:1030 - CMSIS Pack Vendor :STMicroelectronics lwIP 2.0.3
2024-05-21 15:31:51,030 [INFO] ThirdParty:1030 - CMSIS Pack Vendor :STMicroelectronics FP-SNS-FLIGHT1 5.0.2
2024-05-21 15:31:51,030 [INFO] ThirdParty:1030 - CMSIS Pack Vendor :STMicroelectronics USB_HOST 1.0.0
2024-05-21 15:31:51,030 [INFO] ThirdParty:1030 - CMSIS Pack Vendor :STMicroelectronics X-CUBE-AI 9.0.0
2024-05-21 15:31:51,030 [INFO] ThirdParty:1030 - CMSIS Pack Vendor :STMicroelectronics X-CUBE-AZRTOS-G4 2.0.0
2024-05-21 15:31:51,030 [INFO] ThirdParty:1030 - CMSIS Pack Vendor :STMicroelectronics PDM2PCM 3.1.0
2024-05-21 15:31:51,031 [INFO] ThirdParty:1030 - CMSIS Pack Vendor :Infineon AIROC-Wi-Fi-Bluetooth-STM32 1.5.1
2024-05-21 15:31:51,031 [INFO] ThirdParty:1030 - CMSIS Pack Vendor :STMicroelectronics PDM2PCM 3.3.0
2024-05-21 15:31:51,031 [INFO] ThirdParty:1030 - CMSIS Pack Vendor :STMicroelectronics X-CUBE-DISPLAY 3.0.0
2024-05-21 15:31:51,031 [INFO] ThirdParty:1030 - CMSIS Pack Vendor :STMicroelectronics FP-SNS-MOTENVWB1 1.3.1
2024-05-21 15:31:51,031 [INFO] ThirdParty:1030 - CMSIS Pack Vendor :STMicroelectronics X-CUBE-BLE1 7.0.0
2024-05-21 15:31:51,031 [INFO] ThirdParty:1030 - CMSIS Pack Vendor :STMicroelectronics FP-ATR-SIGFOX1 3.2.0
2024-05-21 15:31:51,031 [INFO] ThirdParty:1030 - CMSIS Pack Vendor :STMicroelectronics X-CUBE-ISPU 2.0.0
2024-05-21 15:31:51,031 [INFO] ThirdParty:1030 - CMSIS Pack Vendor :STMicroelectronics X-CUBE-EEPRMA1 5.1.0
2024-05-21 15:31:51,031 [INFO] ThirdParty:1030 - CMSIS Pack Vendor :STMicroelectronics HAL Drivers 0.0.0
2024-05-21 15:31:51,031 [INFO] ThirdParty:1030 - CMSIS Pack Vendor :STMicroelectronics MBEDTLS 2.16.2
2024-05-21 15:31:51,031 [INFO] ThirdParty:1030 - CMSIS Pack Vendor :emotas I-CUBE-CANOPEN 1.3.0
2024-05-21 15:31:51,031 [INFO] ThirdParty:1030 - CMSIS Pack Vendor :STMicroelectronics X-CUBE-MEMS1 10.0.0
2024-05-21 15:31:51,031 [INFO] ThirdParty:1030 - CMSIS Pack Vendor :STMicroelectronics X-CUBE-FREERTOS 1.1.0
2024-05-21 15:31:51,031 [INFO] ThirdParty:1030 - CMSIS Pack Vendor :STMicroelectronics X-CUBE-NFC7 1.0.1
2024-05-21 15:31:51,031 [INFO] ThirdParty:1030 - CMSIS Pack Vendor :STMicroelectronics MBEDTLS 2.14.1
2024-05-21 15:31:51,031 [INFO] ThirdParty:1030 - CMSIS Pack Vendor :portGmbH I-Cube-SoM-uGOAL 1.1.0
2024-05-21 15:31:51,031 [INFO] ThirdParty:1030 - CMSIS Pack Vendor :STMicroelectronics X-CUBE-ALS 1.0.1
2024-05-21 15:31:51,031 [INFO] ThirdParty:1030 - CMSIS Pack Vendor :STMicroelectronics X-CUBE-BLEMGR 3.1.0
2024-05-21 15:31:51,031 [INFO] ThirdParty:1030 - CMSIS Pack Vendor :STMicroelectronics ThreadX 1.0.0
2024-05-21 15:31:51,031 [INFO] ThirdParty:1030 - CMSIS Pack Vendor :STMicroelectronics FP-SNS-SMARTAG2 1.2.0
2024-05-21 15:31:51,031 [INFO] ThirdParty:1030 - CMSIS Pack Vendor :STMicroelectronics X-CUBE-AZRTOS-WL 2.0.0
2024-05-21 15:31:51,031 [INFO] ThirdParty:1030 - CMSIS Pack Vendor :SEGGER I-CUBE-embOS 1.3.1
2024-05-21 15:31:51,031 [INFO] ThirdParty:1030 - CMSIS Pack Vendor :STMicroelectronics X-CUBE-ALGOBUILD 1.4.0
2024-05-21 15:31:51,031 [INFO] ThirdParty:1030 - CMSIS Pack Vendor :STMicroelectronics FP-SNS-MOTENV1 5.0.0
2024-05-21 15:31:51,031 [INFO] ThirdParty:1030 - CMSIS Pack Vendor :STMicroelectronics USB_DEVICE 1.0.0
2024-05-21 15:31:51,031 [INFO] ThirdParty:1030 - CMSIS Pack Vendor :STMicroelectronics X-CUBE-AI 8.1.0
2024-05-21 15:31:51,031 [INFO] ThirdParty:1030 - CMSIS Pack Vendor :STMicroelectronics X-CUBE-AZRTOS-H7RS 1.0.0
2024-05-21 15:31:51,031 [INFO] ThirdParty:1030 - CMSIS Pack Vendor :STMicroelectronics X-CUBE-AZRTOS-L4 2.0.0
2024-05-21 15:31:51,031 [INFO] ThirdParty:1030 - CMSIS Pack Vendor :STMicroelectronics ThreadX 0.0.2
2024-05-21 15:31:51,032 [INFO] ThirdParty:1030 - CMSIS Pack Vendor :WES I-CUBE-Cesium 1.3.0
2024-05-21 15:31:51,032 [INFO] ThirdParty:1030 - CMSIS Pack Vendor :STMicroelectronics FP-ATR-ASTRA1 2.0.0
2024-05-21 15:31:51,032 [INFO] ThirdParty:1030 - CMSIS Pack Vendor :STMicroelectronics lwIP 2.1.2
2024-05-21 15:31:51,032 [INFO] ThirdParty:1030 - CMSIS Pack Vendor :STMicroelectronics X-CUBE-SFXS2LP1 4.0.0
2024-05-21 15:31:51,032 [INFO] ThirdParty:1030 - CMSIS Pack Vendor :STMicroelectronics X-CUBE-BLE2 3.3.0
2024-05-21 15:31:51,032 [INFO] ThirdParty:1030 - CMSIS Pack Vendor :STMicroelectronics X-CUBE-TOF1 3.4.1
2024-05-21 15:31:51,032 [INFO] ThirdParty:1030 - CMSIS Pack Vendor :STMicroelectronics X-CUBE-AZRTOS-H7 3.2.0
2024-05-21 15:31:51,032 [INFO] ThirdParty:1030 - CMSIS Pack Vendor :STMicroelectronics PDM2PCM 3.2.0
2024-05-21 15:31:51,032 [INFO] ThirdParty:841 - exiting critical section [change project]
2024-05-21 15:31:51,248 [INFO] PinOutPanel:1561 - setPackage(No Configuration,No Configuration)
2024-05-21 15:31:51,248 [INFO] PinOutPanel:1561 - setPackage(STM32L476RGTx,LQFP64)
2024-05-21 15:31:51,631 [INFO] UtilMem:75 - Before build in PCC Used Memory: 885150704 Bytes (1073741824)
2024-05-21 15:31:51,925 [INFO] UtilMem:75 - After build in PCC Used Memory: 746872688 Bytes (1073741824)
2024-05-21 15:31:51,955 [INFO] IPUIPlugin:80 - create IPUIPlugin
2024-05-21 15:31:51,955 [INFO] IPUIPlugin:80 - create IPUIPlugin
2024-05-21 15:31:51,955 [INFO] IPUIPlugin:80 - create IPUIPlugin
2024-05-21 15:31:51,955 [INFO] IPUIPlugin:80 - create IPUIPlugin
2024-05-21 15:31:51,955 [INFO] IPUIPlugin:80 - create IPUIPlugin
2024-05-21 15:31:51,955 [INFO] IPUIPlugin:80 - create IPUIPlugin
2024-05-21 15:31:51,955 [INFO] IPUIPlugin:80 - create IPUIPlugin
2024-05-21 15:31:51,955 [INFO] IPUIPlugin:80 - create IPUIPlugin
2024-05-21 15:31:51,956 [INFO] IPUIPlugin:80 - create IPUIPlugin
2024-05-21 15:31:51,956 [INFO] IPUIPlugin:80 - create IPUIPlugin
2024-05-21 15:31:51,956 [INFO] IPUIPlugin:80 - create IPUIPlugin
2024-05-21 15:31:51,956 [INFO] IPUIPlugin:80 - create IPUIPlugin
2024-05-21 15:31:51,956 [INFO] IPUIPlugin:80 - create IPUIPlugin
2024-05-21 15:31:51,956 [INFO] IPUIPlugin:80 - create IPUIPlugin
2024-05-21 15:31:51,956 [INFO] IPUIPlugin:80 - create IPUIPlugin
2024-05-21 15:31:51,956 [INFO] IPUIPlugin:80 - create IPUIPlugin
2024-05-21 15:31:51,956 [INFO] IPUIPlugin:80 - create IPUIPlugin
2024-05-21 15:31:51,956 [INFO] IPUIPlugin:80 - create IPUIPlugin
2024-05-21 15:31:51,957 [INFO] IPUIPlugin:80 - create IPUIPlugin
2024-05-21 15:31:51,957 [INFO] IPUIPlugin:80 - create IPUIPlugin
2024-05-21 15:31:51,957 [INFO] IPUIPlugin:80 - create IPUIPlugin
2024-05-21 15:31:51,957 [INFO] IPUIPlugin:80 - create IPUIPlugin
2024-05-21 15:31:51,957 [INFO] IPUIPlugin:80 - create IPUIPlugin
2024-05-21 15:31:51,957 [INFO] IPUIPlugin:80 - create IPUIPlugin
2024-05-21 15:31:51,957 [INFO] IPUIPlugin:80 - create IPUIPlugin
2024-05-21 15:31:51,958 [INFO] IPUIPlugin:80 - create IPUIPlugin
2024-05-21 15:31:51,958 [INFO] IPUIPlugin:80 - create IPUIPlugin
2024-05-21 15:31:51,958 [INFO] IPUIPlugin:80 - create IPUIPlugin
2024-05-21 15:31:51,958 [INFO] IPUIPlugin:80 - create IPUIPlugin
2024-05-21 15:31:51,958 [INFO] IPUIPlugin:80 - create IPUIPlugin
2024-05-21 15:31:51,958 [INFO] IPUIPlugin:80 - create IPUIPlugin
2024-05-21 15:31:51,958 [INFO] IPUIPlugin:80 - create IPUIPlugin
2024-05-21 15:31:51,959 [INFO] IPUIPlugin:80 - create IPUIPlugin
2024-05-21 15:31:51,959 [INFO] IPUIPlugin:80 - create IPUIPlugin
2024-05-21 15:31:51,959 [INFO] IPUIPlugin:80 - create IPUIPlugin
2024-05-21 15:31:51,959 [INFO] IPUIPlugin:80 - create IPUIPlugin
2024-05-21 15:31:51,959 [INFO] IPUIPlugin:80 - create IPUIPlugin
2024-05-21 15:31:51,959 [INFO] IPUIPlugin:80 - create IPUIPlugin
2024-05-21 15:31:51,960 [INFO] IPUIPlugin:80 - create IPUIPlugin
2024-05-21 15:31:51,960 [INFO] IPUIPlugin:80 - create IPUIPlugin
2024-05-21 15:31:51,960 [INFO] IPUIPlugin:80 - create IPUIPlugin
2024-05-21 15:31:51,960 [INFO] IPUIPlugin:80 - create IPUIPlugin
2024-05-21 15:31:51,960 [INFO] IPUIPlugin:80 - create IPUIPlugin
2024-05-21 15:31:51,960 [INFO] IPUIPlugin:80 - create IPUIPlugin
2024-05-21 15:31:51,961 [INFO] IPUIPlugin:80 - create IPUIPlugin
2024-05-21 15:31:51,961 [INFO] IPUIPlugin:80 - create IPUIPlugin
2024-05-21 15:31:51,961 [INFO] IPUIPlugin:80 - create IPUIPlugin
2024-05-21 15:31:51,961 [INFO] IPUIPlugin:80 - create IPUIPlugin
2024-05-21 15:31:51,961 [INFO] IPUIPlugin:80 - create IPUIPlugin
2024-05-21 15:31:51,962 [INFO] IPUIPlugin:80 - create IPUIPlugin
2024-05-21 15:31:51,962 [INFO] IPUIPlugin:80 - create IPUIPlugin
2024-05-21 15:31:51,962 [INFO] IPUIPlugin:80 - create IPUIPlugin
2024-05-21 15:31:51,962 [INFO] IPUIPlugin:80 - create IPUIPlugin
2024-05-21 15:31:51,962 [INFO] IPUIPlugin:80 - create IPUIPlugin
2024-05-21 15:31:51,963 [INFO] IPUIPlugin:80 - create IPUIPlugin
2024-05-21 15:31:51,963 [INFO] IPUIPlugin:80 - create IPUIPlugin
2024-05-21 15:31:51,963 [INFO] IPUIPlugin:80 - create IPUIPlugin
2024-05-21 15:31:51,964 [INFO] IPUIPlugin:80 - create IPUIPlugin
2024-05-21 15:31:51,964 [INFO] IPUIPlugin:80 - create IPUIPlugin
2024-05-21 15:31:52,062 [INFO] CADModel:165 - CPN selected for project levelSTM32L476RGT3
2024-05-21 15:31:52,062 [INFO] CADModel:114 - Register for checkConnection events
2024-05-21 15:31:52,115 [INFO] OpenFileManager:343 - Restore cursor
2024-05-21 15:31:52,559 [INFO] UtilMem:75 - End SaveConfig() Used Memory: 898825992 Bytes (1073741824)
2024-05-21 15:31:52,610 [INFO] UtilMem:75 - End SaveConfig() Used Memory: 924145752 Bytes (1073741824)
2024-05-21 15:31:52,707 [INFO] BlockDiagram:2759 - set Specific Code input for plugin: SYS
2024-05-21 15:31:52,707 [INFO] BlockDiagram:2759 - set Specific Code input for plugin: RCC
2024-05-21 15:31:52,707 [INFO] BlockDiagram:2759 - set Specific Code input for plugin: NVIC
2024-05-21 15:31:52,707 [INFO] BlockDiagram:2759 - set Specific Code input for plugin: USART
2024-05-21 15:31:52,707 [INFO] BlockDiagram:2759 - set Specific Code input for plugin: GPIO
2024-05-21 15:31:52,708 [INFO] CodeGenerator:807 - code generatio: config db path: D:\STM32\STM32CubeIDE_1.15.0\STM32CubeIDE\plugins\com.st.stm32cube.common.mx_6.11.0.202403141607\\db\
2024-05-21 15:31:52,858 [INFO] CodeEngine:255 - oldGeneratedFile, D:\STM32\WorkSpace\10.0_PWR_SLEEP_MODE\MXTmpFiles\license.tmp_save
2024-05-21 15:31:52,935 [INFO] CodeEngine:279 - Generated code: D:\STM32\WorkSpace\10.0_PWR_SLEEP_MODE\MXTmpFiles\license.tmp
2024-05-21 15:31:52,979 [INFO] CodeEngine:255 - oldGeneratedFile, D:\STM32\WorkSpace\10.0_PWR_SLEEP_MODE\MXTmpFiles\gpio.tmp_save
2024-05-21 15:31:53,064 [INFO] CodeEngine:279 - Generated code: D:\STM32\WorkSpace\10.0_PWR_SLEEP_MODE\MXTmpFiles\gpio.tmp
2024-05-21 15:31:53,160 [INFO] CodeEngine:255 - oldGeneratedFile, D:\STM32\WorkSpace\10.0_PWR_SLEEP_MODE\Core\Src\stm32l4xx_it.c_save
2024-05-21 15:31:53,298 [INFO] CodeEngine:279 - Generated code: D:\STM32\WorkSpace\10.0_PWR_SLEEP_MODE\Core\Src\stm32l4xx_it.c
2024-05-21 15:31:53,308 [INFO] CodeEngine:255 - oldGeneratedFile, D:\STM32\WorkSpace\10.0_PWR_SLEEP_MODE\Core\Inc\stm32l4xx_it.h_save
2024-05-21 15:31:53,380 [INFO] CodeEngine:279 - Generated code: D:\STM32\WorkSpace\10.0_PWR_SLEEP_MODE\Core\Inc\stm32l4xx_it.h
2024-05-21 15:31:53,393 [INFO] CodeEngine:255 - oldGeneratedFile, D:\STM32\WorkSpace\10.0_PWR_SLEEP_MODE\Core\Src\stm32l4xx_hal_msp.c_save
2024-05-21 15:31:53,513 [INFO] CodeEngine:279 - Generated code: D:\STM32\WorkSpace\10.0_PWR_SLEEP_MODE\Core\Src\stm32l4xx_hal_msp.c
2024-05-21 15:31:53,524 [INFO] CodeEngine:255 - oldGeneratedFile, D:\STM32\WorkSpace\10.0_PWR_SLEEP_MODE\MXTmpFiles\system.tmp_save
2024-05-21 15:31:53,589 [INFO] CodeEngine:279 - Generated code: D:\STM32\WorkSpace\10.0_PWR_SLEEP_MODE\MXTmpFiles\system.tmp
2024-05-21 15:31:53,602 [INFO] CodeEngine:311 - oldGeneratedFile, D:\STM32\WorkSpace\10.0_PWR_SLEEP_MODE\Core\Inc\stm32l4xx_hal_conf.h_save
2024-05-21 15:31:53,699 [INFO] CodeEngine:335 - Generated code: D:\STM32\WorkSpace\10.0_PWR_SLEEP_MODE\Core\Inc\stm32l4xx_hal_conf.h
2024-05-21 15:31:53,736 [INFO] CodeEngine:255 - oldGeneratedFile, D:\STM32\WorkSpace\10.0_PWR_SLEEP_MODE\Core\Inc\main.h_save
2024-05-21 15:31:53,866 [INFO] CodeEngine:279 - Generated code: D:\STM32\WorkSpace\10.0_PWR_SLEEP_MODE\Core\Inc\main.h
2024-05-21 15:31:53,877 [INFO] CodeEngine:255 - oldGeneratedFile, D:\STM32\WorkSpace\10.0_PWR_SLEEP_MODE\Core\Src\main.c_save
2024-05-21 15:31:53,985 [INFO] CodeEngine:279 - Generated code: D:\STM32\WorkSpace\10.0_PWR_SLEEP_MODE\Core\Src\main.c
2024-05-21 15:31:54,258 [INFO] ProjectBuilder:3163 - Time for Copy HAL[1] : 151mS.
2024-05-21 15:31:54,260 [INFO] ProjectBuilder:4736 - Project Generator version: 4.3.0-B58
2024-05-21 15:31:54,329 [INFO] ConfigFileManager:1503 - The Die is : DIE415
2024-05-21 15:31:54,340 [INFO] ApiDbMcu:508 - Load IP Config File for FATFS
2024-05-21 15:31:54,351 [INFO] ApiDbMcu:508 - Load IP Config File for FREERTOS
2024-05-21 15:31:54,370 [INFO] ApiDbMcu:508 - Load IP Config File for TOUCHSENSING
2024-05-21 15:31:54,382 [INFO] ApiDbMcu:508 - Load IP Config File for USB_DEVICE
2024-05-21 15:31:54,393 [INFO] ApiDbMcu:508 - Load IP Config File for USB_HOST
2024-05-21 15:31:55,859 [INFO] ProjectBuilder:5002 - Time for Generating toolchain IDE Files: 1599mS.
2024-05-21 15:31:55,860 [INFO] ProjectBuilder:3034 - Time for Copy CMSIS : 0mS.
2024-05-21 15:31:55,861 [INFO] ProjectBuilder:3034 - Time for Copy CMSIS : 0mS.
2024-05-21 15:31:56,412 [INFO] McuFinderGlobals:76 - Set McuFinderConnectedMode to true
2024-05-21 15:31:56,413 [INFO] ApiDb:448 - Save user favorites file C:\Users\DISHANT/.stm32cubeide/favorites.mcus.txt: 0 item(s)
2024-05-21 15:31:56,414 [INFO] ApiDb:452 - User favorites MCUs=[]
2024-05-21 15:31:56,414 [INFO] ApiDb:448 - Save user favorites file C:\Users\DISHANT/.stm32cubeide/favorites.boards.txt: 3 item(s)
2024-05-21 15:31:56,415 [INFO] ApiDb:452 - User favorites Boards=[NUCLEO-L476RG, NUCLEO-L496ZG-P, STM32L0538-DISCO]
2024-05-21 15:32:42,307 [INFO] NvicIntPanel:101 - NVIC parent = com.st.microxplorer.plugins.ip.nvic.MultiNvicIntPanel[,0,0,0x0,invalid,layout=javax.swing.BoxLayout,alignmentX=0.0,alignmentY=0.0,border=,flags=9,maximumSize=,minimumSize=,preferredSize=]
2024-05-21 15:32:42,390 [INFO] NvicIntPanel:101 - NVIC parent = com.st.microxplorer.plugins.ip.nvic.MultiNvicIntPanel[,0,0,0x0,invalid,layout=javax.swing.BoxLayout,alignmentX=0.0,alignmentY=0.0,border=,flags=9,maximumSize=,minimumSize=,preferredSize=]
2024-05-21 15:32:44,431 [INFO] NvicIntPanel:101 - NVIC parent = com.st.microxplorer.plugins.ip.nvic.MultiNvicIntPanel[,0,0,0x0,invalid,layout=javax.swing.BoxLayout,alignmentX=0.0,alignmentY=0.0,border=,flags=9,maximumSize=,minimumSize=,preferredSize=]
2024-05-21 15:37:51,097 [INFO] Gpio:277 - dependency for GPIO [SYS, USART2]
2024-05-21 15:38:13,416 [INFO] Gpio:277 - dependency for GPIO [SYS, USART2]
2024-05-21 15:39:25,051 [INFO] Gpio:277 - dependency for GPIO [SYS, USART2]
2024-05-21 15:39:31,826 [INFO] Gpio:277 - dependency for GPIO [SYS, USART2]
2024-05-21 15:40:18,931 [INFO] Gpio:277 - dependency for GPIO [SYS, USART2]
2024-05-21 15:40:39,225 [INFO] Gpio:277 - dependency for GPIO [SYS, USART2]
2024-05-21 15:41:18,050 [INFO] Gpio:277 - dependency for GPIO [SYS, USART2]
2024-05-21 15:41:34,594 [INFO] Gpio:277 - dependency for GPIO [SYS, USART2]
2024-05-21 15:41:34,643 [INFO] NvicIntPanel:101 - NVIC parent = com.st.microxplorer.plugins.ip.nvic.MultiNvicIntPanel[,0,0,0x0,invalid,layout=javax.swing.BoxLayout,alignmentX=0.0,alignmentY=0.0,border=,flags=9,maximumSize=,minimumSize=,preferredSize=]
2024-05-21 15:42:03,025 [INFO] Gpio:277 - dependency for GPIO [SYS, USART2]
2024-05-21 15:42:21,308 [INFO] Gpio:277 - dependency for GPIO [SYS, USART2]
2024-05-21 15:42:21,337 [INFO] NvicIntPanel:101 - NVIC parent = com.st.microxplorer.plugins.ip.nvic.MultiNvicIntPanel[,0,0,0x0,invalid,layout=javax.swing.BoxLayout,alignmentX=0.0,alignmentY=0.0,border=,flags=9,maximumSize=,minimumSize=,preferredSize=]
2024-05-21 15:44:06,284 [INFO] UtilMem:75 - End SaveConfig() Used Memory: 916024112 Bytes (1073741824)
2024-05-21 15:44:10,166 [INFO] UtilMem:75 - End SaveConfig() Used Memory: 748183400 Bytes (1073741824)
2024-05-21 15:44:10,314 [INFO] BlockDiagram:2759 - set Specific Code input for plugin: SYS
2024-05-21 15:44:10,314 [INFO] BlockDiagram:2759 - set Specific Code input for plugin: RCC
2024-05-21 15:44:10,314 [INFO] BlockDiagram:2759 - set Specific Code input for plugin: NVIC
2024-05-21 15:44:10,314 [INFO] BlockDiagram:2759 - set Specific Code input for plugin: USART
2024-05-21 15:44:10,314 [INFO] BlockDiagram:2759 - set Specific Code input for plugin: GPIO
2024-05-21 15:44:10,314 [INFO] CodeGenerator:807 - code generatio: config db path: D:\STM32\STM32CubeIDE_1.15.0\STM32CubeIDE\plugins\com.st.stm32cube.common.mx_6.11.0.202403141607\\db\
2024-05-21 15:44:10,415 [INFO] CodeEngine:255 - oldGeneratedFile, D:\STM32\WorkSpace\10.0_PWR_SLEEP_MODE\MXTmpFiles\license.tmp_save
2024-05-21 15:44:10,566 [INFO] CodeEngine:279 - Generated code: D:\STM32\WorkSpace\10.0_PWR_SLEEP_MODE\MXTmpFiles\license.tmp
2024-05-21 15:44:10,618 [INFO] CodeEngine:255 - oldGeneratedFile, D:\STM32\WorkSpace\10.0_PWR_SLEEP_MODE\MXTmpFiles\gpio.tmp_save
2024-05-21 15:44:10,801 [INFO] CodeEngine:279 - Generated code: D:\STM32\WorkSpace\10.0_PWR_SLEEP_MODE\MXTmpFiles\gpio.tmp
2024-05-21 15:44:10,880 [INFO] CodeEngine:255 - oldGeneratedFile, D:\STM32\WorkSpace\10.0_PWR_SLEEP_MODE\Core\Src\stm32l4xx_it.c_save
2024-05-21 15:44:11,086 [INFO] CodeEngine:279 - Generated code: D:\STM32\WorkSpace\10.0_PWR_SLEEP_MODE\Core\Src\stm32l4xx_it.c
2024-05-21 15:44:11,099 [INFO] CodeEngine:255 - oldGeneratedFile, D:\STM32\WorkSpace\10.0_PWR_SLEEP_MODE\Core\Inc\stm32l4xx_it.h_save
2024-05-21 15:44:11,193 [INFO] CodeEngine:279 - Generated code: D:\STM32\WorkSpace\10.0_PWR_SLEEP_MODE\Core\Inc\stm32l4xx_it.h
2024-05-21 15:44:11,214 [INFO] CodeEngine:255 - oldGeneratedFile, D:\STM32\WorkSpace\10.0_PWR_SLEEP_MODE\Core\Src\stm32l4xx_hal_msp.c_save
2024-05-21 15:44:11,352 [INFO] CodeEngine:279 - Generated code: D:\STM32\WorkSpace\10.0_PWR_SLEEP_MODE\Core\Src\stm32l4xx_hal_msp.c
2024-05-21 15:44:11,355 [INFO] CodeEngine:255 - oldGeneratedFile, D:\STM32\WorkSpace\10.0_PWR_SLEEP_MODE\MXTmpFiles\system.tmp_save
2024-05-21 15:44:11,418 [INFO] CodeEngine:279 - Generated code: D:\STM32\WorkSpace\10.0_PWR_SLEEP_MODE\MXTmpFiles\system.tmp
2024-05-21 15:44:11,438 [INFO] CodeEngine:311 - oldGeneratedFile, D:\STM32\WorkSpace\10.0_PWR_SLEEP_MODE\Core\Inc\stm32l4xx_hal_conf.h_save
2024-05-21 15:44:11,549 [INFO] CodeEngine:335 - Generated code: D:\STM32\WorkSpace\10.0_PWR_SLEEP_MODE\Core\Inc\stm32l4xx_hal_conf.h
2024-05-21 15:44:11,582 [INFO] CodeEngine:255 - oldGeneratedFile, D:\STM32\WorkSpace\10.0_PWR_SLEEP_MODE\Core\Inc\main.h_save
2024-05-21 15:44:11,709 [INFO] CodeEngine:279 - Generated code: D:\STM32\WorkSpace\10.0_PWR_SLEEP_MODE\Core\Inc\main.h
2024-05-21 15:44:11,715 [INFO] CodeEngine:255 - oldGeneratedFile, D:\STM32\WorkSpace\10.0_PWR_SLEEP_MODE\Core\Src\main.c_save
2024-05-21 15:44:11,831 [INFO] CodeEngine:279 - Generated code: D:\STM32\WorkSpace\10.0_PWR_SLEEP_MODE\Core\Src\main.c
2024-05-21 15:44:12,304 [INFO] ProjectBuilder:3163 - Time for Copy HAL[1] : 238mS.
2024-05-21 15:44:12,307 [INFO] ProjectBuilder:4736 - Project Generator version: 4.3.0-B58
2024-05-21 15:44:12,465 [INFO] ConfigFileManager:1503 - The Die is : DIE415
2024-05-21 15:44:13,124 [INFO] ProjectBuilder:5002 - Time for Generating toolchain IDE Files: 817mS.
2024-05-21 15:44:13,125 [INFO] ProjectBuilder:3034 - Time for Copy CMSIS : 0mS.
2024-05-21 15:44:13,127 [INFO] ProjectBuilder:3034 - Time for Copy CMSIS : 0mS.
2024-05-21 15:54:47,378 [INFO] UtilMem:75 - End SaveConfig() Used Memory: 718436816 Bytes (1073741824)
2024-05-21 15:54:47,984 [INFO] UtilMem:75 - End SaveConfig() Used Memory: 756406968 Bytes (1073741824)
2024-05-21 15:54:48,129 [INFO] BlockDiagram:2759 - set Specific Code input for plugin: SYS
2024-05-21 15:54:48,129 [INFO] BlockDiagram:2759 - set Specific Code input for plugin: RCC
2024-05-21 15:54:48,129 [INFO] BlockDiagram:2759 - set Specific Code input for plugin: NVIC
2024-05-21 15:54:48,129 [INFO] BlockDiagram:2759 - set Specific Code input for plugin: USART
2024-05-21 15:54:48,129 [INFO] BlockDiagram:2759 - set Specific Code input for plugin: GPIO
2024-05-21 15:54:48,130 [INFO] CodeGenerator:807 - code generatio: config db path: D:\STM32\STM32CubeIDE_1.15.0\STM32CubeIDE\plugins\com.st.stm32cube.common.mx_6.11.0.202403141607\\db\
2024-05-21 15:54:48,351 [INFO] CodeEngine:255 - oldGeneratedFile, D:\STM32\WorkSpace\10.0_PWR_SLEEP_MODE\MXTmpFiles\license.tmp_save
2024-05-21 15:54:48,535 [INFO] CodeEngine:279 - Generated code: D:\STM32\WorkSpace\10.0_PWR_SLEEP_MODE\MXTmpFiles\license.tmp
2024-05-21 15:54:48,595 [INFO] CodeEngine:255 - oldGeneratedFile, D:\STM32\WorkSpace\10.0_PWR_SLEEP_MODE\MXTmpFiles\gpio.tmp_save
2024-05-21 15:54:48,812 [INFO] CodeEngine:279 - Generated code: D:\STM32\WorkSpace\10.0_PWR_SLEEP_MODE\MXTmpFiles\gpio.tmp
2024-05-21 15:54:48,973 [INFO] CodeEngine:255 - oldGeneratedFile, D:\STM32\WorkSpace\10.0_PWR_SLEEP_MODE\Core\Src\stm32l4xx_it.c_save
2024-05-21 15:54:49,170 [INFO] CodeEngine:279 - Generated code: D:\STM32\WorkSpace\10.0_PWR_SLEEP_MODE\Core\Src\stm32l4xx_it.c
2024-05-21 15:54:49,176 [INFO] CodeEngine:255 - oldGeneratedFile, D:\STM32\WorkSpace\10.0_PWR_SLEEP_MODE\Core\Inc\stm32l4xx_it.h_save
2024-05-21 15:54:49,255 [INFO] CodeEngine:279 - Generated code: D:\STM32\WorkSpace\10.0_PWR_SLEEP_MODE\Core\Inc\stm32l4xx_it.h
2024-05-21 15:54:49,285 [INFO] CodeEngine:255 - oldGeneratedFile, D:\STM32\WorkSpace\10.0_PWR_SLEEP_MODE\Core\Src\stm32l4xx_hal_msp.c_save
2024-05-21 15:54:49,413 [INFO] CodeEngine:279 - Generated code: D:\STM32\WorkSpace\10.0_PWR_SLEEP_MODE\Core\Src\stm32l4xx_hal_msp.c
2024-05-21 15:54:49,419 [INFO] CodeEngine:255 - oldGeneratedFile, D:\STM32\WorkSpace\10.0_PWR_SLEEP_MODE\MXTmpFiles\system.tmp_save
2024-05-21 15:54:49,494 [INFO] CodeEngine:279 - Generated code: D:\STM32\WorkSpace\10.0_PWR_SLEEP_MODE\MXTmpFiles\system.tmp
2024-05-21 15:54:49,521 [INFO] CodeEngine:311 - oldGeneratedFile, D:\STM32\WorkSpace\10.0_PWR_SLEEP_MODE\Core\Inc\stm32l4xx_hal_conf.h_save
2024-05-21 15:54:49,641 [INFO] CodeEngine:335 - Generated code: D:\STM32\WorkSpace\10.0_PWR_SLEEP_MODE\Core\Inc\stm32l4xx_hal_conf.h
2024-05-21 15:54:49,695 [INFO] CodeEngine:255 - oldGeneratedFile, D:\STM32\WorkSpace\10.0_PWR_SLEEP_MODE\Core\Inc\main.h_save
2024-05-21 15:54:49,823 [INFO] CodeEngine:279 - Generated code: D:\STM32\WorkSpace\10.0_PWR_SLEEP_MODE\Core\Inc\main.h
2024-05-21 15:54:49,845 [INFO] CodeEngine:255 - oldGeneratedFile, D:\STM32\WorkSpace\10.0_PWR_SLEEP_MODE\Core\Src\main.c_save
2024-05-21 15:54:49,977 [INFO] CodeEngine:279 - Generated code: D:\STM32\WorkSpace\10.0_PWR_SLEEP_MODE\Core\Src\main.c
2024-05-21 15:54:50,467 [INFO] ProjectBuilder:3163 - Time for Copy HAL[1] : 253mS.
2024-05-21 15:54:50,472 [INFO] ProjectBuilder:4736 - Project Generator version: 4.3.0-B58
2024-05-21 15:54:50,625 [INFO] ConfigFileManager:1503 - The Die is : DIE415
2024-05-21 15:54:51,396 [INFO] ProjectBuilder:5002 - Time for Generating toolchain IDE Files: 925mS.
2024-05-21 15:54:51,397 [INFO] ProjectBuilder:3034 - Time for Copy CMSIS : 1mS.
2024-05-21 15:54:51,399 [INFO] ProjectBuilder:3034 - Time for Copy CMSIS : 0mS.
2024-05-21 16:43:06,518 [FATAL] LogicalParser:267 - Exception caught expression :SYS_NOT_VISIBLE
java.lang.NullPointerException: Cannot invoke "com.bestcode.mathparser.Node.getValue()" because "this.m_Node" is null
	at com.bestcode.mathparser.MathParserImpl.evaluate(MathParserImpl.java:325) ~[STM32CubeMX.jar:?]
	at com.bestcode.mathparser.MathParserImpl.getValue(MathParserImpl.java:255) ~[STM32CubeMX.jar:?]
	at com.st.microxplorer.util.LogicalParser.checkCondition(LogicalParser.java:265) ~[STM32CubeMX.jar:?]
	at com.st.microxplorer.mcu.IP.isVisible(IP.java:2901) ~[STM32CubeMX.jar:?]
	at com.st.microxplorer.mcu.Signal.isVisible(Signal.java:73) ~[STM32CubeMX.jar:?]
	at com.st.microxplorer.mcu.Pin.getSignals(Pin.java:837) ~[STM32CubeMX.jar:?]
	at com.st.microxplorer.mcu.Pin.isReservedPin(Pin.java:882) ~[STM32CubeMX.jar:?]
	at com.st.microxplorer.mcu.Mcu.getFreeGPIO(Mcu.java:5794) ~[STM32CubeMX.jar:?]
	at com.st.microxplorer.plugins.pinoutconfig.PinoutConfigView.updateMenuAndToolbar(PinoutConfigView.java:580) ~[?:?]
	at com.st.microxplorer.plugins.pinoutconfig.PinoutConfigView.propertyChange(PinoutConfigView.java:326) ~[?:?]
	at java.beans.PropertyChangeSupport.fire(PropertyChangeSupport.java:343) ~[?:?]
	at java.beans.PropertyChangeSupport.firePropertyChange(PropertyChangeSupport.java:335) ~[?:?]
	at java.beans.PropertyChangeSupport.firePropertyChange(PropertyChangeSupport.java:268) ~[?:?]
	at com.st.microxplorer.util.MXPropertyChangeSupport.firePropertyChange(MXPropertyChangeSupport.java:54) ~[STM32CubeMX.jar:?]
	at com.st.microxplorer.mxsystem.MxSystem.firePropertyChange(MxSystem.java:358) ~[STM32CubeMX.jar:?]
	at com.st.microxplorer.mxsystem.MxSystem$1.handleNotification(MxSystem.java:172) ~[STM32CubeMX.jar:?]
	at sun.management.NotificationEmitterSupport.sendNotification(NotificationEmitterSupport.java:155) ~[?:?]
	at sun.management.MemoryImpl.createNotification(MemoryImpl.java:161) ~[?:?]
	at sun.management.MemoryPoolImpl$PoolSensor.triggerAction(MemoryPoolImpl.java:299) ~[?:?]
	at sun.management.Sensor.trigger(Sensor.java:134) ~[?:?]
2024-05-21 16:44:06,192 [INFO] UtilMem:75 - End SaveConfig() Used Memory: 961728752 Bytes (1073741824)
2024-05-21 16:44:06,970 [INFO] UtilMem:75 - End SaveConfig() Used Memory: 785664864 Bytes (1073741824)
2024-05-21 16:44:07,126 [INFO] BlockDiagram:2759 - set Specific Code input for plugin: SYS
2024-05-21 16:44:07,126 [INFO] BlockDiagram:2759 - set Specific Code input for plugin: RCC
2024-05-21 16:44:07,126 [INFO] BlockDiagram:2759 - set Specific Code input for plugin: NVIC
2024-05-21 16:44:07,126 [INFO] BlockDiagram:2759 - set Specific Code input for plugin: USART
2024-05-21 16:44:07,126 [INFO] BlockDiagram:2759 - set Specific Code input for plugin: GPIO
2024-05-21 16:44:07,126 [INFO] CodeGenerator:807 - code generatio: config db path: D:\STM32\STM32CubeIDE_1.15.0\STM32CubeIDE\plugins\com.st.stm32cube.common.mx_6.11.0.202403141607\\db\
2024-05-21 16:44:07,252 [INFO] CodeEngine:255 - oldGeneratedFile, D:\STM32\WorkSpace\10.0_PWR_SLEEP_MODE\MXTmpFiles\license.tmp_save
2024-05-21 16:44:07,424 [INFO] CodeEngine:279 - Generated code: D:\STM32\WorkSpace\10.0_PWR_SLEEP_MODE\MXTmpFiles\license.tmp
2024-05-21 16:44:07,463 [INFO] CodeEngine:255 - oldGeneratedFile, D:\STM32\WorkSpace\10.0_PWR_SLEEP_MODE\MXTmpFiles\gpio.tmp_save
2024-05-21 16:44:07,627 [INFO] CodeEngine:279 - Generated code: D:\STM32\WorkSpace\10.0_PWR_SLEEP_MODE\MXTmpFiles\gpio.tmp
2024-05-21 16:44:07,762 [INFO] CodeEngine:255 - oldGeneratedFile, D:\STM32\WorkSpace\10.0_PWR_SLEEP_MODE\Core\Src\stm32l4xx_it.c_save
2024-05-21 16:44:07,989 [INFO] CodeEngine:279 - Generated code: D:\STM32\WorkSpace\10.0_PWR_SLEEP_MODE\Core\Src\stm32l4xx_it.c
2024-05-21 16:44:08,002 [INFO] CodeEngine:255 - oldGeneratedFile, D:\STM32\WorkSpace\10.0_PWR_SLEEP_MODE\Core\Inc\stm32l4xx_it.h_save
2024-05-21 16:44:08,091 [INFO] CodeEngine:279 - Generated code: D:\STM32\WorkSpace\10.0_PWR_SLEEP_MODE\Core\Inc\stm32l4xx_it.h
2024-05-21 16:44:08,113 [INFO] CodeEngine:255 - oldGeneratedFile, D:\STM32\WorkSpace\10.0_PWR_SLEEP_MODE\Core\Src\stm32l4xx_hal_msp.c_save
2024-05-21 16:44:08,238 [INFO] CodeEngine:279 - Generated code: D:\STM32\WorkSpace\10.0_PWR_SLEEP_MODE\Core\Src\stm32l4xx_hal_msp.c
2024-05-21 16:44:08,241 [INFO] CodeEngine:255 - oldGeneratedFile, D:\STM32\WorkSpace\10.0_PWR_SLEEP_MODE\MXTmpFiles\system.tmp_save
2024-05-21 16:44:08,323 [INFO] CodeEngine:279 - Generated code: D:\STM32\WorkSpace\10.0_PWR_SLEEP_MODE\MXTmpFiles\system.tmp
2024-05-21 16:44:08,343 [INFO] CodeEngine:311 - oldGeneratedFile, D:\STM32\WorkSpace\10.0_PWR_SLEEP_MODE\Core\Inc\stm32l4xx_hal_conf.h_save
2024-05-21 16:44:08,462 [INFO] CodeEngine:335 - Generated code: D:\STM32\WorkSpace\10.0_PWR_SLEEP_MODE\Core\Inc\stm32l4xx_hal_conf.h
2024-05-21 16:44:08,509 [INFO] CodeEngine:255 - oldGeneratedFile, D:\STM32\WorkSpace\10.0_PWR_SLEEP_MODE\Core\Inc\main.h_save
2024-05-21 16:44:08,629 [INFO] CodeEngine:279 - Generated code: D:\STM32\WorkSpace\10.0_PWR_SLEEP_MODE\Core\Inc\main.h
2024-05-21 16:44:08,641 [INFO] CodeEngine:255 - oldGeneratedFile, D:\STM32\WorkSpace\10.0_PWR_SLEEP_MODE\Core\Src\main.c_save
2024-05-21 16:44:08,772 [INFO] CodeEngine:279 - Generated code: D:\STM32\WorkSpace\10.0_PWR_SLEEP_MODE\Core\Src\main.c
2024-05-21 16:44:09,262 [INFO] ProjectBuilder:3163 - Time for Copy HAL[1] : 256mS.
2024-05-21 16:44:09,267 [INFO] ProjectBuilder:4736 - Project Generator version: 4.3.0-B58
2024-05-21 16:44:09,416 [INFO] ConfigFileManager:1503 - The Die is : DIE415
2024-05-21 16:44:10,314 [INFO] ProjectBuilder:5002 - Time for Generating toolchain IDE Files: 1047mS.
2024-05-21 16:44:10,315 [INFO] ProjectBuilder:3034 - Time for Copy CMSIS : 1mS.
2024-05-21 16:44:10,318 [INFO] ProjectBuilder:3034 - Time for Copy CMSIS : 0mS.
2024-05-21 16:47:40,964 [INFO] UtilMem:75 - End SaveConfig() Used Memory: 784357624 Bytes (1073741824)
2024-05-21 16:47:41,585 [INFO] UtilMem:75 - End SaveConfig() Used Memory: 850417912 Bytes (1073741824)
2024-05-21 16:47:41,692 [INFO] BlockDiagram:2759 - set Specific Code input for plugin: SYS
2024-05-21 16:47:41,692 [INFO] BlockDiagram:2759 - set Specific Code input for plugin: RCC
2024-05-21 16:47:41,692 [INFO] BlockDiagram:2759 - set Specific Code input for plugin: NVIC
2024-05-21 16:47:41,692 [INFO] BlockDiagram:2759 - set Specific Code input for plugin: USART
2024-05-21 16:47:41,692 [INFO] BlockDiagram:2759 - set Specific Code input for plugin: GPIO
2024-05-21 16:47:41,693 [INFO] CodeGenerator:807 - code generatio: config db path: D:\STM32\STM32CubeIDE_1.15.0\STM32CubeIDE\plugins\com.st.stm32cube.common.mx_6.11.0.202403141607\\db\
2024-05-21 16:47:41,770 [INFO] CodeEngine:255 - oldGeneratedFile, D:\STM32\WorkSpace\10.0_PWR_SLEEP_MODE\MXTmpFiles\license.tmp_save
2024-05-21 16:47:41,889 [INFO] CodeEngine:279 - Generated code: D:\STM32\WorkSpace\10.0_PWR_SLEEP_MODE\MXTmpFiles\license.tmp
2024-05-21 16:47:41,909 [INFO] CodeEngine:255 - oldGeneratedFile, D:\STM32\WorkSpace\10.0_PWR_SLEEP_MODE\MXTmpFiles\gpio.tmp_save
2024-05-21 16:47:42,013 [INFO] CodeEngine:279 - Generated code: D:\STM32\WorkSpace\10.0_PWR_SLEEP_MODE\MXTmpFiles\gpio.tmp
2024-05-21 16:47:42,081 [INFO] CodeEngine:255 - oldGeneratedFile, D:\STM32\WorkSpace\10.0_PWR_SLEEP_MODE\Core\Src\stm32l4xx_it.c_save
2024-05-21 16:47:42,193 [INFO] CodeEngine:279 - Generated code: D:\STM32\WorkSpace\10.0_PWR_SLEEP_MODE\Core\Src\stm32l4xx_it.c
2024-05-21 16:47:42,198 [INFO] CodeEngine:255 - oldGeneratedFile, D:\STM32\WorkSpace\10.0_PWR_SLEEP_MODE\Core\Inc\stm32l4xx_it.h_save
2024-05-21 16:47:42,266 [INFO] CodeEngine:279 - Generated code: D:\STM32\WorkSpace\10.0_PWR_SLEEP_MODE\Core\Inc\stm32l4xx_it.h
2024-05-21 16:47:42,288 [INFO] CodeEngine:255 - oldGeneratedFile, D:\STM32\WorkSpace\10.0_PWR_SLEEP_MODE\Core\Src\stm32l4xx_hal_msp.c_save
2024-05-21 16:47:42,382 [INFO] CodeEngine:279 - Generated code: D:\STM32\WorkSpace\10.0_PWR_SLEEP_MODE\Core\Src\stm32l4xx_hal_msp.c
2024-05-21 16:47:42,384 [INFO] CodeEngine:255 - oldGeneratedFile, D:\STM32\WorkSpace\10.0_PWR_SLEEP_MODE\MXTmpFiles\system.tmp_save
2024-05-21 16:47:42,461 [INFO] CodeEngine:279 - Generated code: D:\STM32\WorkSpace\10.0_PWR_SLEEP_MODE\MXTmpFiles\system.tmp
2024-05-21 16:47:42,479 [INFO] CodeEngine:311 - oldGeneratedFile, D:\STM32\WorkSpace\10.0_PWR_SLEEP_MODE\Core\Inc\stm32l4xx_hal_conf.h_save
2024-05-21 16:47:42,595 [INFO] CodeEngine:335 - Generated code: D:\STM32\WorkSpace\10.0_PWR_SLEEP_MODE\Core\Inc\stm32l4xx_hal_conf.h
2024-05-21 16:47:42,636 [INFO] CodeEngine:255 - oldGeneratedFile, D:\STM32\WorkSpace\10.0_PWR_SLEEP_MODE\Core\Inc\main.h_save
2024-05-21 16:47:42,725 [INFO] CodeEngine:279 - Generated code: D:\STM32\WorkSpace\10.0_PWR_SLEEP_MODE\Core\Inc\main.h
2024-05-21 16:47:42,738 [INFO] CodeEngine:255 - oldGeneratedFile, D:\STM32\WorkSpace\10.0_PWR_SLEEP_MODE\Core\Src\main.c_save
2024-05-21 16:47:42,864 [INFO] CodeEngine:279 - Generated code: D:\STM32\WorkSpace\10.0_PWR_SLEEP_MODE\Core\Src\main.c
2024-05-21 16:47:43,307 [INFO] ProjectBuilder:3163 - Time for Copy HAL[1] : 212mS.
2024-05-21 16:47:43,310 [INFO] ProjectBuilder:4736 - Project Generator version: 4.3.0-B58
2024-05-21 16:47:43,420 [INFO] ConfigFileManager:1503 - The Die is : DIE415
2024-05-21 16:47:44,309 [INFO] ProjectBuilder:5002 - Time for Generating toolchain IDE Files: 998mS.
2024-05-21 16:47:44,309 [INFO] ProjectBuilder:3034 - Time for Copy CMSIS : 0mS.
2024-05-21 16:47:44,312 [INFO] ProjectBuilder:3034 - Time for Copy CMSIS : 0mS.
2024-05-21 17:31:08,621 [INFO] NvicIntPanel:101 - NVIC parent = com.st.microxplorer.plugins.ip.nvic.MultiNvicIntPanel[,0,0,450x166,layout=javax.swing.BoxLayout,alignmentX=0.0,alignmentY=0.0,border=,flags=9,maximumSize=,minimumSize=,preferredSize=]
2024-05-21 17:31:18,608 [INFO] Gpio:277 - dependency for GPIO [RCC, SYS, USART2]
2024-05-21 17:31:21,894 [INFO] NvicIntPanel:101 - NVIC parent = com.st.microxplorer.plugins.ip.nvic.MultiNvicIntPanel[,2,46,310x463,layout=javax.swing.BoxLayout,alignmentX=0.0,alignmentY=0.0,border=,flags=9,maximumSize=,minimumSize=,preferredSize=]
2024-05-21 17:31:27,368 [INFO] Gpio:277 - dependency for GPIO [RCC, SYS, USART2]
2024-05-21 17:31:49,875 [INFO] NvicIntPanel:101 - NVIC parent = com.st.microxplorer.plugins.ip.nvic.MultiNvicIntPanel[,0,0,450x166,layout=javax.swing.BoxLayout,alignmentX=0.0,alignmentY=0.0,border=,flags=9,maximumSize=,minimumSize=,preferredSize=]
2024-05-21 17:31:59,598 [INFO] UtilMem:75 - End SaveConfig() Used Memory: 896409800 Bytes (1073741824)
2024-05-21 17:32:01,740 [INFO] UtilMem:75 - End SaveConfig() Used Memory: 864574744 Bytes (1073741824)
2024-05-21 17:32:01,920 [INFO] BlockDiagram:2759 - set Specific Code input for plugin: SYS
2024-05-21 17:32:01,920 [INFO] BlockDiagram:2759 - set Specific Code input for plugin: RCC
2024-05-21 17:32:01,920 [INFO] BlockDiagram:2759 - set Specific Code input for plugin: NVIC
2024-05-21 17:32:01,921 [INFO] BlockDiagram:2759 - set Specific Code input for plugin: USART
2024-05-21 17:32:01,921 [INFO] BlockDiagram:2759 - set Specific Code input for plugin: GPIO
2024-05-21 17:32:01,922 [INFO] CodeGenerator:807 - code generatio: config db path: D:\STM32\STM32CubeIDE_1.15.0\STM32CubeIDE\plugins\com.st.stm32cube.common.mx_6.11.0.202403141607\\db\
2024-05-21 17:32:02,095 [INFO] CodeEngine:255 - oldGeneratedFile, D:\STM32\WorkSpace\10.0_PWR_SLEEP_MODE\MXTmpFiles\license.tmp_save
2024-05-21 17:32:02,260 [INFO] CodeEngine:279 - Generated code: D:\STM32\WorkSpace\10.0_PWR_SLEEP_MODE\MXTmpFiles\license.tmp
2024-05-21 17:32:02,296 [INFO] CodeEngine:255 - oldGeneratedFile, D:\STM32\WorkSpace\10.0_PWR_SLEEP_MODE\MXTmpFiles\gpio.tmp_save
2024-05-21 17:32:02,436 [INFO] CodeEngine:279 - Generated code: D:\STM32\WorkSpace\10.0_PWR_SLEEP_MODE\MXTmpFiles\gpio.tmp
2024-05-21 17:32:02,513 [INFO] CodeEngine:255 - oldGeneratedFile, D:\STM32\WorkSpace\10.0_PWR_SLEEP_MODE\Core\Src\stm32l4xx_it.c_save
2024-05-21 17:32:02,796 [INFO] CodeEngine:279 - Generated code: D:\STM32\WorkSpace\10.0_PWR_SLEEP_MODE\Core\Src\stm32l4xx_it.c
2024-05-21 17:32:02,802 [INFO] CodeEngine:255 - oldGeneratedFile, D:\STM32\WorkSpace\10.0_PWR_SLEEP_MODE\Core\Inc\stm32l4xx_it.h_save
2024-05-21 17:32:02,907 [INFO] CodeEngine:279 - Generated code: D:\STM32\WorkSpace\10.0_PWR_SLEEP_MODE\Core\Inc\stm32l4xx_it.h
2024-05-21 17:32:02,928 [INFO] CodeEngine:255 - oldGeneratedFile, D:\STM32\WorkSpace\10.0_PWR_SLEEP_MODE\Core\Src\stm32l4xx_hal_msp.c_save
2024-05-21 17:32:03,055 [INFO] CodeEngine:279 - Generated code: D:\STM32\WorkSpace\10.0_PWR_SLEEP_MODE\Core\Src\stm32l4xx_hal_msp.c
2024-05-21 17:32:03,058 [INFO] CodeEngine:255 - oldGeneratedFile, D:\STM32\WorkSpace\10.0_PWR_SLEEP_MODE\MXTmpFiles\system.tmp_save
2024-05-21 17:32:03,134 [INFO] CodeEngine:279 - Generated code: D:\STM32\WorkSpace\10.0_PWR_SLEEP_MODE\MXTmpFiles\system.tmp
2024-05-21 17:32:03,154 [INFO] CodeEngine:311 - oldGeneratedFile, D:\STM32\WorkSpace\10.0_PWR_SLEEP_MODE\Core\Inc\stm32l4xx_hal_conf.h_save
2024-05-21 17:32:03,276 [INFO] CodeEngine:335 - Generated code: D:\STM32\WorkSpace\10.0_PWR_SLEEP_MODE\Core\Inc\stm32l4xx_hal_conf.h
2024-05-21 17:32:03,314 [INFO] CodeEngine:255 - oldGeneratedFile, D:\STM32\WorkSpace\10.0_PWR_SLEEP_MODE\Core\Inc\main.h_save
2024-05-21 17:32:03,454 [INFO] CodeEngine:279 - Generated code: D:\STM32\WorkSpace\10.0_PWR_SLEEP_MODE\Core\Inc\main.h
2024-05-21 17:32:03,469 [INFO] CodeEngine:255 - oldGeneratedFile, D:\STM32\WorkSpace\10.0_PWR_SLEEP_MODE\Core\Src\main.c_save
2024-05-21 17:32:03,606 [INFO] CodeEngine:279 - Generated code: D:\STM32\WorkSpace\10.0_PWR_SLEEP_MODE\Core\Src\main.c
2024-05-21 17:32:04,131 [INFO] ProjectBuilder:3163 - Time for Copy HAL[1] : 271mS.
2024-05-21 17:32:04,135 [INFO] ProjectBuilder:4736 - Project Generator version: 4.3.0-B58
2024-05-21 17:32:04,305 [INFO] ConfigFileManager:1503 - The Die is : DIE415
2024-05-21 17:32:05,183 [INFO] ProjectBuilder:5002 - Time for Generating toolchain IDE Files: 1048mS.
2024-05-21 17:32:05,184 [INFO] ProjectBuilder:3034 - Time for Copy CMSIS : 1mS.
2024-05-21 17:32:05,186 [INFO] ProjectBuilder:3034 - Time for Copy CMSIS : 0mS.
2024-05-21 18:38:01,695 [INFO] NvicIntPanel:101 - NVIC parent = com.st.microxplorer.plugins.ip.nvic.MultiNvicIntPanel[,0,0,0x0,invalid,layout=javax.swing.BoxLayout,alignmentX=0.0,alignmentY=0.0,border=,flags=9,maximumSize=,minimumSize=,preferredSize=]
2024-05-21 18:38:10,241 [INFO] Gpio:277 - dependency for GPIO [RCC, SYS, USART2]
2024-05-21 18:42:21,470 [ERROR] LogOutputStream:75 - [STDERR_REDIRECT] 
