2024-05-14 09:26:37,439 [INFO] Activator:176 - 


2024-05-14 09:26:37,444 [INFO] Activator:177 - !SESSION log4j initialized
2024-05-14 09:26:43,274 [INFO] LogOutputStream:77 - [STDOUT_REDIRECT] 
2024-05-14 09:26:45,565 [INFO] ApplicationProperties:184 - Using Application install path: D:\STM32\STM32CubeIDE_1.15.0\STM32CubeIDE\plugins\com.st.stm32cube.common.mx_6.11.0.202403141607
2024-05-14 09:26:45,583 [INFO] DbMcusXml:78 - Set database path to: D:\STM32\STM32CubeIDE_1.15.0\STM32CubeIDE\plugins\com.st.stm32cube.common.mx_6.11.0.202403141607\\db\/mcu/
2024-05-14 09:26:45,583 [INFO] ApiDb:274 - Set plugin database path to: D:\STM32\STM32CubeIDE_1.15.0\STM32CubeIDE\plugins\com.st.stm32cube.common.mx_6.11.0.202403141607\\db\/plugins/boardmanager/
2024-05-14 09:26:45,583 [WARN] ApiDb:259 - Overriding images path with different value:  => D:\STM32\STM32CubeIDE_1.15.0\STM32CubeIDE\plugins\com.st.stm32cube.common.mx_6.11.0.202403141607\\db\/plugins/mcufinder/images/
2024-05-14 09:26:45,599 [INFO] ApiDb:250 - Set database path to: C:\Users\DISHANT\.stmcufinder\plugins\mcufinder//mcu/
2024-05-14 09:26:45,600 [INFO] DbMcusAds:125 - Set database path to: C:\Users\DISHANT\.stmcufinder\plugins\mcufinder//mcu/
2024-05-14 09:26:45,602 [INFO] CrossReferenceDbSqlite:203 - Set database path to: C:\Users\DISHANT\.stmcufinder\plugins\mcufinder//mcu/cs/
2024-05-14 09:26:45,715 [INFO] RulesReader:64 - Compatibility file has been processed (297 Rules)
2024-05-14 09:26:45,803 [INFO] DbMcusXml:78 - Set database path to: D:\STM32\STM32CubeIDE_1.15.0\STM32CubeIDE\plugins\com.st.stm32cube.common.mx_6.11.0.202403141607\\db\/mcu/
2024-05-14 09:26:45,803 [INFO] ApiDb:274 - Set plugin database path to: D:\STM32\STM32CubeIDE_1.15.0\STM32CubeIDE\plugins\com.st.stm32cube.common.mx_6.11.0.202403141607\\db\/plugins/boardmanager/
2024-05-14 09:26:45,804 [INFO] ApiDb:261 - Set plugin images path to: D:\STM32\STM32CubeIDE_1.15.0\STM32CubeIDE\plugins\com.st.stm32cube.common.mx_6.11.0.202403141607\\db\/plugins/mcufinder/images/
2024-05-14 09:26:45,804 [WARN] DbFile:41 - Overriding database path with different value: C:\Users\DISHANT\.stmcufinder\plugins\mcufinder/ => C:\Users\DISHANT\.stmcufinder\plugins\mcufinder
2024-05-14 09:26:45,804 [INFO] ApiDb:250 - Set database path to: C:\Users\DISHANT\.stmcufinder\plugins\mcufinder//mcu/
2024-05-14 09:26:45,804 [WARN] DbFile:41 - Overriding database path with different value: C:\Users\DISHANT\.stmcufinder\plugins\mcufinder/ => C:\Users\DISHANT\.stmcufinder\plugins\mcufinder
2024-05-14 09:26:45,804 [INFO] DbMcusAds:125 - Set database path to: C:\Users\DISHANT\.stmcufinder\plugins\mcufinder//mcu/
2024-05-14 09:26:45,804 [WARN] DbFile:41 - Overriding database path with different value: C:\Users\DISHANT\.stmcufinder\plugins\mcufinder/ => C:\Users\DISHANT\.stmcufinder\plugins\mcufinder
2024-05-14 09:26:45,804 [WARN] DbFile:41 - Overriding database path with different value: C:\Users\DISHANT\.stmcufinder\plugins\mcufinder/ => C:\Users\DISHANT\.stmcufinder\plugins\mcufinder
2024-05-14 09:26:45,804 [INFO] CrossReferenceDbSqlite:203 - Set database path to: C:\Users\DISHANT\.stmcufinder\plugins\mcufinder//mcu/cs/
2024-05-14 09:26:45,888 [INFO] MainPanel:264 - HeapMemory: 268435456
2024-05-14 09:26:45,989 [INFO] DbMcusXml:78 - Set database path to: D:\STM32\STM32CubeIDE_1.15.0\STM32CubeIDE\plugins\com.st.stm32cube.common.mx_6.11.0.202403141607\\db\/mcu/
2024-05-14 09:26:45,989 [INFO] ApiDb:274 - Set plugin database path to: D:\STM32\STM32CubeIDE_1.15.0\STM32CubeIDE\plugins\com.st.stm32cube.common.mx_6.11.0.202403141607\\db\/plugins/boardmanager/
2024-05-14 09:26:45,989 [INFO] ApiDb:261 - Set plugin images path to: D:\STM32\STM32CubeIDE_1.15.0\STM32CubeIDE\plugins\com.st.stm32cube.common.mx_6.11.0.202403141607\\db\/plugins/mcufinder/images/
2024-05-14 09:26:45,989 [WARN] DbFile:41 - Overriding database path with different value: C:\Users\DISHANT\.stmcufinder\plugins\mcufinder/ => C:\Users\DISHANT\.stmcufinder\plugins\mcufinder
2024-05-14 09:26:45,989 [INFO] ApiDb:250 - Set database path to: C:\Users\DISHANT\.stmcufinder\plugins\mcufinder//mcu/
2024-05-14 09:26:45,989 [WARN] DbFile:41 - Overriding database path with different value: C:\Users\DISHANT\.stmcufinder\plugins\mcufinder/ => C:\Users\DISHANT\.stmcufinder\plugins\mcufinder
2024-05-14 09:26:45,989 [INFO] DbMcusAds:125 - Set database path to: C:\Users\DISHANT\.stmcufinder\plugins\mcufinder//mcu/
2024-05-14 09:26:45,989 [WARN] DbFile:41 - Overriding database path with different value: C:\Users\DISHANT\.stmcufinder\plugins\mcufinder/ => C:\Users\DISHANT\.stmcufinder\plugins\mcufinder
2024-05-14 09:26:45,990 [WARN] DbFile:41 - Overriding database path with different value: C:\Users\DISHANT\.stmcufinder\plugins\mcufinder/ => C:\Users\DISHANT\.stmcufinder\plugins\mcufinder
2024-05-14 09:26:45,990 [INFO] CrossReferenceDbSqlite:203 - Set database path to: C:\Users\DISHANT\.stmcufinder\plugins\mcufinder//mcu/cs/
2024-05-14 09:26:46,008 [INFO] ApplicationProperties:184 - Using Application install path: D:\STM32\STM32CubeIDE_1.15.0\STM32CubeIDE\plugins\com.st.stm32cube.common.mx_6.11.0.202403141607
2024-05-14 09:26:46,010 [INFO] PluginManage:196 - Search for loadable plugins [exclusion list=, ]
2024-05-14 09:26:46,011 [INFO] PluginManage:310 - Check plugin analytics
2024-05-14 09:26:46,192 [INFO] AnalyticsPlugin:253 - Accepted Software Licenses: STM32CubeMX.6.11.0
2024-05-14 09:26:46,192 [INFO] AnalyticsPlugin:255 - Accepted CMSIS Pack Licenses: 
2024-05-14 09:26:46,192 [INFO] AnalyticsPlugin:257 - Accepted Firmware Licenses: FW.L4.1.18.0
2024-05-14 09:26:46,195 [INFO] PluginManage:359 - Loaded plugin analytics (category:tool,tabindex:-1)
2024-05-14 09:26:46,196 [INFO] PluginManage:310 - Check plugin cadmodel
2024-05-14 09:26:46,211 [INFO] CADModel:105 - Init CAD model plugin
2024-05-14 09:26:46,211 [INFO] PluginManage:359 - Loaded plugin cadmodel (category:power,tabindex:5)
2024-05-14 09:26:46,211 [INFO] PluginManage:310 - Check plugin clock
2024-05-14 09:26:46,230 [INFO] PluginManage:359 - Loaded plugin clock (category:base,tabindex:2)
2024-05-14 09:26:46,230 [INFO] PluginManage:310 - Check plugin ddr
2024-05-14 09:26:46,232 [INFO] PluginManage:359 - Loaded plugin ddr (category:tool,tabindex:6)
2024-05-14 09:26:46,232 [INFO] PluginManage:310 - Check plugin filemanager
2024-05-14 09:26:46,377 [INFO] PluginManage:359 - Loaded plugin filemanager (category:base,tabindex:10)
2024-05-14 09:26:46,377 [INFO] PluginManage:310 - Check plugin ipmanager
2024-05-14 09:26:46,385 [INFO] PluginManage:359 - Loaded plugin ipmanager (category:base,tabindex:5)
2024-05-14 09:26:46,385 [INFO] PluginManage:310 - Check plugin lpbam
2024-05-14 09:26:46,404 [INFO] PluginManage:359 - Loaded plugin lpbam (category:base,tabindex:0)
2024-05-14 09:26:46,404 [INFO] PluginManage:310 - Check plugin memorymap
2024-05-14 09:26:46,429 [INFO] PluginManage:359 - Loaded plugin memorymap (category:base,tabindex:4)
2024-05-14 09:26:46,429 [INFO] PluginManage:310 - Check plugin pinoutandconfiguration
2024-05-14 09:26:46,446 [INFO] PluginManage:359 - Loaded plugin pinoutandconfiguration (category:base,tabindex:1)
2024-05-14 09:26:46,446 [INFO] PluginManage:310 - Check plugin pinoutconfig
2024-05-14 09:26:46,561 [WARN] SupportedApi:132 - Cannot load RTOS API schema: s4s-elt-must-match.1: The content of 'definitions' must match (annotation?, (simpleType | complexType)?, (unique | key | keyref)*)). A problem was found starting at: attribute.
2024-05-14 09:26:46,727 [INFO] PluginManage:359 - Loaded plugin pinoutconfig (category:base,tabindex:0)
2024-05-14 09:26:46,727 [INFO] PluginManage:310 - Check plugin power
2024-05-14 09:26:46,748 [INFO] PluginManage:359 - Loaded plugin power (category:power,tabindex:4)
2024-05-14 09:26:46,748 [INFO] PluginManage:310 - Check plugin projectmanager
2024-05-14 09:26:46,763 [INFO] PluginManage:359 - Loaded plugin projectmanager (category:projectmanager,tabindex:3)
2024-05-14 09:26:46,763 [INFO] PluginManage:310 - Check plugin thirdparty
2024-05-14 09:26:47,039 [INFO] PluginManage:359 - Loaded plugin thirdparty (category:base,tabindex:-1)
2024-05-14 09:26:47,039 [INFO] PluginManage:310 - Check plugin tools
2024-05-14 09:26:47,039 [WARN] IntegrityCheckThread:84 - waiting for thirdparty lock release [integrity check]
2024-05-14 09:26:47,040 [INFO] IntegrityCheckThread:86 - entering critical section [integrity check]
2024-05-14 09:26:47,040 [INFO] ThirdPartyUpdaterWithRetryManager:70 - Updater plugin not ready yet. [1/15]
2024-05-14 09:26:47,070 [INFO] PluginManage:359 - Loaded plugin tools (category:base,tabindex:7)
2024-05-14 09:26:47,070 [INFO] PluginManage:310 - Check plugin tutovideos
2024-05-14 09:26:47,266 [INFO] PluginManage:359 - Loaded plugin tutovideos (category:base,tabindex:-1)
2024-05-14 09:26:47,266 [INFO] PluginManage:310 - Check plugin updater
2024-05-14 09:26:47,279 [INFO] PluginManage:359 - Loaded plugin updater (category:base,tabindex:12)
2024-05-14 09:26:47,279 [INFO] PluginManage:310 - Check plugin userauth
2024-05-14 09:26:47,285 [INFO] UserAuth:114 - Init User Auth plugin
2024-05-14 09:26:47,285 [INFO] PluginManage:359 - Loaded plugin userauth (category:base,tabindex:14)
2024-05-14 09:26:47,285 [INFO] PluginManage:283 - PluginManage : Loaded plugins [17]
2024-05-14 09:26:47,541 [INFO] PinOutPanel:1561 - setPackage(No Configuration,No Configuration)
2024-05-14 09:26:47,615 [INFO] CADModel:165 - CPN selected for project level
2024-05-14 09:26:47,615 [INFO] CADModel:114 - Register for checkConnection events
2024-05-14 09:26:47,641 [INFO] IPUIPlugin:80 - create IPUIPlugin
2024-05-14 09:26:47,641 [INFO] PluginManager:220 - loadIPPluginJar : add adc
2024-05-14 09:26:47,673 [INFO] IPUIPlugin:80 - create IPUIPlugin
2024-05-14 09:26:47,673 [INFO] PluginManager:220 - loadIPPluginJar : add aes
2024-05-14 09:26:47,708 [INFO] IPUIPlugin:80 - create IPUIPlugin
2024-05-14 09:26:47,709 [INFO] PluginManager:220 - loadIPPluginJar : add can
2024-05-14 09:26:47,729 [INFO] IPUIPlugin:80 - create IPUIPlugin
2024-05-14 09:26:47,729 [INFO] PluginManager:220 - loadIPPluginJar : add comp
2024-05-14 09:26:47,764 [INFO] IPUIPlugin:80 - create IPUIPlugin
2024-05-14 09:26:47,764 [INFO] PluginManager:220 - loadIPPluginJar : add cryp
2024-05-14 09:26:47,791 [INFO] IPUIPlugin:80 - create IPUIPlugin
2024-05-14 09:26:47,791 [INFO] PluginManager:220 - loadIPPluginJar : add dfsdm
2024-05-14 09:26:47,805 [INFO] IPUIPlugin:80 - create IPUIPlugin
2024-05-14 09:26:47,806 [INFO] PluginManager:220 - loadIPPluginJar : add dma
2024-05-14 09:26:47,843 [INFO] IPUIPlugin:80 - create IPUIPlugin
2024-05-14 09:26:47,843 [INFO] PluginManager:220 - loadIPPluginJar : add dma3
2024-05-14 09:26:47,883 [INFO] IPUIPlugin:80 - create IPUIPlugin
2024-05-14 09:26:47,883 [INFO] PluginManager:220 - loadIPPluginJar : add extmemmanager
2024-05-14 09:26:47,904 [INFO] IPUIPlugin:80 - create IPUIPlugin
2024-05-14 09:26:47,904 [INFO] PluginManager:220 - loadIPPluginJar : add fatfs
2024-05-14 09:26:47,945 [INFO] IPUIPlugin:80 - create IPUIPlugin
2024-05-14 09:26:47,945 [INFO] PluginManager:220 - loadIPPluginJar : add fmc
2024-05-14 09:26:47,962 [INFO] IPUIPlugin:80 - create IPUIPlugin
2024-05-14 09:26:47,962 [INFO] PluginManager:220 - loadIPPluginJar : add freertos
2024-05-14 09:26:47,981 [INFO] IPUIPlugin:80 - create IPUIPlugin
2024-05-14 09:26:47,981 [INFO] PluginManager:220 - loadIPPluginJar : add genericplugin
2024-05-14 09:26:48,055 [INFO] IPUIPlugin:80 - create IPUIPlugin
2024-05-14 09:26:48,055 [INFO] PluginManager:220 - loadIPPluginJar : add gfxmmu
2024-05-14 09:26:48,159 [INFO] IPUIPlugin:80 - create IPUIPlugin
2024-05-14 09:26:48,159 [INFO] PluginManager:220 - loadIPPluginJar : add gic
2024-05-14 09:26:48,173 [INFO] IPUIPlugin:80 - create IPUIPlugin
2024-05-14 09:26:48,173 [INFO] PluginManager:220 - loadIPPluginJar : add gpio
2024-05-14 09:26:48,250 [INFO] IPUIPlugin:80 - create IPUIPlugin
2024-05-14 09:26:48,250 [INFO] PluginManager:220 - loadIPPluginJar : add gtzc
2024-05-14 09:26:48,279 [INFO] IPUIPlugin:80 - create IPUIPlugin
2024-05-14 09:26:48,280 [INFO] PluginManager:220 - loadIPPluginJar : add hash
2024-05-14 09:26:48,325 [INFO] IPUIPlugin:80 - create IPUIPlugin
2024-05-14 09:26:48,325 [INFO] PluginManager:220 - loadIPPluginJar : add i2c
2024-05-14 09:26:48,360 [INFO] IPUIPlugin:80 - create IPUIPlugin
2024-05-14 09:26:48,360 [INFO] PluginManager:220 - loadIPPluginJar : add i2s
2024-05-14 09:26:48,398 [INFO] IPUIPlugin:80 - create IPUIPlugin
2024-05-14 09:26:48,398 [INFO] PluginManager:220 - loadIPPluginJar : add i3c
2024-05-14 09:26:48,492 [INFO] IPUIPlugin:80 - create IPUIPlugin
2024-05-14 09:26:48,492 [INFO] PluginManager:220 - loadIPPluginJar : add ipddr
2024-05-14 09:26:48,581 [INFO] IPUIPlugin:80 - create IPUIPlugin
2024-05-14 09:26:48,581 [INFO] PluginManager:220 - loadIPPluginJar : add linkedlist
2024-05-14 09:26:48,614 [INFO] IPUIPlugin:80 - create IPUIPlugin
2024-05-14 09:26:48,614 [INFO] PluginManager:220 - loadIPPluginJar : add lorawan
2024-05-14 09:26:48,653 [INFO] IPUIPlugin:80 - create IPUIPlugin
2024-05-14 09:26:48,653 [INFO] PluginManager:220 - loadIPPluginJar : add ltdc
2024-05-14 09:26:48,667 [INFO] IPUIPlugin:80 - create IPUIPlugin
2024-05-14 09:26:48,667 [INFO] PluginManager:220 - loadIPPluginJar : add mdma
2024-05-14 09:26:48,679 [INFO] IPUIPlugin:80 - create IPUIPlugin
2024-05-14 09:26:48,679 [INFO] PluginManager:220 - loadIPPluginJar : add nvic
2024-05-14 09:26:48,718 [INFO] IPUIPlugin:80 - create IPUIPlugin
2024-05-14 09:26:48,718 [INFO] PluginManager:220 - loadIPPluginJar : add opamp
2024-05-14 09:26:48,778 [INFO] IPUIPlugin:80 - create IPUIPlugin
2024-05-14 09:26:48,778 [INFO] PluginManager:220 - loadIPPluginJar : add openamp
2024-05-14 09:26:48,816 [INFO] IPUIPlugin:80 - create IPUIPlugin
2024-05-14 09:26:48,816 [INFO] PluginManager:220 - loadIPPluginJar : add pdm2pcm
2024-05-14 09:26:48,829 [INFO] IPUIPlugin:80 - create IPUIPlugin
2024-05-14 09:26:48,831 [INFO] PluginManager:220 - loadIPPluginJar : add plateformsettings
2024-05-14 09:26:48,856 [INFO] IPUIPlugin:80 - create IPUIPlugin
2024-05-14 09:26:48,856 [INFO] PluginManager:220 - loadIPPluginJar : add quadspi
2024-05-14 09:26:48,868 [INFO] IPUIPlugin:80 - create IPUIPlugin
2024-05-14 09:26:48,869 [INFO] PluginManager:220 - loadIPPluginJar : add resmgrutility
2024-05-14 09:26:48,916 [INFO] IPUIPlugin:80 - create IPUIPlugin
2024-05-14 09:26:48,916 [INFO] PluginManager:220 - loadIPPluginJar : add sai
2024-05-14 09:26:48,953 [INFO] IPUIPlugin:80 - create IPUIPlugin
2024-05-14 09:26:48,953 [INFO] PluginManager:220 - loadIPPluginJar : add spi
2024-05-14 09:26:49,025 [INFO] IPUIPlugin:80 - create IPUIPlugin
2024-05-14 09:26:49,025 [INFO] PluginManager:220 - loadIPPluginJar : add stm32_wpan
2024-05-14 09:26:49,047 [INFO] IPUIPlugin:80 - create IPUIPlugin
2024-05-14 09:26:49,047 [INFO] PluginManager:220 - loadIPPluginJar : add tim
2024-05-14 09:26:49,101 [INFO] IPUIPlugin:80 - create IPUIPlugin
2024-05-14 09:26:49,101 [INFO] PluginManager:220 - loadIPPluginJar : add touchsensing
2024-05-14 09:26:49,123 [INFO] IPUIPlugin:80 - create IPUIPlugin
2024-05-14 09:26:49,123 [INFO] PluginManager:220 - loadIPPluginJar : add tracer_emb
2024-05-14 09:26:49,145 [INFO] IPUIPlugin:80 - create IPUIPlugin
2024-05-14 09:26:49,145 [INFO] PluginManager:220 - loadIPPluginJar : add ts
2024-05-14 09:26:49,165 [INFO] IPUIPlugin:80 - create IPUIPlugin
2024-05-14 09:26:49,165 [INFO] PluginManager:220 - loadIPPluginJar : add tsc
2024-05-14 09:26:49,187 [INFO] IPUIPlugin:80 - create IPUIPlugin
2024-05-14 09:26:49,187 [INFO] PluginManager:220 - loadIPPluginJar : add ucpd
2024-05-14 09:26:49,231 [INFO] IPUIPlugin:80 - create IPUIPlugin
2024-05-14 09:26:49,231 [INFO] PluginManager:220 - loadIPPluginJar : add usart
2024-05-14 09:26:49,272 [INFO] IPUIPlugin:80 - create IPUIPlugin
2024-05-14 09:26:49,272 [INFO] PluginManager:220 - loadIPPluginJar : add usbx
2024-05-14 09:26:49,400 [INFO] CADModel:165 - CPN selected for project level
2024-05-14 09:26:49,402 [INFO] CADModel:114 - Register for checkConnection events
2024-05-14 09:26:49,402 [FATAL] Updater:308 - Updater called before beeing initialized
2024-05-14 09:26:49,402 [ERROR] CADModel:125 - Updater not yet initialized, retry later 
2024-05-14 09:26:49,564 [INFO] CADModel:165 - CPN selected for project level
2024-05-14 09:26:49,564 [INFO] CADModel:114 - Register for checkConnection events
2024-05-14 09:26:49,564 [FATAL] Updater:308 - Updater called before beeing initialized
2024-05-14 09:26:49,564 [ERROR] CADModel:125 - Updater not yet initialized, retry later 
2024-05-14 09:26:49,567 [FATAL] Updater:308 - Updater called before beeing initialized
2024-05-14 09:26:49,671 [FATAL] Updater:308 - Updater called before beeing initialized
2024-05-14 09:26:49,680 [INFO] DbMcusAds:53 - JSON generation date=Thu May 02 14:07:29 IST 2024 (1714639049318)
2024-05-14 09:26:49,680 [FATAL] Updater:308 - Updater called before beeing initialized
2024-05-14 09:26:49,755 [WARN] DetailPanel:346 - Failed to get advertising image, set to default
2024-05-14 09:26:49,857 [FATAL] Updater:308 - Updater called before beeing initialized
2024-05-14 09:26:49,859 [FATAL] Updater:308 - Updater called before beeing initialized
2024-05-14 09:26:49,859 [FATAL] Updater:308 - Updater called before beeing initialized
2024-05-14 09:26:49,859 [WARN] DetailPanel:346 - Failed to get advertising image, set to default
2024-05-14 09:26:49,860 [FATAL] Updater:308 - Updater called before beeing initialized
2024-05-14 09:26:49,941 [ERROR] Updater:1120 - MainUpdater not yet initialized. External WinMGr cannot be set.
2024-05-14 09:26:49,952 [INFO] Updater:1056 - Updater Version found : 6.11.0
2024-05-14 09:26:49,973 [INFO] ApplicationProperties:184 - Using Application install path: D:\STM32\STM32CubeIDE_1.15.0\STM32CubeIDE\plugins\com.st.stm32cube.common.mx_6.11.0.202403141607
2024-05-14 09:26:50,042 [INFO] ThirdPartyUpdaterWithRetryManager:70 - Updater plugin not ready yet. [2/15]
2024-05-14 09:26:51,554 [ERROR] LogOutputStream:75 - [STDERR_REDIRECT] May 14, 2024 9:26:51 AM java.util.prefs.WindowsPreferences <init>
2024-05-14 09:26:51,555 [ERROR] LogOutputStream:75 - [STDERR_REDIRECT] WARNING: Could not open/create prefs root node Software\JavaSoft\Prefs at root 0xffffffff80000002. Windows RegCreateKeyEx(...) returned error code 5.
2024-05-14 09:26:51,555 [ERROR] LogOutputStream:75 - [STDERR_REDIRECT] 
2024-05-14 09:26:51,913 [INFO] MainUpdater:2873 - connection check result : 10
2024-05-14 09:26:51,914 [INFO] MainUpdater:290 - Updater Check For Update Now.
2024-05-14 09:26:51,914 [INFO] MicroXplorer:498 - Change Database Version : DB.6.0.110
2024-05-14 09:26:51,935 [INFO] McuFinderGlobals:63 - Set McuFinder mode to 2 (CubeIDE integrated)
2024-05-14 09:26:51,950 [INFO] UserAuth:415 - Internet connection configuration mode: 1
2024-05-14 09:26:51,985 [INFO] JxBrowserEngine:152 - Initiate JxBrowser Engine with user profile folder
2024-05-14 09:26:52,133 [INFO] CheckServerUpdateThread:120 - End of CheckServer Thread
2024-05-14 09:26:53,251 [WARN] PackLoader:240 - Cannot read IP mode file for STMicroelectronics.FP-SNS-MOTENVWB1.1.4.0
2024-05-14 09:26:53,271 [WARN] PackLoader:240 - Cannot read IP mode file for STMicroelectronics.X-CUBE-SMBUS.2.1.0
2024-05-14 09:26:53,287 [WARN] PackLoader:240 - Cannot read IP mode file for STMicroelectronics.X-CUBE-TOUCHGFX.4.23.1
2024-05-14 09:26:53,300 [WARN] PackLoader:240 - Cannot read IP mode file for STMicroelectronics.X-CUBE-TOUCHGFX.4.23.0
2024-05-14 09:26:53,313 [WARN] PackLoader:240 - Cannot read IP mode file for STMicroelectronics.X-CUBE-TOUCHGFX.4.23.2
2024-05-14 09:26:53,359 [WARN] PackLoader:240 - Cannot read IP mode file for STMicroelectronics.X-CUBE-AZRTOS-F7.1.1.0
2024-05-14 09:26:53,379 [WARN] PackLoader:240 - Cannot read IP mode file for STMicroelectronics.FP-SNS-MOTENV1.4.3.2
2024-05-14 09:26:53,399 [WARN] PackLoader:240 - Cannot read IP mode file for STMicroelectronics.FP-SNS-FLIGHT1.5.0.2
2024-05-14 09:26:53,424 [WARN] PackLoader:240 - Cannot read IP mode file for STMicroelectronics.X-CUBE-DISPLAY.3.0.0
2024-05-14 09:26:53,448 [WARN] PackLoader:240 - Cannot read IP mode file for STMicroelectronics.X-CUBE-BLE1.7.0.0
2024-05-14 09:26:53,464 [WARN] PackLoader:240 - Cannot read IP mode file for emotas.I-CUBE-CANOPEN.1.3.0
2024-05-14 09:26:53,488 [WARN] PackLoader:240 - Cannot read IP mode file for STMicroelectronics.X-CUBE-BLEMGR.3.1.0
2024-05-14 09:26:53,507 [WARN] PackLoader:240 - Cannot read IP mode file for STMicroelectronics.FP-SNS-SMARTAG2.1.2.0
2024-05-14 09:26:53,534 [INFO] LogOutputStream:77 - [STDOUT_REDIRECT] 1 : Invalid condition id : UX_CORESTACK_Condition cause : null
2024-05-14 09:26:53,534 [INFO] LogOutputStream:77 - [STDOUT_REDIRECT] 1 : Invalid condition id : UX_CORESTACK_Condition cause : null
2024-05-14 09:26:53,537 [INFO] LogOutputStream:77 - [STDOUT_REDIRECT] 1 : Invalid condition id : UX_CORESTACK_Condition cause : null
2024-05-14 09:26:53,537 [INFO] LogOutputStream:77 - [STDOUT_REDIRECT] 1 : Invalid condition id : UX_CORESTACK_Condition cause : null
2024-05-14 09:26:53,538 [INFO] LogOutputStream:77 - [STDOUT_REDIRECT] 1 : Invalid condition id : UX_CORESTACK_Condition cause : null
2024-05-14 09:26:53,541 [WARN] PackLoader:240 - Cannot read IP mode file for STMicroelectronics.X-CUBE-AZRTOS-WL.2.0.0
2024-05-14 09:26:53,557 [WARN] PackLoader:240 - Cannot read IP mode file for STMicroelectronics.FP-SNS-MOTENV1.5.0.0
2024-05-14 09:26:53,586 [WARN] PackLoader:240 - Cannot read IP mode file for WES.I-CUBE-Cesium.1.3.0
2024-05-14 09:26:53,601 [WARN] PackLoader:240 - Cannot read IP mode file for STMicroelectronics.X-CUBE-BLE2.3.3.0
2024-05-14 09:26:53,618 [WARN] PackLoader:240 - Cannot read IP mode file for STMicroelectronics.X-CUBE-TCPP.4.1.0
2024-05-14 09:26:53,641 [WARN] PackLoader:240 - Cannot read IP mode file for STMicroelectronics.X-CUBE-ALGOBUILD.1.3.0
2024-05-14 09:26:53,670 [WARN] PackLoader:240 - Cannot read IP mode file for STMicroelectronics.X-CUBE-AZRTOS-G0.1.1.0
2024-05-14 09:26:53,688 [WARN] PackLoader:240 - Cannot read IP mode file for STMicroelectronics.X-CUBE-SAFEA1.1.2.2
2024-05-14 09:26:53,706 [WARN] PackLoader:240 - Cannot read IP mode file for STMicroelectronics.X-CUBE-NFC4.3.0.0
2024-05-14 09:26:53,719 [WARN] PackLoader:240 - Cannot read IP mode file for STMicroelectronics.FP-ATR-SIGFOX1.3.2.0
2024-05-14 09:26:53,735 [WARN] PackLoader:240 - Cannot read IP mode file for STMicroelectronics.X-CUBE-EEPRMA1.5.1.0
2024-05-14 09:26:53,776 [WARN] PackLoader:240 - Cannot read IP mode file for SEGGER.I-CUBE-embOS.1.3.1
2024-05-14 09:26:53,836 [WARN] PackLoader:240 - Cannot read IP mode file for STMicroelectronics.X-CUBE-ALGOBUILD.1.4.0
2024-05-14 09:26:53,859 [WARN] PackLoader:240 - Cannot read IP mode file for STMicroelectronics.X-CUBE-GNSS1.6.0.0
2024-05-14 09:26:53,901 [WARN] PackLoader:240 - Cannot read IP mode file for STMicroelectronics.X-CUBE-AZRTOS-F4.1.1.0
2024-05-14 09:26:53,922 [WARN] PackLoader:240 - Cannot read IP mode file for STMicroelectronics.X-CUBE-FREERTOS.1.2.0
2024-05-14 09:26:53,940 [WARN] PackLoader:240 - Cannot read IP mode file for wolfSSL.I-CUBE-wolfSSL.5.6.6
2024-05-14 09:26:53,977 [WARN] PackLoader:240 - Cannot read IP mode file for STMicroelectronics.X-CUBE-AZRTOS-L5.2.0.0
2024-05-14 09:26:54,009 [WARN] PackLoader:240 - Cannot read IP mode file for STMicroelectronics.X-CUBE-NFC6.3.1.0
2024-05-14 09:26:54,031 [WARN] PackLoader:240 - Cannot read IP mode file for ITTIA_DB.I-CUBE-ITTIADB.8.8.0
2024-05-14 09:26:54,054 [WARN] PackLoader:240 - Cannot read IP mode file for STMicroelectronics.X-CUBE-AI.9.0.0
2024-05-14 09:26:54,091 [WARN] PackLoader:240 - Cannot read IP mode file for STMicroelectronics.X-CUBE-NFC7.1.0.1
2024-05-14 09:26:54,117 [WARN] PackLoader:240 - Cannot read IP mode file for STMicroelectronics.X-CUBE-AI.8.1.0
2024-05-14 09:26:54,163 [WARN] ConditionMgr:438 - getConditionDescription Invalid condition id : LAN8742 Phy interface Condition cause : null
2024-05-14 09:26:54,164 [WARN] PackLoader:240 - Cannot read IP mode file for STMicroelectronics.X-CUBE-AZRTOS-L4.2.0.0
2024-05-14 09:26:54,166 [WARN] ConditionMgr:1039 - genDependencies : Invalid condition id : LAN8742 Phy interface Condition cause : null
2024-05-14 09:26:54,166 [WARN] ConditionMgr:1039 - genDependencies : Invalid condition id : LAN8742 Phy interface Condition cause : null
2024-05-14 09:26:54,167 [WARN] ConditionMgr:1039 - genDependencies : Invalid condition id : LAN8742 Phy interface Condition cause : null
2024-05-14 09:26:54,185 [WARN] PackLoader:240 - Cannot read IP mode file for STMicroelectronics.X-CUBE-SFXS2LP1.4.0.0
2024-05-14 09:26:54,219 [WARN] ConditionMgr:438 - getConditionDescription Invalid condition id : UX DEVICE CLASS RTOS Condition cause : null
2024-05-14 09:26:54,219 [WARN] ConditionMgr:438 - getConditionDescription Invalid condition id : UX DEVICE CLASS RTOS Condition cause : null
2024-05-14 09:26:54,220 [WARN] PackLoader:240 - Cannot read IP mode file for STMicroelectronics.X-CUBE-AZRTOS-WB.2.0.0
2024-05-14 09:26:54,221 [WARN] ConditionMgr:1039 - genDependencies : Invalid condition id : UX DEVICE CLASS RTOS Condition cause : null
2024-05-14 09:26:54,221 [WARN] ConditionMgr:1039 - genDependencies : Invalid condition id : UX DEVICE CLASS RTOS Condition cause : null
2024-05-14 09:26:54,221 [WARN] ConditionMgr:1039 - genDependencies : Invalid condition id : UX DEVICE CLASS RTOS Condition cause : null
2024-05-14 09:26:54,221 [WARN] ConditionMgr:1039 - genDependencies : Invalid condition id : UX DEVICE CLASS RTOS Condition cause : null
2024-05-14 09:26:54,221 [WARN] ConditionMgr:1039 - genDependencies : Invalid condition id : UX DEVICE CLASS RTOS Condition cause : null
2024-05-14 09:26:54,237 [WARN] PackLoader:240 - Cannot read IP mode file for STMicroelectronics.X-CUBE-SUBG2.5.0.0
2024-05-14 09:26:54,271 [WARN] PackLoader:240 - Cannot read IP mode file for STMicroelectronics.X-CUBE-AZRTOS-G4.2.0.0
2024-05-14 09:26:54,290 [WARN] PackLoader:240 - Cannot read IP mode file for Infineon.AIROC-Wi-Fi-Bluetooth-STM32.1.5.1
2024-05-14 09:26:54,304 [WARN] PackLoader:240 - Cannot read IP mode file for STMicroelectronics.FP-SNS-MOTENVWB1.1.3.1
2024-05-14 09:26:54,320 [WARN] PackLoader:240 - Cannot read IP mode file for STMicroelectronics.X-CUBE-ISPU.2.0.0
2024-05-14 09:26:54,366 [WARN] PackLoader:240 - Cannot read IP mode file for STMicroelectronics.X-CUBE-MEMS1.10.0.0
2024-05-14 09:26:54,499 [WARN] PackLoader:240 - Cannot read IP mode file for STMicroelectronics.X-CUBE-FREERTOS.1.1.0
2024-05-14 09:26:54,512 [WARN] PackLoader:240 - Cannot read IP mode file for portGmbH.I-Cube-SoM-uGOAL.1.1.0
2024-05-14 09:26:54,526 [WARN] PackLoader:240 - Cannot read IP mode file for STMicroelectronics.X-CUBE-ALS.1.0.1
2024-05-14 09:26:54,552 [WARN] PackLoader:240 - Cannot read IP mode file for STMicroelectronics.X-CUBE-AZRTOS-H7RS.1.0.0
2024-05-14 09:26:54,566 [WARN] PackLoader:240 - Cannot read IP mode file for STMicroelectronics.FP-ATR-ASTRA1.2.0.0
2024-05-14 09:26:54,585 [WARN] PackLoader:240 - Cannot read IP mode file for STMicroelectronics.X-CUBE-TOF1.3.4.1
2024-05-14 09:26:54,631 [WARN] PackLoader:240 - Cannot read IP mode file for STMicroelectronics.X-CUBE-AZRTOS-H7.3.2.0
2024-05-14 09:26:54,635 [INFO] ThirdParty:978 - Integrity check success = true
2024-05-14 09:26:54,635 [INFO] IntegrityCheckThread:100 - exiting critical section [integrity check]
2024-05-14 09:26:54,635 [INFO] IntegrityCheckThread:103 - End integrity checks thread
2024-05-14 09:26:57,109 [INFO] WebApp:161 - Instantiating new browser for Auth
2024-05-14 09:26:57,715 [INFO] WebApp:779 - Register for checkConnection events
2024-05-14 09:26:57,715 [INFO] WebApp:414 - Apply proxy settings
2024-05-14 09:26:57,715 [INFO] WebApp:499 - Chromium requires no authentication
2024-05-14 09:26:57,724 [INFO] WebApp:442 - Direct internet connection detected
2024-05-14 09:26:57,925 [INFO] WebApp:192 - Starting web application
2024-05-14 09:26:57,925 [INFO] WebApp:544 - Web application path used D:\STM32\STM32CubeIDE_1.15.0\STM32CubeIDE\plugins\com.st.stm32cube.common.mx_6.11.0.202403141607\db\plugins\mcufinder\reactClient1\index.html
2024-05-14 11:32:32,431 [ERROR] LogOutputStream:75 - [STDERR_REDIRECT] 
2024-05-14 11:32:32,432 [ERROR] LogOutputStream:75 - [STDERR_REDIRECT] 
