2024-04-25 09:49:44,017 [INFO] Activator:176 - 


2024-04-25 09:49:44,022 [INFO] Activator:177 - !SESSION log4j initialized
2024-04-25 09:49:50,376 [INFO] LogOutputStream:77 - [STDOUT_REDIRECT] 
2024-04-25 09:49:52,885 [INFO] ApplicationProperties:184 - Using Application install path: D:\STM32\STM32CubeIDE_1.15.0\STM32CubeIDE\plugins\com.st.stm32cube.common.mx_6.11.0.202403141607
2024-04-25 09:49:52,906 [INFO] DbMcusXml:78 - Set database path to: D:\STM32\STM32CubeIDE_1.15.0\STM32CubeIDE\plugins\com.st.stm32cube.common.mx_6.11.0.202403141607\\db\/mcu/
2024-04-25 09:49:52,907 [INFO] ApiDb:274 - Set plugin database path to: D:\STM32\STM32CubeIDE_1.15.0\STM32CubeIDE\plugins\com.st.stm32cube.common.mx_6.11.0.202403141607\\db\/plugins/boardmanager/
2024-04-25 09:49:52,907 [WARN] ApiDb:259 - Overriding images path with different value:  => D:\STM32\STM32CubeIDE_1.15.0\STM32CubeIDE\plugins\com.st.stm32cube.common.mx_6.11.0.202403141607\\db\/plugins/mcufinder/images/
2024-04-25 09:49:52,922 [INFO] ApiDb:250 - Set database path to: C:\Users\DISHANT\.stmcufinder\plugins\mcufinder//mcu/
2024-04-25 09:49:52,924 [INFO] DbMcusAds:125 - Set database path to: C:\Users\DISHANT\.stmcufinder\plugins\mcufinder//mcu/
2024-04-25 09:49:52,926 [INFO] CrossReferenceDbSqlite:203 - Set database path to: C:\Users\DISHANT\.stmcufinder\plugins\mcufinder//mcu/cs/
2024-04-25 09:49:53,086 [INFO] RulesReader:64 - Compatibility file has been processed (297 Rules)
2024-04-25 09:49:53,187 [INFO] DbMcusXml:78 - Set database path to: D:\STM32\STM32CubeIDE_1.15.0\STM32CubeIDE\plugins\com.st.stm32cube.common.mx_6.11.0.202403141607\\db\/mcu/
2024-04-25 09:49:53,187 [INFO] ApiDb:274 - Set plugin database path to: D:\STM32\STM32CubeIDE_1.15.0\STM32CubeIDE\plugins\com.st.stm32cube.common.mx_6.11.0.202403141607\\db\/plugins/boardmanager/
2024-04-25 09:49:53,187 [INFO] ApiDb:261 - Set plugin images path to: D:\STM32\STM32CubeIDE_1.15.0\STM32CubeIDE\plugins\com.st.stm32cube.common.mx_6.11.0.202403141607\\db\/plugins/mcufinder/images/
2024-04-25 09:49:53,187 [WARN] DbFile:41 - Overriding database path with different value: C:\Users\DISHANT\.stmcufinder\plugins\mcufinder/ => C:\Users\DISHANT\.stmcufinder\plugins\mcufinder
2024-04-25 09:49:53,187 [INFO] ApiDb:250 - Set database path to: C:\Users\DISHANT\.stmcufinder\plugins\mcufinder//mcu/
2024-04-25 09:49:53,187 [WARN] DbFile:41 - Overriding database path with different value: C:\Users\DISHANT\.stmcufinder\plugins\mcufinder/ => C:\Users\DISHANT\.stmcufinder\plugins\mcufinder
2024-04-25 09:49:53,187 [INFO] DbMcusAds:125 - Set database path to: C:\Users\DISHANT\.stmcufinder\plugins\mcufinder//mcu/
2024-04-25 09:49:53,188 [WARN] DbFile:41 - Overriding database path with different value: C:\Users\DISHANT\.stmcufinder\plugins\mcufinder/ => C:\Users\DISHANT\.stmcufinder\plugins\mcufinder
2024-04-25 09:49:53,188 [WARN] DbFile:41 - Overriding database path with different value: C:\Users\DISHANT\.stmcufinder\plugins\mcufinder/ => C:\Users\DISHANT\.stmcufinder\plugins\mcufinder
2024-04-25 09:49:53,188 [INFO] CrossReferenceDbSqlite:203 - Set database path to: C:\Users\DISHANT\.stmcufinder\plugins\mcufinder//mcu/cs/
2024-04-25 09:49:53,279 [INFO] MainPanel:264 - HeapMemory: 268435456
2024-04-25 09:49:53,392 [INFO] DbMcusXml:78 - Set database path to: D:\STM32\STM32CubeIDE_1.15.0\STM32CubeIDE\plugins\com.st.stm32cube.common.mx_6.11.0.202403141607\\db\/mcu/
2024-04-25 09:49:53,392 [INFO] ApiDb:274 - Set plugin database path to: D:\STM32\STM32CubeIDE_1.15.0\STM32CubeIDE\plugins\com.st.stm32cube.common.mx_6.11.0.202403141607\\db\/plugins/boardmanager/
2024-04-25 09:49:53,392 [INFO] ApiDb:261 - Set plugin images path to: D:\STM32\STM32CubeIDE_1.15.0\STM32CubeIDE\plugins\com.st.stm32cube.common.mx_6.11.0.202403141607\\db\/plugins/mcufinder/images/
2024-04-25 09:49:53,392 [WARN] DbFile:41 - Overriding database path with different value: C:\Users\DISHANT\.stmcufinder\plugins\mcufinder/ => C:\Users\DISHANT\.stmcufinder\plugins\mcufinder
2024-04-25 09:49:53,392 [INFO] ApiDb:250 - Set database path to: C:\Users\DISHANT\.stmcufinder\plugins\mcufinder//mcu/
2024-04-25 09:49:53,393 [WARN] DbFile:41 - Overriding database path with different value: C:\Users\DISHANT\.stmcufinder\plugins\mcufinder/ => C:\Users\DISHANT\.stmcufinder\plugins\mcufinder
2024-04-25 09:49:53,393 [INFO] DbMcusAds:125 - Set database path to: C:\Users\DISHANT\.stmcufinder\plugins\mcufinder//mcu/
2024-04-25 09:49:53,393 [WARN] DbFile:41 - Overriding database path with different value: C:\Users\DISHANT\.stmcufinder\plugins\mcufinder/ => C:\Users\DISHANT\.stmcufinder\plugins\mcufinder
2024-04-25 09:49:53,393 [WARN] DbFile:41 - Overriding database path with different value: C:\Users\DISHANT\.stmcufinder\plugins\mcufinder/ => C:\Users\DISHANT\.stmcufinder\plugins\mcufinder
2024-04-25 09:49:53,393 [INFO] CrossReferenceDbSqlite:203 - Set database path to: C:\Users\DISHANT\.stmcufinder\plugins\mcufinder//mcu/cs/
2024-04-25 09:49:53,415 [INFO] ApplicationProperties:184 - Using Application install path: D:\STM32\STM32CubeIDE_1.15.0\STM32CubeIDE\plugins\com.st.stm32cube.common.mx_6.11.0.202403141607
2024-04-25 09:49:53,417 [INFO] PluginManage:196 - Search for loadable plugins [exclusion list=, ]
2024-04-25 09:49:53,419 [INFO] PluginManage:310 - Check plugin analytics
2024-04-25 09:49:53,617 [INFO] AnalyticsPlugin:253 - Accepted Software Licenses: STM32CubeMX.6.11.0
2024-04-25 09:49:53,617 [INFO] AnalyticsPlugin:255 - Accepted CMSIS Pack Licenses: 
2024-04-25 09:49:53,617 [INFO] AnalyticsPlugin:257 - Accepted Firmware Licenses: FW.L4.1.18.0
2024-04-25 09:49:53,620 [INFO] PluginManage:359 - Loaded plugin analytics (category:tool,tabindex:-1)
2024-04-25 09:49:53,620 [INFO] PluginManage:310 - Check plugin cadmodel
2024-04-25 09:49:53,639 [INFO] CADModel:105 - Init CAD model plugin
2024-04-25 09:49:53,639 [INFO] PluginManage:359 - Loaded plugin cadmodel (category:power,tabindex:5)
2024-04-25 09:49:53,639 [INFO] PluginManage:310 - Check plugin clock
2024-04-25 09:49:53,661 [INFO] PluginManage:359 - Loaded plugin clock (category:base,tabindex:2)
2024-04-25 09:49:53,661 [INFO] PluginManage:310 - Check plugin ddr
2024-04-25 09:49:53,665 [INFO] PluginManage:359 - Loaded plugin ddr (category:tool,tabindex:6)
2024-04-25 09:49:53,665 [INFO] PluginManage:310 - Check plugin filemanager
2024-04-25 09:49:53,822 [INFO] PluginManage:359 - Loaded plugin filemanager (category:base,tabindex:10)
2024-04-25 09:49:53,823 [INFO] PluginManage:310 - Check plugin ipmanager
2024-04-25 09:49:53,830 [INFO] PluginManage:359 - Loaded plugin ipmanager (category:base,tabindex:5)
2024-04-25 09:49:53,830 [INFO] PluginManage:310 - Check plugin lpbam
2024-04-25 09:49:53,850 [INFO] PluginManage:359 - Loaded plugin lpbam (category:base,tabindex:0)
2024-04-25 09:49:53,850 [INFO] PluginManage:310 - Check plugin memorymap
2024-04-25 09:49:53,874 [INFO] PluginManage:359 - Loaded plugin memorymap (category:base,tabindex:4)
2024-04-25 09:49:53,875 [INFO] PluginManage:310 - Check plugin pinoutandconfiguration
2024-04-25 09:49:53,891 [INFO] PluginManage:359 - Loaded plugin pinoutandconfiguration (category:base,tabindex:1)
2024-04-25 09:49:53,891 [INFO] PluginManage:310 - Check plugin pinoutconfig
2024-04-25 09:49:53,992 [WARN] SupportedApi:132 - Cannot load RTOS API schema: s4s-elt-must-match.1: The content of 'definitions' must match (annotation?, (simpleType | complexType)?, (unique | key | keyref)*)). A problem was found starting at: attribute.
2024-04-25 09:49:54,132 [INFO] PluginManage:359 - Loaded plugin pinoutconfig (category:base,tabindex:0)
2024-04-25 09:49:54,132 [INFO] PluginManage:310 - Check plugin power
2024-04-25 09:49:54,153 [INFO] PluginManage:359 - Loaded plugin power (category:power,tabindex:4)
2024-04-25 09:49:54,153 [INFO] PluginManage:310 - Check plugin projectmanager
2024-04-25 09:49:54,167 [INFO] PluginManage:359 - Loaded plugin projectmanager (category:projectmanager,tabindex:3)
2024-04-25 09:49:54,169 [INFO] PluginManage:310 - Check plugin thirdparty
2024-04-25 09:49:54,460 [INFO] PluginManage:359 - Loaded plugin thirdparty (category:base,tabindex:-1)
2024-04-25 09:49:54,460 [INFO] PluginManage:310 - Check plugin tools
2024-04-25 09:49:54,460 [WARN] IntegrityCheckThread:84 - waiting for thirdparty lock release [integrity check]
2024-04-25 09:49:54,461 [INFO] IntegrityCheckThread:86 - entering critical section [integrity check]
2024-04-25 09:49:54,461 [INFO] ThirdPartyUpdaterWithRetryManager:70 - Updater plugin not ready yet. [1/15]
2024-04-25 09:49:54,495 [INFO] PluginManage:359 - Loaded plugin tools (category:base,tabindex:7)
2024-04-25 09:49:54,495 [INFO] PluginManage:310 - Check plugin tutovideos
2024-04-25 09:49:54,709 [INFO] PluginManage:359 - Loaded plugin tutovideos (category:base,tabindex:-1)
2024-04-25 09:49:54,709 [INFO] PluginManage:310 - Check plugin updater
2024-04-25 09:49:54,721 [INFO] PluginManage:359 - Loaded plugin updater (category:base,tabindex:12)
2024-04-25 09:49:54,721 [INFO] PluginManage:310 - Check plugin userauth
2024-04-25 09:49:54,727 [INFO] UserAuth:114 - Init User Auth plugin
2024-04-25 09:49:54,727 [INFO] PluginManage:359 - Loaded plugin userauth (category:base,tabindex:14)
2024-04-25 09:49:54,728 [INFO] PluginManage:283 - PluginManage : Loaded plugins [17]
2024-04-25 09:49:54,974 [INFO] PinOutPanel:1561 - setPackage(No Configuration,No Configuration)
2024-04-25 09:49:55,056 [INFO] CADModel:165 - CPN selected for project level
2024-04-25 09:49:55,056 [INFO] CADModel:114 - Register for checkConnection events
2024-04-25 09:49:55,082 [INFO] IPUIPlugin:80 - create IPUIPlugin
2024-04-25 09:49:55,083 [INFO] PluginManager:220 - loadIPPluginJar : add adc
2024-04-25 09:49:55,114 [INFO] IPUIPlugin:80 - create IPUIPlugin
2024-04-25 09:49:55,114 [INFO] PluginManager:220 - loadIPPluginJar : add aes
2024-04-25 09:49:55,149 [INFO] IPUIPlugin:80 - create IPUIPlugin
2024-04-25 09:49:55,149 [INFO] PluginManager:220 - loadIPPluginJar : add can
2024-04-25 09:49:55,170 [INFO] IPUIPlugin:80 - create IPUIPlugin
2024-04-25 09:49:55,170 [INFO] PluginManager:220 - loadIPPluginJar : add comp
2024-04-25 09:49:55,201 [INFO] IPUIPlugin:80 - create IPUIPlugin
2024-04-25 09:49:55,201 [INFO] PluginManager:220 - loadIPPluginJar : add cryp
2024-04-25 09:49:55,228 [INFO] IPUIPlugin:80 - create IPUIPlugin
2024-04-25 09:49:55,229 [INFO] PluginManager:220 - loadIPPluginJar : add dfsdm
2024-04-25 09:49:55,242 [INFO] IPUIPlugin:80 - create IPUIPlugin
2024-04-25 09:49:55,242 [INFO] PluginManager:220 - loadIPPluginJar : add dma
2024-04-25 09:49:55,280 [INFO] IPUIPlugin:80 - create IPUIPlugin
2024-04-25 09:49:55,280 [INFO] PluginManager:220 - loadIPPluginJar : add dma3
2024-04-25 09:49:55,317 [INFO] IPUIPlugin:80 - create IPUIPlugin
2024-04-25 09:49:55,317 [INFO] PluginManager:220 - loadIPPluginJar : add extmemmanager
2024-04-25 09:49:55,336 [INFO] IPUIPlugin:80 - create IPUIPlugin
2024-04-25 09:49:55,336 [INFO] PluginManager:220 - loadIPPluginJar : add fatfs
2024-04-25 09:49:55,384 [INFO] IPUIPlugin:80 - create IPUIPlugin
2024-04-25 09:49:55,384 [INFO] PluginManager:220 - loadIPPluginJar : add fmc
2024-04-25 09:49:55,400 [INFO] IPUIPlugin:80 - create IPUIPlugin
2024-04-25 09:49:55,400 [INFO] PluginManager:220 - loadIPPluginJar : add freertos
2024-04-25 09:49:55,419 [INFO] IPUIPlugin:80 - create IPUIPlugin
2024-04-25 09:49:55,419 [INFO] PluginManager:220 - loadIPPluginJar : add genericplugin
2024-04-25 09:49:55,491 [INFO] IPUIPlugin:80 - create IPUIPlugin
2024-04-25 09:49:55,492 [INFO] PluginManager:220 - loadIPPluginJar : add gfxmmu
2024-04-25 09:49:55,601 [INFO] IPUIPlugin:80 - create IPUIPlugin
2024-04-25 09:49:55,601 [INFO] PluginManager:220 - loadIPPluginJar : add gic
2024-04-25 09:49:55,614 [INFO] IPUIPlugin:80 - create IPUIPlugin
2024-04-25 09:49:55,614 [INFO] PluginManager:220 - loadIPPluginJar : add gpio
2024-04-25 09:49:55,690 [INFO] IPUIPlugin:80 - create IPUIPlugin
2024-04-25 09:49:55,690 [INFO] PluginManager:220 - loadIPPluginJar : add gtzc
2024-04-25 09:49:55,719 [INFO] IPUIPlugin:80 - create IPUIPlugin
2024-04-25 09:49:55,719 [INFO] PluginManager:220 - loadIPPluginJar : add hash
2024-04-25 09:49:55,762 [INFO] IPUIPlugin:80 - create IPUIPlugin
2024-04-25 09:49:55,762 [INFO] PluginManager:220 - loadIPPluginJar : add i2c
2024-04-25 09:49:55,799 [INFO] IPUIPlugin:80 - create IPUIPlugin
2024-04-25 09:49:55,799 [INFO] PluginManager:220 - loadIPPluginJar : add i2s
2024-04-25 09:49:55,833 [INFO] IPUIPlugin:80 - create IPUIPlugin
2024-04-25 09:49:55,833 [INFO] PluginManager:220 - loadIPPluginJar : add i3c
2024-04-25 09:49:55,925 [INFO] IPUIPlugin:80 - create IPUIPlugin
2024-04-25 09:49:55,925 [INFO] PluginManager:220 - loadIPPluginJar : add ipddr
2024-04-25 09:49:56,002 [INFO] IPUIPlugin:80 - create IPUIPlugin
2024-04-25 09:49:56,002 [INFO] PluginManager:220 - loadIPPluginJar : add linkedlist
2024-04-25 09:49:56,032 [INFO] IPUIPlugin:80 - create IPUIPlugin
2024-04-25 09:49:56,033 [INFO] PluginManager:220 - loadIPPluginJar : add lorawan
2024-04-25 09:49:56,064 [INFO] IPUIPlugin:80 - create IPUIPlugin
2024-04-25 09:49:56,065 [INFO] PluginManager:220 - loadIPPluginJar : add ltdc
2024-04-25 09:49:56,080 [INFO] IPUIPlugin:80 - create IPUIPlugin
2024-04-25 09:49:56,080 [INFO] PluginManager:220 - loadIPPluginJar : add mdma
2024-04-25 09:49:56,092 [INFO] IPUIPlugin:80 - create IPUIPlugin
2024-04-25 09:49:56,092 [INFO] PluginManager:220 - loadIPPluginJar : add nvic
2024-04-25 09:49:56,123 [INFO] IPUIPlugin:80 - create IPUIPlugin
2024-04-25 09:49:56,123 [INFO] PluginManager:220 - loadIPPluginJar : add opamp
2024-04-25 09:49:56,181 [INFO] IPUIPlugin:80 - create IPUIPlugin
2024-04-25 09:49:56,181 [INFO] PluginManager:220 - loadIPPluginJar : add openamp
2024-04-25 09:49:56,228 [INFO] IPUIPlugin:80 - create IPUIPlugin
2024-04-25 09:49:56,228 [INFO] PluginManager:220 - loadIPPluginJar : add pdm2pcm
2024-04-25 09:49:56,242 [INFO] IPUIPlugin:80 - create IPUIPlugin
2024-04-25 09:49:56,244 [INFO] PluginManager:220 - loadIPPluginJar : add plateformsettings
2024-04-25 09:49:56,264 [INFO] IPUIPlugin:80 - create IPUIPlugin
2024-04-25 09:49:56,264 [INFO] PluginManager:220 - loadIPPluginJar : add quadspi
2024-04-25 09:49:56,277 [INFO] IPUIPlugin:80 - create IPUIPlugin
2024-04-25 09:49:56,278 [INFO] PluginManager:220 - loadIPPluginJar : add resmgrutility
2024-04-25 09:49:56,325 [INFO] IPUIPlugin:80 - create IPUIPlugin
2024-04-25 09:49:56,326 [INFO] PluginManager:220 - loadIPPluginJar : add sai
2024-04-25 09:49:56,358 [INFO] IPUIPlugin:80 - create IPUIPlugin
2024-04-25 09:49:56,358 [INFO] PluginManager:220 - loadIPPluginJar : add spi
2024-04-25 09:49:56,417 [INFO] IPUIPlugin:80 - create IPUIPlugin
2024-04-25 09:49:56,417 [INFO] PluginManager:220 - loadIPPluginJar : add stm32_wpan
2024-04-25 09:49:56,439 [INFO] IPUIPlugin:80 - create IPUIPlugin
2024-04-25 09:49:56,439 [INFO] PluginManager:220 - loadIPPluginJar : add tim
2024-04-25 09:49:56,491 [INFO] IPUIPlugin:80 - create IPUIPlugin
2024-04-25 09:49:56,491 [INFO] PluginManager:220 - loadIPPluginJar : add touchsensing
2024-04-25 09:49:56,511 [INFO] IPUIPlugin:80 - create IPUIPlugin
2024-04-25 09:49:56,511 [INFO] PluginManager:220 - loadIPPluginJar : add tracer_emb
2024-04-25 09:49:56,530 [INFO] IPUIPlugin:80 - create IPUIPlugin
2024-04-25 09:49:56,530 [INFO] PluginManager:220 - loadIPPluginJar : add ts
2024-04-25 09:49:56,548 [INFO] IPUIPlugin:80 - create IPUIPlugin
2024-04-25 09:49:56,548 [INFO] PluginManager:220 - loadIPPluginJar : add tsc
2024-04-25 09:49:56,567 [INFO] IPUIPlugin:80 - create IPUIPlugin
2024-04-25 09:49:56,567 [INFO] PluginManager:220 - loadIPPluginJar : add ucpd
2024-04-25 09:49:56,603 [INFO] IPUIPlugin:80 - create IPUIPlugin
2024-04-25 09:49:56,603 [INFO] PluginManager:220 - loadIPPluginJar : add usart
2024-04-25 09:49:56,642 [INFO] IPUIPlugin:80 - create IPUIPlugin
2024-04-25 09:49:56,642 [INFO] PluginManager:220 - loadIPPluginJar : add usbx
2024-04-25 09:49:56,767 [INFO] CADModel:165 - CPN selected for project level
2024-04-25 09:49:56,767 [INFO] CADModel:114 - Register for checkConnection events
2024-04-25 09:49:56,767 [FATAL] Updater:308 - Updater called before beeing initialized
2024-04-25 09:49:56,767 [ERROR] CADModel:125 - Updater not yet initialized, retry later 
2024-04-25 09:49:56,928 [INFO] CADModel:165 - CPN selected for project level
2024-04-25 09:49:56,928 [INFO] CADModel:114 - Register for checkConnection events
2024-04-25 09:49:56,928 [FATAL] Updater:308 - Updater called before beeing initialized
2024-04-25 09:49:56,928 [ERROR] CADModel:125 - Updater not yet initialized, retry later 
2024-04-25 09:49:56,932 [FATAL] Updater:308 - Updater called before beeing initialized
2024-04-25 09:49:57,035 [FATAL] Updater:308 - Updater called before beeing initialized
2024-04-25 09:49:57,045 [INFO] DbMcusAds:53 - JSON generation date=Wed Nov 29 16:22:27 IST 2023 (1701255147349)
2024-04-25 09:49:57,045 [FATAL] Updater:308 - Updater called before beeing initialized
2024-04-25 09:49:57,117 [WARN] DetailPanel:346 - Failed to get advertising image, set to default
2024-04-25 09:49:57,230 [FATAL] Updater:308 - Updater called before beeing initialized
2024-04-25 09:49:57,232 [FATAL] Updater:308 - Updater called before beeing initialized
2024-04-25 09:49:57,232 [FATAL] Updater:308 - Updater called before beeing initialized
2024-04-25 09:49:57,232 [WARN] DetailPanel:346 - Failed to get advertising image, set to default
2024-04-25 09:49:57,243 [FATAL] Updater:308 - Updater called before beeing initialized
2024-04-25 09:49:57,300 [ERROR] Updater:1120 - MainUpdater not yet initialized. External WinMGr cannot be set.
2024-04-25 09:49:57,309 [INFO] Updater:1056 - Updater Version found : 6.11.0
2024-04-25 09:49:57,327 [INFO] ApplicationProperties:184 - Using Application install path: D:\STM32\STM32CubeIDE_1.15.0\STM32CubeIDE\plugins\com.st.stm32cube.common.mx_6.11.0.202403141607
2024-04-25 09:49:57,462 [INFO] ThirdPartyUpdaterWithRetryManager:70 - Updater plugin not ready yet. [2/15]
2024-04-25 09:49:58,905 [ERROR] LogOutputStream:75 - [STDERR_REDIRECT] Apr 25, 2024 9:49:58 AM java.util.prefs.WindowsPreferences <init>
2024-04-25 09:49:58,906 [ERROR] LogOutputStream:75 - [STDERR_REDIRECT] WARNING: Could not open/create prefs root node Software\JavaSoft\Prefs at root 0xffffffff80000002. Windows RegCreateKeyEx(...) returned error code 5.
2024-04-25 09:49:58,906 [ERROR] LogOutputStream:75 - [STDERR_REDIRECT] 
2024-04-25 09:49:59,211 [INFO] MainUpdater:2873 - connection check result : 10
2024-04-25 09:49:59,212 [INFO] MainUpdater:290 - Updater Check For Update Now.
2024-04-25 09:49:59,212 [INFO] MicroXplorer:498 - Change Database Version : DB.6.0.110
2024-04-25 09:49:59,226 [INFO] McuFinderGlobals:63 - Set McuFinder mode to 2 (CubeIDE integrated)
2024-04-25 09:49:59,237 [INFO] UserAuth:415 - Internet connection configuration mode: 1
2024-04-25 09:49:59,263 [INFO] JxBrowserEngine:152 - Initiate JxBrowser Engine with user profile folder
2024-04-25 09:49:59,403 [INFO] CheckServerUpdateThread:120 - End of CheckServer Thread
2024-04-25 09:50:00,647 [WARN] PackLoader:240 - Cannot read IP mode file for STMicroelectronics.FP-SNS-MOTENVWB1.1.4.0
2024-04-25 09:50:00,667 [WARN] PackLoader:240 - Cannot read IP mode file for STMicroelectronics.X-CUBE-SMBUS.2.1.0
2024-04-25 09:50:00,678 [WARN] PackLoader:240 - Cannot read IP mode file for STMicroelectronics.X-CUBE-TOUCHGFX.4.23.1
2024-04-25 09:50:00,689 [WARN] PackLoader:240 - Cannot read IP mode file for STMicroelectronics.X-CUBE-TOUCHGFX.4.23.0
2024-04-25 09:50:00,700 [WARN] PackLoader:240 - Cannot read IP mode file for STMicroelectronics.X-CUBE-TOUCHGFX.4.23.2
2024-04-25 09:50:00,736 [WARN] PackLoader:240 - Cannot read IP mode file for STMicroelectronics.X-CUBE-AZRTOS-F7.1.1.0
2024-04-25 09:50:00,753 [WARN] PackLoader:240 - Cannot read IP mode file for STMicroelectronics.FP-SNS-MOTENV1.4.3.2
2024-04-25 09:50:00,767 [WARN] PackLoader:240 - Cannot read IP mode file for STMicroelectronics.FP-SNS-FLIGHT1.5.0.2
2024-04-25 09:50:00,786 [WARN] PackLoader:240 - Cannot read IP mode file for STMicroelectronics.X-CUBE-DISPLAY.3.0.0
2024-04-25 09:50:00,806 [WARN] PackLoader:240 - Cannot read IP mode file for STMicroelectronics.X-CUBE-BLE1.7.0.0
2024-04-25 09:50:00,817 [WARN] PackLoader:240 - Cannot read IP mode file for emotas.I-CUBE-CANOPEN.1.3.0
2024-04-25 09:50:00,837 [WARN] PackLoader:240 - Cannot read IP mode file for STMicroelectronics.X-CUBE-BLEMGR.3.1.0
2024-04-25 09:50:00,851 [WARN] PackLoader:240 - Cannot read IP mode file for STMicroelectronics.FP-SNS-SMARTAG2.1.2.0
2024-04-25 09:50:00,868 [INFO] LogOutputStream:77 - [STDOUT_REDIRECT] 1 : Invalid condition id : UX_CORESTACK_Condition cause : null
2024-04-25 09:50:00,869 [INFO] LogOutputStream:77 - [STDOUT_REDIRECT] 1 : Invalid condition id : UX_CORESTACK_Condition cause : null
2024-04-25 09:50:00,870 [INFO] LogOutputStream:77 - [STDOUT_REDIRECT] 1 : Invalid condition id : UX_CORESTACK_Condition cause : null
2024-04-25 09:50:00,870 [INFO] LogOutputStream:77 - [STDOUT_REDIRECT] 1 : Invalid condition id : UX_CORESTACK_Condition cause : null
2024-04-25 09:50:00,872 [INFO] LogOutputStream:77 - [STDOUT_REDIRECT] 1 : Invalid condition id : UX_CORESTACK_Condition cause : null
2024-04-25 09:50:00,875 [WARN] PackLoader:240 - Cannot read IP mode file for STMicroelectronics.X-CUBE-AZRTOS-WL.2.0.0
2024-04-25 09:50:00,885 [WARN] PackLoader:240 - Cannot read IP mode file for STMicroelectronics.FP-SNS-MOTENV1.5.0.0
2024-04-25 09:50:00,899 [WARN] PackLoader:240 - Cannot read IP mode file for WES.I-CUBE-Cesium.1.3.0
2024-04-25 09:50:00,911 [WARN] PackLoader:240 - Cannot read IP mode file for STMicroelectronics.X-CUBE-BLE2.3.3.0
2024-04-25 09:50:00,922 [WARN] PackLoader:240 - Cannot read IP mode file for STMicroelectronics.X-CUBE-TCPP.4.1.0
2024-04-25 09:50:00,936 [WARN] PackLoader:240 - Cannot read IP mode file for STMicroelectronics.X-CUBE-ALGOBUILD.1.3.0
2024-04-25 09:50:00,961 [WARN] PackLoader:240 - Cannot read IP mode file for STMicroelectronics.X-CUBE-AZRTOS-G0.1.1.0
2024-04-25 09:50:00,976 [WARN] PackLoader:240 - Cannot read IP mode file for STMicroelectronics.X-CUBE-SAFEA1.1.2.2
2024-04-25 09:50:00,994 [WARN] PackLoader:240 - Cannot read IP mode file for STMicroelectronics.X-CUBE-NFC4.3.0.0
2024-04-25 09:50:01,008 [WARN] PackLoader:240 - Cannot read IP mode file for STMicroelectronics.FP-ATR-SIGFOX1.3.2.0
2024-04-25 09:50:01,023 [WARN] PackLoader:240 - Cannot read IP mode file for STMicroelectronics.X-CUBE-EEPRMA1.5.1.0
2024-04-25 09:50:01,064 [WARN] PackLoader:240 - Cannot read IP mode file for SEGGER.I-CUBE-embOS.1.3.1
2024-04-25 09:50:01,102 [WARN] PackLoader:240 - Cannot read IP mode file for STMicroelectronics.X-CUBE-GNSS1.6.0.0
2024-04-25 09:50:01,130 [WARN] PackLoader:240 - Cannot read IP mode file for STMicroelectronics.X-CUBE-AZRTOS-F4.1.1.0
2024-04-25 09:50:01,144 [WARN] PackLoader:240 - Cannot read IP mode file for wolfSSL.I-CUBE-wolfSSL.5.6.6
2024-04-25 09:50:01,173 [WARN] PackLoader:240 - Cannot read IP mode file for STMicroelectronics.X-CUBE-AZRTOS-L5.2.0.0
2024-04-25 09:50:01,189 [WARN] PackLoader:240 - Cannot read IP mode file for STMicroelectronics.X-CUBE-NFC6.3.1.0
2024-04-25 09:50:01,204 [WARN] PackLoader:240 - Cannot read IP mode file for ITTIA_DB.I-CUBE-ITTIADB.8.8.0
2024-04-25 09:50:01,215 [WARN] PackLoader:240 - Cannot read IP mode file for STMicroelectronics.X-CUBE-AI.9.0.0
2024-04-25 09:50:01,227 [WARN] PackLoader:240 - Cannot read IP mode file for STMicroelectronics.X-CUBE-NFC7.1.0.1
2024-04-25 09:50:01,239 [WARN] PackLoader:240 - Cannot read IP mode file for STMicroelectronics.X-CUBE-AI.8.1.0
2024-04-25 09:50:01,267 [WARN] ConditionMgr:438 - getConditionDescription Invalid condition id : LAN8742 Phy interface Condition cause : null
2024-04-25 09:50:01,268 [WARN] PackLoader:240 - Cannot read IP mode file for STMicroelectronics.X-CUBE-AZRTOS-L4.2.0.0
2024-04-25 09:50:01,269 [WARN] ConditionMgr:1039 - genDependencies : Invalid condition id : LAN8742 Phy interface Condition cause : null
2024-04-25 09:50:01,269 [WARN] ConditionMgr:1039 - genDependencies : Invalid condition id : LAN8742 Phy interface Condition cause : null
2024-04-25 09:50:01,269 [WARN] ConditionMgr:1039 - genDependencies : Invalid condition id : LAN8742 Phy interface Condition cause : null
2024-04-25 09:50:01,283 [WARN] PackLoader:240 - Cannot read IP mode file for STMicroelectronics.X-CUBE-SFXS2LP1.4.0.0
2024-04-25 09:50:01,310 [WARN] ConditionMgr:438 - getConditionDescription Invalid condition id : UX DEVICE CLASS RTOS Condition cause : null
2024-04-25 09:50:01,310 [WARN] ConditionMgr:438 - getConditionDescription Invalid condition id : UX DEVICE CLASS RTOS Condition cause : null
2024-04-25 09:50:01,311 [WARN] PackLoader:240 - Cannot read IP mode file for STMicroelectronics.X-CUBE-AZRTOS-WB.2.0.0
2024-04-25 09:50:01,312 [WARN] ConditionMgr:1039 - genDependencies : Invalid condition id : UX DEVICE CLASS RTOS Condition cause : null
2024-04-25 09:50:01,312 [WARN] ConditionMgr:1039 - genDependencies : Invalid condition id : UX DEVICE CLASS RTOS Condition cause : null
2024-04-25 09:50:01,312 [WARN] ConditionMgr:1039 - genDependencies : Invalid condition id : UX DEVICE CLASS RTOS Condition cause : null
2024-04-25 09:50:01,312 [WARN] ConditionMgr:1039 - genDependencies : Invalid condition id : UX DEVICE CLASS RTOS Condition cause : null
2024-04-25 09:50:01,312 [WARN] ConditionMgr:1039 - genDependencies : Invalid condition id : UX DEVICE CLASS RTOS Condition cause : null
2024-04-25 09:50:01,334 [WARN] PackLoader:240 - Cannot read IP mode file for STMicroelectronics.X-CUBE-SUBG2.5.0.0
2024-04-25 09:50:01,370 [WARN] PackLoader:240 - Cannot read IP mode file for STMicroelectronics.X-CUBE-AZRTOS-G4.2.0.0
2024-04-25 09:50:01,401 [WARN] PackLoader:240 - Cannot read IP mode file for Infineon.AIROC-Wi-Fi-Bluetooth-STM32.1.5.1
2024-04-25 09:50:01,419 [WARN] PackLoader:240 - Cannot read IP mode file for STMicroelectronics.FP-SNS-MOTENVWB1.1.3.1
2024-04-25 09:50:01,431 [WARN] PackLoader:240 - Cannot read IP mode file for STMicroelectronics.X-CUBE-ISPU.2.0.0
2024-04-25 09:50:01,475 [WARN] PackLoader:240 - Cannot read IP mode file for STMicroelectronics.X-CUBE-MEMS1.10.0.0
2024-04-25 09:50:01,565 [WARN] PackLoader:240 - Cannot read IP mode file for STMicroelectronics.X-CUBE-FREERTOS.1.1.0
2024-04-25 09:50:01,579 [WARN] PackLoader:240 - Cannot read IP mode file for portGmbH.I-Cube-SoM-uGOAL.1.1.0
2024-04-25 09:50:01,593 [WARN] PackLoader:240 - Cannot read IP mode file for STMicroelectronics.X-CUBE-ALS.1.0.1
2024-04-25 09:50:01,618 [WARN] PackLoader:240 - Cannot read IP mode file for STMicroelectronics.X-CUBE-AZRTOS-H7RS.1.0.0
2024-04-25 09:50:01,632 [WARN] PackLoader:240 - Cannot read IP mode file for STMicroelectronics.FP-ATR-ASTRA1.2.0.0
2024-04-25 09:50:01,656 [WARN] PackLoader:240 - Cannot read IP mode file for STMicroelectronics.X-CUBE-TOF1.3.4.1
2024-04-25 09:50:01,699 [WARN] PackLoader:240 - Cannot read IP mode file for STMicroelectronics.X-CUBE-AZRTOS-H7.3.2.0
2024-04-25 09:50:01,702 [INFO] ThirdParty:978 - Integrity check success = true
2024-04-25 09:50:01,703 [INFO] IntegrityCheckThread:100 - exiting critical section [integrity check]
2024-04-25 09:50:01,703 [INFO] IntegrityCheckThread:103 - End integrity checks thread
2024-04-25 09:50:04,017 [INFO] WebApp:161 - Instantiating new browser for Auth
2024-04-25 09:50:04,588 [INFO] WebApp:779 - Register for checkConnection events
2024-04-25 09:50:04,589 [INFO] WebApp:414 - Apply proxy settings
2024-04-25 09:50:04,589 [INFO] WebApp:499 - Chromium requires no authentication
2024-04-25 09:50:04,597 [INFO] WebApp:442 - Direct internet connection detected
2024-04-25 09:50:04,769 [INFO] WebApp:192 - Starting web application
2024-04-25 09:50:04,769 [INFO] WebApp:544 - Web application path used D:\STM32\STM32CubeIDE_1.15.0\STM32CubeIDE\plugins\com.st.stm32cube.common.mx_6.11.0.202403141607\db\plugins\mcufinder\reactClient1\index.html
2024-04-25 18:42:29,998 [INFO] McuFinderGlobals:63 - Set McuFinder mode to 2 (CubeIDE integrated)
2024-04-25 18:42:30,590 [INFO] MainUpdater:2873 - connection check result : 10
2024-04-25 18:42:30,603 [INFO] MainUpdater:2873 - connection check result : 10
2024-04-25 18:42:30,908 [INFO] MicroXplorer:468 - Change Database Path : 
2024-04-25 18:42:30,909 [INFO] MicroXplorer:498 - Change Database Version : DB.6.0.110
2024-04-25 18:42:30,917 [WARN] ThirdParty:871 - waiting for thirdparty lock release [close project]
2024-04-25 18:42:30,917 [INFO] ThirdParty:873 - entering critical section [close project]
2024-04-25 18:42:30,938 [INFO] ThirdParty:883 - exiting critical section [close project]
2024-04-25 18:42:30,941 [INFO] PinOutPanel:1561 - setPackage(No Configuration,No Configuration)
2024-04-25 18:42:30,945 [INFO] UtilMem:75 - Begin LoadConfig() Used Memory: 306854448 Bytes (757071872)
2024-04-25 18:42:30,967 [INFO] MicroXplorer:468 - Change Database Path : C:/Users/DISHANT/.stm32cubemx/databases/DB.6.0.70/db/
2024-04-25 18:42:30,967 [INFO] MicroXplorer:498 - Change Database Version : DB.6.0.70
2024-04-25 18:42:45,964 [INFO] OpenFileManager:312 - Change cursor
2024-04-25 18:42:46,056 [INFO] Mcu:2021 - Initializing MCU STM32L496ZGTxP STM32L496ZGTxP STM32L496ZGT6P
2024-04-25 18:42:49,021 [INFO] Context:663 - Trying to add GPIOservice into a context  which must be forbidden
2024-04-25 18:42:49,660 [INFO] RtosManager:555 - Registered RTOS mode: class=CMSIS, group=RTOS, mode=CMSIS_V1, owner=FREERTOS
2024-04-25 18:42:49,660 [INFO] RtosManager:555 - Registered RTOS mode: class=CMSIS, group=RTOS2, mode=CMSIS_V2, owner=FREERTOS
2024-04-25 18:42:49,661 [INFO] RtosManager:555 - Registered RTOS mode: class=RTOS, group=Core, mode=CMSIS_V1, owner=FREERTOS
2024-04-25 18:42:49,661 [INFO] RtosManager:555 - Registered RTOS mode: class=RTOS, group=Core, mode=CMSIS_V2, owner=FREERTOS
2024-04-25 18:42:49,661 [WARN] ModelIntegratedComponent:184 - Missing modes for component STMicroelectronics:FreeRTOS:0.0.1:STMicroelectronics:RTOS:FreeRTOS:Core:::10.2.0:
2024-04-25 18:42:49,673 [WARN] ModelIntegratedComponent:63 - No mode defined for component null
2024-04-25 18:42:49,673 [WARN] ModelIntegratedComponent:63 - No mode defined for component null
2024-04-25 18:42:49,673 [WARN] ModelIntegratedComponent:63 - No mode defined for component null
2024-04-25 18:42:49,673 [WARN] ModelIntegratedComponent:63 - No mode defined for component null
2024-04-25 18:42:49,673 [WARN] ModelIntegratedComponent:63 - No mode defined for component null
2024-04-25 18:42:49,673 [WARN] ModelIntegratedComponent:63 - No mode defined for component null
2024-04-25 18:42:49,673 [WARN] ModelIntegratedComponent:63 - No mode defined for component null
2024-04-25 18:42:49,673 [WARN] ModelIntegratedComponent:63 - No mode defined for component null
2024-04-25 18:42:49,673 [WARN] ModelIntegratedComponent:63 - No mode defined for component null
2024-04-25 18:42:49,673 [WARN] ModelIntegratedComponent:63 - No mode defined for component null
2024-04-25 18:42:49,673 [WARN] ModelIntegratedComponent:63 - No mode defined for component null
2024-04-25 18:42:49,673 [WARN] ModelIntegratedComponent:63 - No mode defined for component null
2024-04-25 18:42:49,674 [WARN] ModelIntegratedComponent:63 - No mode defined for component null
2024-04-25 18:42:49,674 [WARN] ModelIntegratedComponent:63 - No mode defined for component null
2024-04-25 18:42:49,674 [WARN] ModelIntegratedComponent:63 - No mode defined for component null
2024-04-25 18:42:49,674 [WARN] ModelIntegratedComponent:63 - No mode defined for component null
2024-04-25 18:42:49,674 [WARN] ModelIntegratedComponent:63 - No mode defined for component null
2024-04-25 18:42:49,674 [WARN] ModelIntegratedComponent:63 - No mode defined for component null
2024-04-25 18:42:49,674 [WARN] ModelIntegratedComponent:63 - No mode defined for component null
2024-04-25 18:42:49,674 [WARN] ModelIntegratedComponent:63 - No mode defined for component null
2024-04-25 18:42:49,674 [WARN] ModelIntegratedComponent:63 - No mode defined for component null
2024-04-25 18:42:49,674 [WARN] ModelIntegratedComponent:63 - No mode defined for component null
2024-04-25 18:42:49,674 [WARN] ModelIntegratedComponent:63 - No mode defined for component null
2024-04-25 18:42:49,674 [WARN] ModelIntegratedComponent:63 - No mode defined for component null
2024-04-25 18:42:49,674 [WARN] ModelIntegratedComponent:63 - No mode defined for component null
2024-04-25 18:42:49,674 [WARN] ModelIntegratedComponent:63 - No mode defined for component null
2024-04-25 18:42:49,674 [WARN] ModelIntegratedComponent:63 - No mode defined for component null
2024-04-25 18:42:49,674 [WARN] ModelIntegratedComponent:63 - No mode defined for component null
2024-04-25 18:42:49,674 [WARN] ModelIntegratedComponent:63 - No mode defined for component null
2024-04-25 18:42:49,674 [WARN] ModelIntegratedComponent:63 - No mode defined for component null
2024-04-25 18:42:49,674 [WARN] ModelIntegratedComponent:63 - No mode defined for component null
2024-04-25 18:42:49,674 [WARN] ModelIntegratedComponent:63 - No mode defined for component null
2024-04-25 18:42:49,674 [WARN] ModelIntegratedComponent:63 - No mode defined for component null
2024-04-25 18:42:49,674 [WARN] ModelIntegratedComponent:63 - No mode defined for component null
2024-04-25 18:42:49,784 [INFO] ThirdPartyModel:298 - Start build external matchings
2024-04-25 18:42:49,995 [INFO] ThirdPartyModel:316 - End build external matchings
2024-04-25 18:42:50,563 [INFO] ApiDb:581 - Connected to CubeFinder SQLite database (C:\Users\DISHANT\.stmcufinder\plugins\mcufinder\mcu\cube-finder-db.db)
2024-04-25 18:42:50,653 [INFO] ApiDb:668 - CubeFinder database Data Model version=2.1
2024-04-25 18:42:50,653 [INFO] ApiDb:669 - CubeFinder database Configuration version=3.0.39
2024-04-25 18:42:50,654 [INFO] ApiDb:670 - CubeFinder database generation date=2024-03-25 (1711369621)
2024-04-25 18:42:50,654 [INFO] ApiDb:671 - CubeFinder database FW Pack versions=[FP-ATR-ASTRA1_V2.0.0, FP-SNS-FLIGHT1_V5.0.1, FP-SNS-FLIGHT1_V5.0.2, FP-SNS-MOTENV1_V4.3.1, FP-SNS-MOTENV1_V4.3.2, FP-SNS-MOTENVWB1_V1.3.1, FP-SNS-SMARTAG2_V1.2.0, STM32Cube_FW_C0_V1.1.0, STM32Cube_FW_F4_V1.28.0, STM32Cube_FW_F7_V1.17.0, STM32Cube_FW_G0_V1.6.2, STM32Cube_FW_G4_V1.5.2, STM32Cube_FW_H5_V0.5.1, STM32Cube_FW_H5_V1.1.1, STM32Cube_FW_H5_V1.2.0, STM32Cube_FW_H5_V1.2.0RC4, STM32Cube_FW_H7RS_V1.0.0, STM32Cube_FW_H7RS_V1.0.0RC4, STM32Cube_FW_H7_V1.11.0, STM32Cube_FW_L0_V1.12.2, STM32Cube_FW_L5_V1.5.1, STM32Cube_FW_U0_V1.0.0, STM32Cube_FW_U0_V1.0.0RC1, STM32Cube_FW_U5_V1.3.0RC4, STM32Cube_FW_U5_V1.5.0, STM32Cube_FW_U5_V1.5.0RC1, STM32Cube_FW_WBA_V1.0.0RC1, STM32Cube_FW_WBA_V1.2.0, STM32Cube_FW_WBA_V1.2.0RC2, STM32Cube_FW_WBA_V1.3.0, STM32Cube_FW_WBA_V1.3.0RC1, STM32Cube_FW_WB_V1.15.0RC1, STM32Cube_FW_WB_V1.16.0, STM32Cube_FW_WB_V1.16.0RC2, STM32Cube_FW_WB_V1.18.0, STM32Cube_FW_WB_V1.19.0, STM32Cube_FW_WL_V1.3.0, X-CUBE-ALGOBUILD_V1.3.0, X-CUBE-ALS_V1.0.1, X-CUBE-AZRTOS-F4_V1.1.0, X-CUBE-AZRTOS-F7_V1.1.0, X-CUBE-AZRTOS-G0_V1.1.0, X-CUBE-AZRTOS-G4_V2.0.0, X-CUBE-AZRTOS-H7_V3.2.0, X-CUBE-AZRTOS-L4_V1.0.0, X-CUBE-AZRTOS-L4_V2.0.0, X-CUBE-AZRTOS-L5_V1.1.0, X-CUBE-AZRTOS-WB_V2.0.0, X-CUBE-AZRTOS-WL_V2.0.0, X-CUBE-BLE1_V7.0.0, X-CUBE-BLE2_V3.3.0, X-CUBE-BLEMGR_V3.1.0, X-CUBE-EEPRMA1_V4.1.0, X-CUBE-EEPRMA1_V5.1.0, X-CUBE-FREERTOS_V1.1.0, X-CUBE-GNSS1_V6.0.0, X-CUBE-MEMS1_V10.0.0, X-CUBE-MEMS1_V9.1.0, X-CUBE-MEMS1_V9.4.0, X-CUBE-MEMS1_V9.6.0, X-CUBE-NFC4_V3.0.0, X-CUBE-NFC7_V1.0.1, X-CUBE-SFXS2LP1_V4.0.0, X-CUBE-SUBG2_V5.0.0, X-CUBE-TOF1_V3.4.0]
2024-04-25 18:42:50,806 [INFO] DbBoardsSqlite:226 - include board P-NUCLEO-WB55-NUCLEO as a kit item of type 'Nucleo-64'
2024-04-25 18:42:50,807 [INFO] DbBoardsSqlite:226 - include board P-NUCLEO-WB55-USBDONGLE as a kit item of type 'Nucleo USB Dongle'
2024-04-25 18:42:50,808 [INFO] DbBoardsSqlite:226 - include board STEVAL-IDP005V1 as a kit item of type 'Evaluation Board'
2024-04-25 18:42:50,808 [INFO] DbBoardsSqlite:226 - include board STEVAL-IDP005V2 as a kit item of type 'Evaluation Board'
2024-04-25 18:42:51,264 [INFO] ApiDb:240 - Found 483 in-development CPN: [B-G473E-ZEST1S, B-WB1M-WPAN1, B-WL5M-SUBG1, NUCLEO-C031C6, NUCLEO-H503RB, NUCLEO-H533RE, NUCLEO-H563ZI, NUCLEO-H7S3L8, NUCLEO-U031R8, NUCLEO-U083RC, NUCLEO-U545RE-Q, NUCLEO-U5A5ZJ-Q, NUCLEO-WBA52CG, NUCLEO-WBA55CG, STEVAL-PROTEUS1, STEVAL-SMARTAG2, STEVAL-STWINBX1, STM320518-EVAL, STM32C0116-DK, STM32C011D6Y3TR, STM32C011D6Y6TR, STM32C011F4P3, STM32C011F4P6, STM32C011F4U3, STM32C011F4U6TR, STM32C011F6P3, STM32C011F6P6, STM32C011F6U3, STM32C011F6U6TR, STM32C011J4M3, STM32C011J4M6, STM32C011J6M3, STM32C011J6M6, STM32C0316-DK, STM32C031C4T3, STM32C031C4T6, STM32C031C4U3, STM32C031C4U6, STM32C031C6T3, STM32C031C6T6, STM32C031C6U3, STM32C031C6U6, STM32C031F4P3, STM32C031F4P6, STM32C031F6P3, STM32C031F6P6, STM32C031G4U3, STM32C031G4U6, STM32C031G6U3, STM32C031G6U6, STM32C031K4T3, STM32C031K4T6, STM32C031K4U3, STM32C031K4U6, STM32C031K6T3, STM32C031K6T6, STM32C031K6U3, STM32C031K6U6, STM32G071K8TXN, STM32G071K8UXN, STM32G081GBU6N, STM32G081KBT6N, STM32G081KBUXN, STM32G0B1CCT6N, STM32G0B1KCT6, STM32G0B1NEY6TR, STM32G0B1RCT6N, STM32G0C1CCT6, STM32G0C1CCT6N, STM32G0C1CCU6N, STM32G0C1CET6N, STM32G0C1CEU6N, STM32G0C1KCT6, STM32G0C1NEY6TR, STM32G0C1RCI6N, STM32G0C1RCT6N, STM32G0C1REI6N, STM32G0C1RET6N, STM32G0C1VCI6, STM32G0C1VEI6, STM32G471CCT6, STM32G471CCU6, STM32G471CET3, STM32G471CET6, STM32G471CEU3, STM32G471CEU6, STM32G471MCT6, STM32G471MET3, STM32G471MET6, STM32G471MEY6TR, STM32G471QCT6, STM32G471QET3, STM32G471RCT6, STM32G471RET3, STM32G471RET6, STM32G471VCH6, STM32G471VCI6, STM32G471VCT6, STM32G471VEH3, STM32G471VEH6, STM32G471VEI3, STM32G471VEI6, STM32G471VET3, STM32G471VET6, STM32G474CCT6, STM32H503CBT6, STM32H503CBU6, STM32H503EBY6TR, STM32H503KBU6, STM32H503RBT6, STM32H523CCT6, STM32H523CCU6, STM32H523CET6, STM32H523CEU6, STM32H523HEY6TR, STM32H523RCT6, STM32H523RET6, STM32H523VCI6, STM32H523VCT6, STM32H523VEI6, STM32H523VET6, STM32H523ZCJ6, STM32H523ZCT6, STM32H523ZEJ6, STM32H523ZET6, STM32H533CET6, STM32H533CEU6, STM32H533HEY6TR, STM32H533RET6, STM32H533VEI6, STM32H533VET6, STM32H533ZEJ6, STM32H533ZET6, STM32H562AGI6, STM32H562AII6, STM32H562IGK6, STM32H562IGT6, STM32H562IIK6, STM32H562IIT6, STM32H562RGT6, STM32H562RGV6, STM32H562RIT6, STM32H562RIV6, STM32H562VGT6, STM32H562VIT6, STM32H562ZGT6, STM32H562ZIT6, STM32H563AGI6, STM32H563AII3Q, STM32H563AII6, STM32H563IGK6, STM32H563IGT6, STM32H563IIK3Q, STM32H563IIK6, STM32H563IIT3Q, STM32H563IIT6, STM32H563MIY3QTR, STM32H563RGT6, STM32H563RGV6, STM32H563RIT6, STM32H563RIV6, STM32H563VGT6, STM32H563VIT3Q, STM32H563VIT6, STM32H563ZGT6, STM32H563ZIT3Q, STM32H563ZIT6, STM32H573AII3Q, STM32H573AII6, STM32H573I-DK, STM32H573IIK3Q, STM32H573IIK6, STM32H573IIT3Q, STM32H573IIT6, STM32H573MIY3QTR, STM32H573RIT6, STM32H573RIV6, STM32H573VIT3Q, STM32H573VIT6, STM32H573ZIT3Q, STM32H573ZIT6, STM32H7R3A8I6, STM32H7R3I8K6, STM32H7R3I8T6, STM32H7R3L8H6, STM32H7R3L8H6H, STM32H7R3R8V6, STM32H7R3V8H6, STM32H7R3V8T6, STM32H7R3V8Y6, STM32H7R3Z8J6, STM32H7R3Z8T6, STM32H7R7A8I6, STM32H7R7I8K6, STM32H7R7I8T6, STM32H7R7L8H6, STM32H7R7L8H6H, STM32H7R7Z8J6, STM32H7S3A8I6, STM32H7S3I8K6, STM32H7S3I8T6, STM32H7S3L8H6, STM32H7S3L8H6H, STM32H7S3R8V6, STM32H7S3V8H6, STM32H7S3V8T6, STM32H7S3V8Y6, STM32H7S3Z8J6, STM32H7S3Z8T6, STM32H7S78-DK, STM32H7S7A8I6, STM32H7S7I8K6, STM32H7S7I8T6, STM32H7S7L8H6, STM32H7S7L8H6H, STM32H7S7Z8J6, STM32L4R5QGI6STR, STM32MP131AAE3, STM32MP131AAF3, STM32MP131AAG3, STM32MP131CAE3, STM32MP131CAF3, STM32MP131CAG3, STM32MP131DAE7, STM32MP131DAF7, STM32MP131DAG7, STM32MP131FAE7, STM32MP131FAF7, STM32MP131FAG7, STM32MP133AAE3, STM32MP133AAF3, STM32MP133AAG3, STM32MP133CAE3, STM32MP133CAF3, STM32MP133CAG3, STM32MP133DAE7, STM32MP133DAF7, STM32MP133DAG7, STM32MP133FAE7, STM32MP133FAF7, STM32MP133FAG7, STM32MP135AAE3, STM32MP135AAF3, STM32MP135AAG3, STM32MP135CAE3, STM32MP135CAF3, STM32MP135CAG3, STM32MP135DAE7, STM32MP135DAF7, STM32MP135DAG7, STM32MP135F-DK, STM32MP135FAE7, STM32MP135FAF7, STM32MP135FAF7T, STM32MP135FAF7U, STM32MP135FAG7, STM32U031C6T6, STM32U031C6U6, STM32U031C8T6, STM32U031C8U6, STM32U031F4P6, STM32U031F6P6, STM32U031F8P6, STM32U031G6Y6TR, STM32U031G8Y6TR, STM32U031K4U6, STM32U031K6U6, STM32U031K8U6, STM32U031R6I6, STM32U031R6T6, STM32U031R8I6, STM32U031R8T6, STM32U073C8T6, STM32U073C8U6, STM32U073CBT6, STM32U073CBU6, STM32U073CCT6, STM32U073CCU6, STM32U073H8Y6TR, STM32U073HBY6TR, STM32U073HCY6TR, STM32U073K8U6, STM32U073KBU6, STM32U073KCU6, STM32U073M8I6, STM32U073M8T6, STM32U073MBI6, STM32U073MBT6, STM32U073MCI6, STM32U073MCT6, STM32U073R8I6, STM32U073R8T6, STM32U073RBI6, STM32U073RBT6, STM32U073RCI6, STM32U073RCT6, STM32U083C-DK, STM32U083CCT6, STM32U083CCU6, STM32U083HCY6TR, STM32U083KCU6, STM32U083MCI6, STM32U083MCT6, STM32U083RCI6, STM32U083RCT6, STM32U535CBT6, STM32U535CBT6Q, STM32U535CBU6, STM32U535CBU6Q, STM32U535CCT6, STM32U535CCT6Q, STM32U535CCU6, STM32U535CCU6Q, STM32U535CET6, STM32U535CET6Q, STM32U535CEU6, STM32U535CEU6Q, STM32U535JEY6QTR, STM32U535NCY6QTR, STM32U535NEY6QTR, STM32U535RBI6, STM32U535RBI6Q, STM32U535RBT6, STM32U535RBT6Q, STM32U535RCI6, STM32U535RCI6Q, STM32U535RCT6, STM32U535RCT6Q, STM32U535REI6, STM32U535REI6Q, STM32U535RET6, STM32U535RET6Q, STM32U535VCI6, STM32U535VCI6Q, STM32U535VCT6, STM32U535VCT6Q, STM32U535VEI6, STM32U535VEI6Q, STM32U535VET6, STM32U535VET6Q, STM32U545CET6, STM32U545CET6Q, STM32U545CEU6, STM32U545CEU6Q, STM32U545JEY6QTR, STM32U545NEY6QTR, STM32U545REI6, STM32U545REI6Q, STM32U545RET6, STM32U545RET6Q, STM32U545VEI6, STM32U545VEI6Q, STM32U545VET6, STM32U545VET6Q, STM32U595AIH6, STM32U595AIH6Q, STM32U595AJH6, STM32U595AJH6Q, STM32U595QII6, STM32U595QII6Q, STM32U595QJI6, STM32U595QJI6Q, STM32U595RIT6, STM32U595RIT6Q, STM32U595RJT6, STM32U595RJT6Q, STM32U595VIT6, STM32U595VIT6Q, STM32U595VJT6, STM32U595VJT6Q, STM32U595ZIT6, STM32U595ZIT6Q, STM32U595ZIY6QTR, STM32U595ZJT6, STM32U595ZJT6Q, STM32U595ZJY6QTR, STM32U599BJY6QTR, STM32U599NIH6Q, STM32U599NJH6Q, STM32U599VIT6Q, STM32U599VJT6, STM32U599VJT6Q, STM32U599ZIT6Q, STM32U599ZIY6QTR, STM32U599ZJT6Q, STM32U599ZJY6QTR, STM32U5A5AJH6, STM32U5A5AJH6Q, STM32U5A5QII3Q , STM32U5A5QJI6, STM32U5A5QJI6Q, STM32U5A5RJT6, STM32U5A5RJT6Q, STM32U5A5VJT6, STM32U5A5VJT6Q, STM32U5A5ZJT6, STM32U5A5ZJT6Q, STM32U5A5ZJY6QTR, STM32U5A9BJY6QTR, STM32U5A9J-DK, STM32U5A9NJH6Q, STM32U5A9VJT6Q, STM32U5A9ZJT6Q, STM32U5A9ZJY6QTR, STM32U5F7VIT6, STM32U5F7VIT6Q, STM32U5F7VJT6, STM32U5F7VJT6Q, STM32U5F9BJY6QTR, STM32U5F9NJH6Q, STM32U5F9VIT6Q, STM32U5F9VJT6Q, STM32U5F9ZIJ6QTR, STM32U5F9ZIT6Q, STM32U5F9ZJJ6QTR, STM32U5F9ZJT6Q, STM32U5G7VJT6, STM32U5G7VJT6Q, STM32U5G9BJY6QTR, STM32U5G9J-DK1, STM32U5G9J-DK2, STM32U5G9NJH6Q, STM32U5G9VJT6Q, STM32U5G9ZJJ6QTR, STM32U5G9ZJT6Q, STM32WB1MMCH6, STM32WBA50KEU6, STM32WBA50KEU6TR, STM32WBA50KGU6, STM32WBA50KGU6TR, STM32WBA52CEU6, STM32WBA52CEU6TR, STM32WBA52CEU7, STM32WBA52CEU7TR, STM32WBA52CGU6, STM32WBA52CGU6TR, STM32WBA52CGU6U, STM32WBA52CGU7, STM32WBA52CGU7TR, STM32WBA52KEU6, STM32WBA52KEU6TR, STM32WBA52KGU6, STM32WBA52KGU6TR, STM32WBA54CEU6, STM32WBA54CEU6TR, STM32WBA54CEU7, STM32WBA54CEU7TR, STM32WBA54CGU6, STM32WBA54CGU6TR, STM32WBA54CGU7, STM32WBA54CGU7TR, STM32WBA54KEU6, STM32WBA54KEU6TR, STM32WBA54KEU7, STM32WBA54KEU7TR, STM32WBA54KGU6, STM32WBA54KGU6TR, STM32WBA54KGU7, STM32WBA54KGU7TR, STM32WBA55CEU6, STM32WBA55CEU6TR, STM32WBA55CEU7, STM32WBA55CEU7TR, STM32WBA55CGU6, STM32WBA55CGU6TR, STM32WBA55CGU6U, STM32WBA55CGU7, STM32WBA55CGU7TR, STM32WBA55G-DK1, STM32WBA55HEF6, STM32WBA55HEF7, STM32WBA55HGF6, STM32WBA55HGF7, STM32WBA55UEI6, STM32WBA55UEI6TR, STM32WBA55UEI7, STM32WBA55UEI7TR, STM32WBA55UGI6, STM32WBA55UGI6TR, STM32WBA55UGI7, STM32WBA55UGI7TR, STM32WL5MOCH6, STM32WL5MOCH6TR]
2024-04-25 18:42:51,348 [INFO] BoardInfo:889 - No configuration file found for board P-NUCLEO-WB55
2024-04-25 18:42:51,348 [INFO] DbBoards:161 - Kit is not supported: P-NUCLEO-WB55
2024-04-25 18:42:51,351 [INFO] BoardInfo:889 - No configuration file found for board STEVAL-BFA001V1B
2024-04-25 18:42:51,351 [INFO] DbBoards:161 - Kit is not supported: STEVAL-BFA001V1B
2024-04-25 18:42:51,352 [INFO] BoardInfo:889 - No configuration file found for board STEVAL-BFA001V2B
2024-04-25 18:42:51,352 [INFO] DbBoards:161 - Kit is not supported: STEVAL-BFA001V2B
2024-04-25 18:42:51,435 [INFO] DbBoards:168 - Found 199 boards, 196 are supported
2024-04-25 18:42:51,435 [INFO] DbBoards:169 - Found 199 boards, 8 of them is supported for  Bsp
2024-04-25 18:42:51,438 [INFO] ApiDb:668 - CubeFinder database Data Model version=2.1
2024-04-25 18:42:51,438 [INFO] ApiDb:669 - CubeFinder database Configuration version=3.0.39
2024-04-25 18:42:51,438 [INFO] ApiDb:670 - CubeFinder database generation date=2024-03-25 (1711369621)
2024-04-25 18:42:51,438 [INFO] ApiDb:671 - CubeFinder database FW Pack versions=[FP-ATR-ASTRA1_V2.0.0, FP-SNS-FLIGHT1_V5.0.1, FP-SNS-FLIGHT1_V5.0.2, FP-SNS-MOTENV1_V4.3.1, FP-SNS-MOTENV1_V4.3.2, FP-SNS-MOTENVWB1_V1.3.1, FP-SNS-SMARTAG2_V1.2.0, STM32Cube_FW_C0_V1.1.0, STM32Cube_FW_F4_V1.28.0, STM32Cube_FW_F7_V1.17.0, STM32Cube_FW_G0_V1.6.2, STM32Cube_FW_G4_V1.5.2, STM32Cube_FW_H5_V0.5.1, STM32Cube_FW_H5_V1.1.1, STM32Cube_FW_H5_V1.2.0, STM32Cube_FW_H5_V1.2.0RC4, STM32Cube_FW_H7RS_V1.0.0, STM32Cube_FW_H7RS_V1.0.0RC4, STM32Cube_FW_H7_V1.11.0, STM32Cube_FW_L0_V1.12.2, STM32Cube_FW_L5_V1.5.1, STM32Cube_FW_U0_V1.0.0, STM32Cube_FW_U0_V1.0.0RC1, STM32Cube_FW_U5_V1.3.0RC4, STM32Cube_FW_U5_V1.5.0, STM32Cube_FW_U5_V1.5.0RC1, STM32Cube_FW_WBA_V1.0.0RC1, STM32Cube_FW_WBA_V1.2.0, STM32Cube_FW_WBA_V1.2.0RC2, STM32Cube_FW_WBA_V1.3.0, STM32Cube_FW_WBA_V1.3.0RC1, STM32Cube_FW_WB_V1.15.0RC1, STM32Cube_FW_WB_V1.16.0, STM32Cube_FW_WB_V1.16.0RC2, STM32Cube_FW_WB_V1.18.0, STM32Cube_FW_WB_V1.19.0, STM32Cube_FW_WL_V1.3.0, X-CUBE-ALGOBUILD_V1.3.0, X-CUBE-ALS_V1.0.1, X-CUBE-AZRTOS-F4_V1.1.0, X-CUBE-AZRTOS-F7_V1.1.0, X-CUBE-AZRTOS-G0_V1.1.0, X-CUBE-AZRTOS-G4_V2.0.0, X-CUBE-AZRTOS-H7_V3.2.0, X-CUBE-AZRTOS-L4_V1.0.0, X-CUBE-AZRTOS-L4_V2.0.0, X-CUBE-AZRTOS-L5_V1.1.0, X-CUBE-AZRTOS-WB_V2.0.0, X-CUBE-AZRTOS-WL_V2.0.0, X-CUBE-BLE1_V7.0.0, X-CUBE-BLE2_V3.3.0, X-CUBE-BLEMGR_V3.1.0, X-CUBE-EEPRMA1_V4.1.0, X-CUBE-EEPRMA1_V5.1.0, X-CUBE-FREERTOS_V1.1.0, X-CUBE-GNSS1_V6.0.0, X-CUBE-MEMS1_V10.0.0, X-CUBE-MEMS1_V9.1.0, X-CUBE-MEMS1_V9.4.0, X-CUBE-MEMS1_V9.6.0, X-CUBE-NFC4_V3.0.0, X-CUBE-NFC7_V1.0.1, X-CUBE-SFXS2LP1_V4.0.0, X-CUBE-SUBG2_V5.0.0, X-CUBE-TOF1_V3.4.0]
2024-04-25 18:42:53,304 [INFO] ApiDb:240 - Found 483 in-development CPN: [B-G473E-ZEST1S, B-WB1M-WPAN1, B-WL5M-SUBG1, NUCLEO-C031C6, NUCLEO-H503RB, NUCLEO-H533RE, NUCLEO-H563ZI, NUCLEO-H7S3L8, NUCLEO-U031R8, NUCLEO-U083RC, NUCLEO-U545RE-Q, NUCLEO-U5A5ZJ-Q, NUCLEO-WBA52CG, NUCLEO-WBA55CG, STEVAL-PROTEUS1, STEVAL-SMARTAG2, STEVAL-STWINBX1, STM320518-EVAL, STM32C0116-DK, STM32C011D6Y3TR, STM32C011D6Y6TR, STM32C011F4P3, STM32C011F4P6, STM32C011F4U3, STM32C011F4U6TR, STM32C011F6P3, STM32C011F6P6, STM32C011F6U3, STM32C011F6U6TR, STM32C011J4M3, STM32C011J4M6, STM32C011J6M3, STM32C011J6M6, STM32C0316-DK, STM32C031C4T3, STM32C031C4T6, STM32C031C4U3, STM32C031C4U6, STM32C031C6T3, STM32C031C6T6, STM32C031C6U3, STM32C031C6U6, STM32C031F4P3, STM32C031F4P6, STM32C031F6P3, STM32C031F6P6, STM32C031G4U3, STM32C031G4U6, STM32C031G6U3, STM32C031G6U6, STM32C031K4T3, STM32C031K4T6, STM32C031K4U3, STM32C031K4U6, STM32C031K6T3, STM32C031K6T6, STM32C031K6U3, STM32C031K6U6, STM32G071K8TXN, STM32G071K8UXN, STM32G081GBU6N, STM32G081KBT6N, STM32G081KBUXN, STM32G0B1CCT6N, STM32G0B1KCT6, STM32G0B1NEY6TR, STM32G0B1RCT6N, STM32G0C1CCT6, STM32G0C1CCT6N, STM32G0C1CCU6N, STM32G0C1CET6N, STM32G0C1CEU6N, STM32G0C1KCT6, STM32G0C1NEY6TR, STM32G0C1RCI6N, STM32G0C1RCT6N, STM32G0C1REI6N, STM32G0C1RET6N, STM32G0C1VCI6, STM32G0C1VEI6, STM32G471CCT6, STM32G471CCU6, STM32G471CET3, STM32G471CET6, STM32G471CEU3, STM32G471CEU6, STM32G471MCT6, STM32G471MET3, STM32G471MET6, STM32G471MEY6TR, STM32G471QCT6, STM32G471QET3, STM32G471RCT6, STM32G471RET3, STM32G471RET6, STM32G471VCH6, STM32G471VCI6, STM32G471VCT6, STM32G471VEH3, STM32G471VEH6, STM32G471VEI3, STM32G471VEI6, STM32G471VET3, STM32G471VET6, STM32G474CCT6, STM32H503CBT6, STM32H503CBU6, STM32H503EBY6TR, STM32H503KBU6, STM32H503RBT6, STM32H523CCT6, STM32H523CCU6, STM32H523CET6, STM32H523CEU6, STM32H523HEY6TR, STM32H523RCT6, STM32H523RET6, STM32H523VCI6, STM32H523VCT6, STM32H523VEI6, STM32H523VET6, STM32H523ZCJ6, STM32H523ZCT6, STM32H523ZEJ6, STM32H523ZET6, STM32H533CET6, STM32H533CEU6, STM32H533HEY6TR, STM32H533RET6, STM32H533VEI6, STM32H533VET6, STM32H533ZEJ6, STM32H533ZET6, STM32H562AGI6, STM32H562AII6, STM32H562IGK6, STM32H562IGT6, STM32H562IIK6, STM32H562IIT6, STM32H562RGT6, STM32H562RGV6, STM32H562RIT6, STM32H562RIV6, STM32H562VGT6, STM32H562VIT6, STM32H562ZGT6, STM32H562ZIT6, STM32H563AGI6, STM32H563AII3Q, STM32H563AII6, STM32H563IGK6, STM32H563IGT6, STM32H563IIK3Q, STM32H563IIK6, STM32H563IIT3Q, STM32H563IIT6, STM32H563MIY3QTR, STM32H563RGT6, STM32H563RGV6, STM32H563RIT6, STM32H563RIV6, STM32H563VGT6, STM32H563VIT3Q, STM32H563VIT6, STM32H563ZGT6, STM32H563ZIT3Q, STM32H563ZIT6, STM32H573AII3Q, STM32H573AII6, STM32H573I-DK, STM32H573IIK3Q, STM32H573IIK6, STM32H573IIT3Q, STM32H573IIT6, STM32H573MIY3QTR, STM32H573RIT6, STM32H573RIV6, STM32H573VIT3Q, STM32H573VIT6, STM32H573ZIT3Q, STM32H573ZIT6, STM32H7R3A8I6, STM32H7R3I8K6, STM32H7R3I8T6, STM32H7R3L8H6, STM32H7R3L8H6H, STM32H7R3R8V6, STM32H7R3V8H6, STM32H7R3V8T6, STM32H7R3V8Y6, STM32H7R3Z8J6, STM32H7R3Z8T6, STM32H7R7A8I6, STM32H7R7I8K6, STM32H7R7I8T6, STM32H7R7L8H6, STM32H7R7L8H6H, STM32H7R7Z8J6, STM32H7S3A8I6, STM32H7S3I8K6, STM32H7S3I8T6, STM32H7S3L8H6, STM32H7S3L8H6H, STM32H7S3R8V6, STM32H7S3V8H6, STM32H7S3V8T6, STM32H7S3V8Y6, STM32H7S3Z8J6, STM32H7S3Z8T6, STM32H7S78-DK, STM32H7S7A8I6, STM32H7S7I8K6, STM32H7S7I8T6, STM32H7S7L8H6, STM32H7S7L8H6H, STM32H7S7Z8J6, STM32L4R5QGI6STR, STM32MP131AAE3, STM32MP131AAF3, STM32MP131AAG3, STM32MP131CAE3, STM32MP131CAF3, STM32MP131CAG3, STM32MP131DAE7, STM32MP131DAF7, STM32MP131DAG7, STM32MP131FAE7, STM32MP131FAF7, STM32MP131FAG7, STM32MP133AAE3, STM32MP133AAF3, STM32MP133AAG3, STM32MP133CAE3, STM32MP133CAF3, STM32MP133CAG3, STM32MP133DAE7, STM32MP133DAF7, STM32MP133DAG7, STM32MP133FAE7, STM32MP133FAF7, STM32MP133FAG7, STM32MP135AAE3, STM32MP135AAF3, STM32MP135AAG3, STM32MP135CAE3, STM32MP135CAF3, STM32MP135CAG3, STM32MP135DAE7, STM32MP135DAF7, STM32MP135DAG7, STM32MP135F-DK, STM32MP135FAE7, STM32MP135FAF7, STM32MP135FAF7T, STM32MP135FAF7U, STM32MP135FAG7, STM32U031C6T6, STM32U031C6U6, STM32U031C8T6, STM32U031C8U6, STM32U031F4P6, STM32U031F6P6, STM32U031F8P6, STM32U031G6Y6TR, STM32U031G8Y6TR, STM32U031K4U6, STM32U031K6U6, STM32U031K8U6, STM32U031R6I6, STM32U031R6T6, STM32U031R8I6, STM32U031R8T6, STM32U073C8T6, STM32U073C8U6, STM32U073CBT6, STM32U073CBU6, STM32U073CCT6, STM32U073CCU6, STM32U073H8Y6TR, STM32U073HBY6TR, STM32U073HCY6TR, STM32U073K8U6, STM32U073KBU6, STM32U073KCU6, STM32U073M8I6, STM32U073M8T6, STM32U073MBI6, STM32U073MBT6, STM32U073MCI6, STM32U073MCT6, STM32U073R8I6, STM32U073R8T6, STM32U073RBI6, STM32U073RBT6, STM32U073RCI6, STM32U073RCT6, STM32U083C-DK, STM32U083CCT6, STM32U083CCU6, STM32U083HCY6TR, STM32U083KCU6, STM32U083MCI6, STM32U083MCT6, STM32U083RCI6, STM32U083RCT6, STM32U535CBT6, STM32U535CBT6Q, STM32U535CBU6, STM32U535CBU6Q, STM32U535CCT6, STM32U535CCT6Q, STM32U535CCU6, STM32U535CCU6Q, STM32U535CET6, STM32U535CET6Q, STM32U535CEU6, STM32U535CEU6Q, STM32U535JEY6QTR, STM32U535NCY6QTR, STM32U535NEY6QTR, STM32U535RBI6, STM32U535RBI6Q, STM32U535RBT6, STM32U535RBT6Q, STM32U535RCI6, STM32U535RCI6Q, STM32U535RCT6, STM32U535RCT6Q, STM32U535REI6, STM32U535REI6Q, STM32U535RET6, STM32U535RET6Q, STM32U535VCI6, STM32U535VCI6Q, STM32U535VCT6, STM32U535VCT6Q, STM32U535VEI6, STM32U535VEI6Q, STM32U535VET6, STM32U535VET6Q, STM32U545CET6, STM32U545CET6Q, STM32U545CEU6, STM32U545CEU6Q, STM32U545JEY6QTR, STM32U545NEY6QTR, STM32U545REI6, STM32U545REI6Q, STM32U545RET6, STM32U545RET6Q, STM32U545VEI6, STM32U545VEI6Q, STM32U545VET6, STM32U545VET6Q, STM32U595AIH6, STM32U595AIH6Q, STM32U595AJH6, STM32U595AJH6Q, STM32U595QII6, STM32U595QII6Q, STM32U595QJI6, STM32U595QJI6Q, STM32U595RIT6, STM32U595RIT6Q, STM32U595RJT6, STM32U595RJT6Q, STM32U595VIT6, STM32U595VIT6Q, STM32U595VJT6, STM32U595VJT6Q, STM32U595ZIT6, STM32U595ZIT6Q, STM32U595ZIY6QTR, STM32U595ZJT6, STM32U595ZJT6Q, STM32U595ZJY6QTR, STM32U599BJY6QTR, STM32U599NIH6Q, STM32U599NJH6Q, STM32U599VIT6Q, STM32U599VJT6, STM32U599VJT6Q, STM32U599ZIT6Q, STM32U599ZIY6QTR, STM32U599ZJT6Q, STM32U599ZJY6QTR, STM32U5A5AJH6, STM32U5A5AJH6Q, STM32U5A5QII3Q , STM32U5A5QJI6, STM32U5A5QJI6Q, STM32U5A5RJT6, STM32U5A5RJT6Q, STM32U5A5VJT6, STM32U5A5VJT6Q, STM32U5A5ZJT6, STM32U5A5ZJT6Q, STM32U5A5ZJY6QTR, STM32U5A9BJY6QTR, STM32U5A9J-DK, STM32U5A9NJH6Q, STM32U5A9VJT6Q, STM32U5A9ZJT6Q, STM32U5A9ZJY6QTR, STM32U5F7VIT6, STM32U5F7VIT6Q, STM32U5F7VJT6, STM32U5F7VJT6Q, STM32U5F9BJY6QTR, STM32U5F9NJH6Q, STM32U5F9VIT6Q, STM32U5F9VJT6Q, STM32U5F9ZIJ6QTR, STM32U5F9ZIT6Q, STM32U5F9ZJJ6QTR, STM32U5F9ZJT6Q, STM32U5G7VJT6, STM32U5G7VJT6Q, STM32U5G9BJY6QTR, STM32U5G9J-DK1, STM32U5G9J-DK2, STM32U5G9NJH6Q, STM32U5G9VJT6Q, STM32U5G9ZJJ6QTR, STM32U5G9ZJT6Q, STM32WB1MMCH6, STM32WBA50KEU6, STM32WBA50KEU6TR, STM32WBA50KGU6, STM32WBA50KGU6TR, STM32WBA52CEU6, STM32WBA52CEU6TR, STM32WBA52CEU7, STM32WBA52CEU7TR, STM32WBA52CGU6, STM32WBA52CGU6TR, STM32WBA52CGU6U, STM32WBA52CGU7, STM32WBA52CGU7TR, STM32WBA52KEU6, STM32WBA52KEU6TR, STM32WBA52KGU6, STM32WBA52KGU6TR, STM32WBA54CEU6, STM32WBA54CEU6TR, STM32WBA54CEU7, STM32WBA54CEU7TR, STM32WBA54CGU6, STM32WBA54CGU6TR, STM32WBA54CGU7, STM32WBA54CGU7TR, STM32WBA54KEU6, STM32WBA54KEU6TR, STM32WBA54KEU7, STM32WBA54KEU7TR, STM32WBA54KGU6, STM32WBA54KGU6TR, STM32WBA54KGU7, STM32WBA54KGU7TR, STM32WBA55CEU6, STM32WBA55CEU6TR, STM32WBA55CEU7, STM32WBA55CEU7TR, STM32WBA55CGU6, STM32WBA55CGU6TR, STM32WBA55CGU6U, STM32WBA55CGU7, STM32WBA55CGU7TR, STM32WBA55G-DK1, STM32WBA55HEF6, STM32WBA55HEF7, STM32WBA55HGF6, STM32WBA55HGF7, STM32WBA55UEI6, STM32WBA55UEI6TR, STM32WBA55UEI7, STM32WBA55UEI7TR, STM32WBA55UGI6, STM32WBA55UGI6TR, STM32WBA55UGI7, STM32WBA55UGI7TR, STM32WL5MOCH6, STM32WL5MOCH6TR]
2024-04-25 18:42:53,306 [INFO] DbMcus:218 - Found 4094 MCUs, 4094 are supported
2024-04-25 18:42:53,308 [INFO] ApiDb:423 - Load user favorites file C:\Users\DISHANT/.stm32cubeide/favorites.mcus.txt: 0 item(s)
2024-04-25 18:42:53,308 [INFO] ApiDb:427 - User favorites MCUs=[]
2024-04-25 18:42:53,308 [INFO] DbMcus:224 - Set 0 / 0 favorites MCUs
2024-04-25 18:42:53,593 [INFO] ApiDb:423 - Load user favorites file C:\Users\DISHANT/.stm32cubeide/favorites.boards.txt: 2 item(s)
2024-04-25 18:42:53,593 [INFO] ApiDb:427 - User favorites Boards=[NUCLEO-L476RG, STM32L0538-DISCO]
2024-04-25 18:42:53,593 [INFO] DbBoards:198 - Set 2 / 2 favorites Boards
2024-04-25 18:42:53,668 [INFO] UtilMem:75 - End LoadConfig() Used Memory: 496488480 Bytes (757071872)
2024-04-25 18:42:53,819 [WARN] ThirdParty:833 - waiting for thirdparty lock release [change project]
2024-04-25 18:42:53,819 [INFO] ThirdParty:835 - entering critical section [change project]
2024-04-25 18:42:53,819 [INFO] ThirdParty:1030 - CMSIS Pack Vendor :STMicroelectronics USBPD 4.1
2024-04-25 18:42:53,819 [INFO] ThirdParty:1030 - CMSIS Pack Vendor :STMicroelectronics X-CUBE-GNSS1 6.0.0
2024-04-25 18:42:53,819 [INFO] ThirdParty:1030 - CMSIS Pack Vendor :STMicroelectronics USB_HOST 2.0.0
2024-04-25 18:42:53,819 [INFO] ThirdParty:1030 - CMSIS Pack Vendor :STMicroelectronics FP-SNS-MOTENVWB1 1.4.0
2024-04-25 18:42:53,819 [INFO] ThirdParty:1030 - CMSIS Pack Vendor :STMicroelectronics X-CUBE-AZRTOS-F4 1.1.0
2024-04-25 18:42:53,820 [INFO] ThirdParty:1030 - CMSIS Pack Vendor :STMicroelectronics LIBJPEG 8.0.0
2024-04-25 18:42:53,820 [INFO] ThirdParty:1030 - CMSIS Pack Vendor :STMicroelectronics X-CUBE-SMBUS 2.1.0
2024-04-25 18:42:53,820 [INFO] ThirdParty:1030 - CMSIS Pack Vendor :STMicroelectronics USB_DEVICE 3.0.0
2024-04-25 18:42:53,820 [INFO] ThirdParty:1030 - CMSIS Pack Vendor :STMicroelectronics X-CUBE-TCPP 4.1.0
2024-04-25 18:42:53,820 [INFO] ThirdParty:1030 - CMSIS Pack Vendor :STMicroelectronics X-CUBE-AZRTOS-WB 2.0.0
2024-04-25 18:42:53,820 [INFO] ThirdParty:1030 - CMSIS Pack Vendor :wolfSSL I-CUBE-wolfSSL 5.6.6
2024-04-25 18:42:53,820 [INFO] ThirdParty:1030 - CMSIS Pack Vendor :STMicroelectronics X-CUBE-TOUCHGFX 4.23.1
2024-04-25 18:42:53,820 [INFO] ThirdParty:1030 - CMSIS Pack Vendor :STMicroelectronics X-CUBE-TOUCHGFX 4.23.0
2024-04-25 18:42:53,820 [INFO] ThirdParty:1030 - CMSIS Pack Vendor :STMicroelectronics X-CUBE-TOUCHGFX 4.23.2
2024-04-25 18:42:53,820 [INFO] ThirdParty:1030 - CMSIS Pack Vendor :STMicroelectronics X-CUBE-AZRTOS-F7 1.1.0
2024-04-25 18:42:53,820 [INFO] ThirdParty:1030 - CMSIS Pack Vendor :STMicroelectronics X-CUBE-AZRTOS-L5 2.0.0
2024-04-25 18:42:53,820 [INFO] ThirdParty:1030 - CMSIS Pack Vendor :STMicroelectronics USB_DEVICE 2.0.0
2024-04-25 18:42:53,820 [INFO] ThirdParty:1030 - CMSIS Pack Vendor :STMicroelectronics X-CUBE-NFC6 3.1.0
2024-04-25 18:42:53,820 [INFO] ThirdParty:1030 - CMSIS Pack Vendor :ITTIA_DB I-CUBE-ITTIADB 8.8.0
2024-04-25 18:42:53,820 [INFO] ThirdParty:1030 - CMSIS Pack Vendor :STMicroelectronics FP-SNS-MOTENV1 4.3.2
2024-04-25 18:42:53,820 [INFO] ThirdParty:1030 - CMSIS Pack Vendor :STMicroelectronics X-CUBE-ALGOBUILD 1.3.0
2024-04-25 18:42:53,820 [INFO] ThirdParty:1030 - CMSIS Pack Vendor :STMicroelectronics FreeRTOS 0.0.1
2024-04-25 18:42:53,820 [INFO] ThirdParty:1030 - CMSIS Pack Vendor :STMicroelectronics X-CUBE-AZRTOS-G0 1.1.0
2024-04-25 18:42:53,820 [INFO] ThirdParty:1030 - CMSIS Pack Vendor :STMicroelectronics X-CUBE-SAFEA1 1.2.2
2024-04-25 18:42:53,820 [INFO] ThirdParty:1030 - CMSIS Pack Vendor :STMicroelectronics X-CUBE-NFC4 3.0.0
2024-04-25 18:42:53,820 [INFO] ThirdParty:1030 - CMSIS Pack Vendor :STMicroelectronics X-CUBE-SUBG2 5.0.0
2024-04-25 18:42:53,820 [INFO] ThirdParty:1030 - CMSIS Pack Vendor :STMicroelectronics STM32_WPAN 1.0.0
2024-04-25 18:42:53,820 [INFO] ThirdParty:1030 - CMSIS Pack Vendor :STMicroelectronics lwIP 2.0.3
2024-04-25 18:42:53,820 [INFO] ThirdParty:1030 - CMSIS Pack Vendor :STMicroelectronics FP-SNS-FLIGHT1 5.0.2
2024-04-25 18:42:53,821 [INFO] ThirdParty:1030 - CMSIS Pack Vendor :STMicroelectronics USB_HOST 1.0.0
2024-04-25 18:42:53,821 [INFO] ThirdParty:1030 - CMSIS Pack Vendor :STMicroelectronics X-CUBE-AI 9.0.0
2024-04-25 18:42:53,821 [INFO] ThirdParty:1030 - CMSIS Pack Vendor :STMicroelectronics X-CUBE-AZRTOS-G4 2.0.0
2024-04-25 18:42:53,821 [INFO] ThirdParty:1030 - CMSIS Pack Vendor :STMicroelectronics PDM2PCM 3.1.0
2024-04-25 18:42:53,821 [INFO] ThirdParty:1030 - CMSIS Pack Vendor :Infineon AIROC-Wi-Fi-Bluetooth-STM32 1.5.1
2024-04-25 18:42:53,821 [INFO] ThirdParty:1030 - CMSIS Pack Vendor :STMicroelectronics PDM2PCM 3.3.0
2024-04-25 18:42:53,821 [INFO] ThirdParty:1030 - CMSIS Pack Vendor :STMicroelectronics X-CUBE-DISPLAY 3.0.0
2024-04-25 18:42:53,821 [INFO] ThirdParty:1030 - CMSIS Pack Vendor :STMicroelectronics FP-SNS-MOTENVWB1 1.3.1
2024-04-25 18:42:53,821 [INFO] ThirdParty:1030 - CMSIS Pack Vendor :STMicroelectronics X-CUBE-BLE1 7.0.0
2024-04-25 18:42:53,821 [INFO] ThirdParty:1030 - CMSIS Pack Vendor :STMicroelectronics FP-ATR-SIGFOX1 3.2.0
2024-04-25 18:42:53,821 [INFO] ThirdParty:1030 - CMSIS Pack Vendor :STMicroelectronics X-CUBE-ISPU 2.0.0
2024-04-25 18:42:53,821 [INFO] ThirdParty:1030 - CMSIS Pack Vendor :STMicroelectronics X-CUBE-EEPRMA1 5.1.0
2024-04-25 18:42:53,821 [INFO] ThirdParty:1030 - CMSIS Pack Vendor :STMicroelectronics HAL Drivers 0.0.0
2024-04-25 18:42:53,821 [INFO] ThirdParty:1030 - CMSIS Pack Vendor :STMicroelectronics MBEDTLS 2.16.2
2024-04-25 18:42:53,821 [INFO] ThirdParty:1030 - CMSIS Pack Vendor :emotas I-CUBE-CANOPEN 1.3.0
2024-04-25 18:42:53,821 [INFO] ThirdParty:1030 - CMSIS Pack Vendor :STMicroelectronics X-CUBE-MEMS1 10.0.0
2024-04-25 18:42:53,821 [INFO] ThirdParty:1030 - CMSIS Pack Vendor :STMicroelectronics X-CUBE-FREERTOS 1.1.0
2024-04-25 18:42:53,821 [INFO] ThirdParty:1030 - CMSIS Pack Vendor :STMicroelectronics X-CUBE-NFC7 1.0.1
2024-04-25 18:42:53,821 [INFO] ThirdParty:1030 - CMSIS Pack Vendor :STMicroelectronics MBEDTLS 2.14.1
2024-04-25 18:42:53,821 [INFO] ThirdParty:1030 - CMSIS Pack Vendor :portGmbH I-Cube-SoM-uGOAL 1.1.0
2024-04-25 18:42:53,821 [INFO] ThirdParty:1030 - CMSIS Pack Vendor :STMicroelectronics X-CUBE-ALS 1.0.1
2024-04-25 18:42:53,821 [INFO] ThirdParty:1030 - CMSIS Pack Vendor :STMicroelectronics X-CUBE-BLEMGR 3.1.0
2024-04-25 18:42:53,821 [INFO] ThirdParty:1030 - CMSIS Pack Vendor :STMicroelectronics ThreadX 1.0.0
2024-04-25 18:42:53,821 [INFO] ThirdParty:1030 - CMSIS Pack Vendor :STMicroelectronics FP-SNS-SMARTAG2 1.2.0
2024-04-25 18:42:53,821 [INFO] ThirdParty:1030 - CMSIS Pack Vendor :STMicroelectronics X-CUBE-AZRTOS-WL 2.0.0
2024-04-25 18:42:53,821 [INFO] ThirdParty:1030 - CMSIS Pack Vendor :SEGGER I-CUBE-embOS 1.3.1
2024-04-25 18:42:53,821 [INFO] ThirdParty:1030 - CMSIS Pack Vendor :STMicroelectronics FP-SNS-MOTENV1 5.0.0
2024-04-25 18:42:53,821 [INFO] ThirdParty:1030 - CMSIS Pack Vendor :STMicroelectronics USB_DEVICE 1.0.0
2024-04-25 18:42:53,821 [INFO] ThirdParty:1030 - CMSIS Pack Vendor :STMicroelectronics X-CUBE-AI 8.1.0
2024-04-25 18:42:53,822 [INFO] ThirdParty:1030 - CMSIS Pack Vendor :STMicroelectronics X-CUBE-AZRTOS-H7RS 1.0.0
2024-04-25 18:42:53,822 [INFO] ThirdParty:1030 - CMSIS Pack Vendor :STMicroelectronics X-CUBE-AZRTOS-L4 2.0.0
2024-04-25 18:42:53,822 [INFO] ThirdParty:1030 - CMSIS Pack Vendor :STMicroelectronics ThreadX 0.0.2
2024-04-25 18:42:53,822 [INFO] ThirdParty:1030 - CMSIS Pack Vendor :WES I-CUBE-Cesium 1.3.0
2024-04-25 18:42:53,822 [INFO] ThirdParty:1030 - CMSIS Pack Vendor :STMicroelectronics FP-ATR-ASTRA1 2.0.0
2024-04-25 18:42:53,822 [INFO] ThirdParty:1030 - CMSIS Pack Vendor :STMicroelectronics lwIP 2.1.2
2024-04-25 18:42:53,822 [INFO] ThirdParty:1030 - CMSIS Pack Vendor :STMicroelectronics X-CUBE-SFXS2LP1 4.0.0
2024-04-25 18:42:53,822 [INFO] ThirdParty:1030 - CMSIS Pack Vendor :STMicroelectronics X-CUBE-BLE2 3.3.0
2024-04-25 18:42:53,822 [INFO] ThirdParty:1030 - CMSIS Pack Vendor :STMicroelectronics X-CUBE-TOF1 3.4.1
2024-04-25 18:42:53,822 [INFO] ThirdParty:1030 - CMSIS Pack Vendor :STMicroelectronics X-CUBE-AZRTOS-H7 3.2.0
2024-04-25 18:42:53,822 [INFO] ThirdParty:1030 - CMSIS Pack Vendor :STMicroelectronics PDM2PCM 3.2.0
2024-04-25 18:42:53,822 [INFO] ThirdParty:841 - exiting critical section [change project]
2024-04-25 18:42:54,408 [INFO] PinOutPanel:1561 - setPackage(No Configuration,No Configuration)
2024-04-25 18:42:54,410 [INFO] PinOutPanel:1561 - setPackage(STM32L496ZGTxP,LQFP144)
2024-04-25 18:42:54,961 [INFO] UtilMem:75 - Before build in PCC Used Memory: 244262808 Bytes (757071872)
2024-04-25 18:42:55,901 [INFO] UtilMem:75 - After build in PCC Used Memory: 385454144 Bytes (757071872)
2024-04-25 18:42:55,941 [INFO] IPUIPlugin:80 - create IPUIPlugin
2024-04-25 18:42:55,941 [INFO] IPUIPlugin:80 - create IPUIPlugin
2024-04-25 18:42:55,941 [INFO] IPUIPlugin:80 - create IPUIPlugin
2024-04-25 18:42:55,941 [INFO] IPUIPlugin:80 - create IPUIPlugin
2024-04-25 18:42:55,942 [INFO] IPUIPlugin:80 - create IPUIPlugin
2024-04-25 18:42:55,942 [INFO] IPUIPlugin:80 - create IPUIPlugin
2024-04-25 18:42:55,942 [INFO] IPUIPlugin:80 - create IPUIPlugin
2024-04-25 18:42:55,942 [INFO] IPUIPlugin:80 - create IPUIPlugin
2024-04-25 18:42:55,942 [INFO] IPUIPlugin:80 - create IPUIPlugin
2024-04-25 18:42:55,943 [INFO] IPUIPlugin:80 - create IPUIPlugin
2024-04-25 18:42:55,943 [INFO] IPUIPlugin:80 - create IPUIPlugin
2024-04-25 18:42:55,943 [INFO] IPUIPlugin:80 - create IPUIPlugin
2024-04-25 18:42:55,943 [INFO] IPUIPlugin:80 - create IPUIPlugin
2024-04-25 18:42:55,943 [INFO] IPUIPlugin:80 - create IPUIPlugin
2024-04-25 18:42:55,943 [INFO] IPUIPlugin:80 - create IPUIPlugin
2024-04-25 18:42:55,943 [INFO] IPUIPlugin:80 - create IPUIPlugin
2024-04-25 18:42:55,944 [INFO] IPUIPlugin:80 - create IPUIPlugin
2024-04-25 18:42:55,944 [INFO] IPUIPlugin:80 - create IPUIPlugin
2024-04-25 18:42:55,944 [INFO] IPUIPlugin:80 - create IPUIPlugin
2024-04-25 18:42:55,944 [INFO] IPUIPlugin:80 - create IPUIPlugin
2024-04-25 18:42:55,944 [INFO] IPUIPlugin:80 - create IPUIPlugin
2024-04-25 18:42:55,944 [INFO] IPUIPlugin:80 - create IPUIPlugin
2024-04-25 18:42:55,946 [INFO] IPUIPlugin:80 - create IPUIPlugin
2024-04-25 18:42:55,946 [INFO] IPUIPlugin:80 - create IPUIPlugin
2024-04-25 18:42:55,946 [INFO] IPUIPlugin:80 - create IPUIPlugin
2024-04-25 18:42:55,946 [INFO] IPUIPlugin:80 - create IPUIPlugin
2024-04-25 18:42:55,947 [INFO] IPUIPlugin:80 - create IPUIPlugin
2024-04-25 18:42:55,947 [INFO] IPUIPlugin:80 - create IPUIPlugin
2024-04-25 18:42:55,947 [INFO] IPUIPlugin:80 - create IPUIPlugin
2024-04-25 18:42:55,948 [INFO] IPUIPlugin:80 - create IPUIPlugin
2024-04-25 18:42:55,948 [INFO] IPUIPlugin:80 - create IPUIPlugin
2024-04-25 18:42:55,948 [INFO] IPUIPlugin:80 - create IPUIPlugin
2024-04-25 18:42:55,948 [INFO] IPUIPlugin:80 - create IPUIPlugin
2024-04-25 18:42:55,948 [INFO] IPUIPlugin:80 - create IPUIPlugin
2024-04-25 18:42:55,948 [INFO] IPUIPlugin:80 - create IPUIPlugin
2024-04-25 18:42:55,948 [INFO] IPUIPlugin:80 - create IPUIPlugin
2024-04-25 18:42:55,949 [INFO] IPUIPlugin:80 - create IPUIPlugin
2024-04-25 18:42:55,949 [INFO] IPUIPlugin:80 - create IPUIPlugin
2024-04-25 18:42:55,949 [INFO] IPUIPlugin:80 - create IPUIPlugin
2024-04-25 18:42:55,949 [INFO] IPUIPlugin:80 - create IPUIPlugin
2024-04-25 18:42:55,949 [INFO] IPUIPlugin:80 - create IPUIPlugin
2024-04-25 18:42:55,950 [INFO] IPUIPlugin:80 - create IPUIPlugin
2024-04-25 18:42:55,950 [INFO] IPUIPlugin:80 - create IPUIPlugin
2024-04-25 18:42:55,950 [INFO] IPUIPlugin:80 - create IPUIPlugin
2024-04-25 18:42:55,950 [INFO] IPUIPlugin:80 - create IPUIPlugin
2024-04-25 18:42:55,950 [INFO] IPUIPlugin:80 - create IPUIPlugin
2024-04-25 18:42:55,951 [INFO] IPUIPlugin:80 - create IPUIPlugin
2024-04-25 18:42:55,951 [INFO] IPUIPlugin:80 - create IPUIPlugin
2024-04-25 18:42:55,951 [INFO] IPUIPlugin:80 - create IPUIPlugin
2024-04-25 18:42:55,951 [INFO] IPUIPlugin:80 - create IPUIPlugin
2024-04-25 18:42:55,951 [INFO] IPUIPlugin:80 - create IPUIPlugin
2024-04-25 18:42:55,951 [INFO] IPUIPlugin:80 - create IPUIPlugin
2024-04-25 18:42:55,952 [INFO] IPUIPlugin:80 - create IPUIPlugin
2024-04-25 18:42:55,952 [INFO] IPUIPlugin:80 - create IPUIPlugin
2024-04-25 18:42:55,952 [INFO] IPUIPlugin:80 - create IPUIPlugin
2024-04-25 18:42:55,953 [INFO] IPUIPlugin:80 - create IPUIPlugin
2024-04-25 18:42:55,953 [INFO] IPUIPlugin:80 - create IPUIPlugin
2024-04-25 18:42:55,953 [INFO] IPUIPlugin:80 - create IPUIPlugin
2024-04-25 18:42:55,953 [INFO] IPUIPlugin:80 - create IPUIPlugin
2024-04-25 18:42:55,954 [INFO] IPUIPlugin:80 - create IPUIPlugin
2024-04-25 18:42:55,954 [INFO] IPUIPlugin:80 - create IPUIPlugin
2024-04-25 18:42:55,955 [INFO] IPUIPlugin:80 - create IPUIPlugin
2024-04-25 18:42:55,955 [INFO] IPUIPlugin:80 - create IPUIPlugin
2024-04-25 18:42:55,955 [INFO] IPUIPlugin:80 - create IPUIPlugin
2024-04-25 18:42:56,222 [INFO] CADModel:165 - CPN selected for project levelSTM32L496ZGT6P
2024-04-25 18:42:56,222 [INFO] CADModel:114 - Register for checkConnection events
2024-04-25 18:42:56,280 [INFO] OpenFileManager:343 - Restore cursor
2024-04-25 18:57:47,401 [INFO] Gpio:277 - dependency for GPIO [LPUART1, QUADSPI]
2024-04-25 18:57:49,578 [INFO] Gpio:277 - dependency for GPIO [LPUART1, QUADSPI]
2024-04-25 18:58:29,797 [INFO] UtilMem:75 - End SaveConfig() Used Memory: 245578552 Bytes (721420288)
2024-04-25 18:58:29,880 [INFO] UtilMem:75 - End SaveConfig() Used Memory: 276513592 Bytes (721420288)
2024-04-25 18:58:32,166 [INFO] ServerAccessManage:473 - Download File stm32cube_db_v6081.zip
2024-04-25 18:58:33,911 [INFO] FileExtend:240 - Unzip File : stm32cube_db_v6081.zip
2024-04-25 18:58:33,911 [INFO] FileExtend:255 - Standard Zip Deflate
2024-04-25 18:58:43,661 [INFO] ServerAccessManage:473 - Download File stm32cube_fw_l4_v1170.zip
2024-04-25 19:08:35,814 [ERROR] FileExtend:455 - File entry not found
2024-04-25 19:08:35,815 [INFO] FileExtend:240 - Unzip File : stm32cube_fw_l4_v1170.zip
2024-04-25 19:08:35,816 [INFO] FileExtend:255 - Standard Zip Deflate
2024-04-25 19:09:34,914 [INFO] ServerAccessManage:473 - Download File stm32cube_fw_l4_v1172.zip
2024-04-25 19:12:49,426 [INFO] FileExtend:240 - Unzip File : stm32cube_fw_l4_v1172.zip
2024-04-25 19:12:49,426 [INFO] FileExtend:255 - Standard Zip Deflate
2024-04-25 19:13:21,935 [INFO] LoadServerPackagesThread:196 - End of LoadServerPackages Thread
2024-04-25 19:13:22,136 [INFO] ThirdPartyModel:298 - Start build external matchings
2024-04-25 19:13:22,173 [INFO] UtilMem:75 - End SaveConfig() Used Memory: 319578784 Bytes (872415232)
2024-04-25 19:13:24,490 [INFO] ThirdPartyModel:316 - End build external matchings
2024-04-25 19:13:24,543 [INFO] CheckServerUpdateThread:120 - End of CheckServer Thread
2024-04-25 19:13:25,581 [INFO] BlockDiagram:2759 - set Specific Code input for plugin: RCC
2024-04-25 19:13:25,582 [INFO] BlockDiagram:2759 - set Specific Code input for plugin: LPUART
2024-04-25 19:13:25,582 [INFO] BlockDiagram:2759 - set Specific Code input for plugin: NVIC
2024-04-25 19:13:25,584 [INFO] BlockDiagram:2759 - set Specific Code input for plugin: GPIO
2024-04-25 19:13:25,584 [INFO] BlockDiagram:2759 - set Specific Code input for plugin: QUADSPI
2024-04-25 19:13:25,586 [INFO] CodeGenerator:807 - code generatio: config db path: C:/Users/DISHANT/.stm32cubemx/databases/DB.6.0.70/db/
2024-04-25 19:13:26,145 [INFO] CodeEngine:255 - oldGeneratedFile, E:\New folder\Downloads\QSPI_flash\QSPI\QSPI_Flash_memory\MXTmpFiles\license.tmp_save
2024-04-25 19:13:27,770 [INFO] CodeEngine:279 - Generated code: E:\New folder\Downloads\QSPI_flash\QSPI\QSPI_Flash_memory\MXTmpFiles\license.tmp
2024-04-25 19:13:28,296 [INFO] CodeEngine:255 - oldGeneratedFile, E:\New folder\Downloads\QSPI_flash\QSPI\QSPI_Flash_memory\MXTmpFiles\gpio.tmp_save
2024-04-25 19:13:28,787 [INFO] CodeEngine:279 - Generated code: E:\New folder\Downloads\QSPI_flash\QSPI\QSPI_Flash_memory\MXTmpFiles\gpio.tmp
2024-04-25 19:13:29,509 [INFO] CodeEngine:255 - oldGeneratedFile, E:\New folder\Downloads\QSPI_flash\QSPI\QSPI_Flash_memory\Core\Src\stm32l4xx_it.c_save
2024-04-25 19:13:29,970 [INFO] CodeEngine:279 - Generated code: E:\New folder\Downloads\QSPI_flash\QSPI\QSPI_Flash_memory\Core\Src\stm32l4xx_it.c
2024-04-25 19:13:30,027 [INFO] CodeEngine:255 - oldGeneratedFile, E:\New folder\Downloads\QSPI_flash\QSPI\QSPI_Flash_memory\Core\Inc\stm32l4xx_it.h_save
2024-04-25 19:13:30,361 [INFO] CodeEngine:279 - Generated code: E:\New folder\Downloads\QSPI_flash\QSPI\QSPI_Flash_memory\Core\Inc\stm32l4xx_it.h
2024-04-25 19:13:30,570 [INFO] CodeEngine:255 - oldGeneratedFile, E:\New folder\Downloads\QSPI_flash\QSPI\QSPI_Flash_memory\Core\Src\stm32l4xx_hal_msp.c_save
2024-04-25 19:13:31,055 [INFO] CodeEngine:279 - Generated code: E:\New folder\Downloads\QSPI_flash\QSPI\QSPI_Flash_memory\Core\Src\stm32l4xx_hal_msp.c
2024-04-25 19:13:31,081 [INFO] CodeEngine:255 - oldGeneratedFile, E:\New folder\Downloads\QSPI_flash\QSPI\QSPI_Flash_memory\MXTmpFiles\system.tmp_save
2024-04-25 19:13:31,319 [INFO] CodeEngine:279 - Generated code: E:\New folder\Downloads\QSPI_flash\QSPI\QSPI_Flash_memory\MXTmpFiles\system.tmp
2024-04-25 19:13:31,384 [INFO] CodeEngine:311 - oldGeneratedFile, E:\New folder\Downloads\QSPI_flash\QSPI\QSPI_Flash_memory\Core\Inc\stm32l4xx_hal_conf.h_save
2024-04-25 19:13:31,651 [INFO] CodeEngine:335 - Generated code: E:\New folder\Downloads\QSPI_flash\QSPI\QSPI_Flash_memory\Core\Inc\stm32l4xx_hal_conf.h
2024-04-25 19:13:31,784 [INFO] CodeEngine:255 - oldGeneratedFile, E:\New folder\Downloads\QSPI_flash\QSPI\QSPI_Flash_memory\Core\Inc\main.h_save
2024-04-25 19:13:32,124 [INFO] CodeEngine:279 - Generated code: E:\New folder\Downloads\QSPI_flash\QSPI\QSPI_Flash_memory\Core\Inc\main.h
2024-04-25 19:13:32,171 [INFO] CodeEngine:255 - oldGeneratedFile, E:\New folder\Downloads\QSPI_flash\QSPI\QSPI_Flash_memory\Core\Src\main.c_save
2024-04-25 19:13:32,584 [INFO] CodeEngine:279 - Generated code: E:\New folder\Downloads\QSPI_flash\QSPI\QSPI_Flash_memory\Core\Src\main.c
2024-04-25 19:13:33,347 [INFO] ProjectBuilder:3163 - Time for Copy HAL[1] : 343mS.
2024-04-25 19:13:33,360 [INFO] ProjectBuilder:4736 - Project Generator version: 4.3.0-B58
2024-04-25 19:13:33,601 [INFO] ConfigFileManager:1503 - The Die is : DIE461
2024-04-25 19:13:33,650 [INFO] ApiDbMcu:508 - Load IP Config File for FATFS
2024-04-25 19:13:33,680 [INFO] ApiDbMcu:508 - Load IP Config File for FREERTOS
2024-04-25 19:13:33,724 [INFO] ApiDbMcu:508 - Load IP Config File for TOUCHSENSING
2024-04-25 19:13:33,750 [INFO] ApiDbMcu:508 - Load IP Config File for USB_DEVICE
2024-04-25 19:13:33,771 [INFO] ApiDbMcu:508 - Load IP Config File for USB_HOST
2024-04-25 19:13:35,340 [INFO] LogOutputStream:77 - [STDOUT_REDIRECT] 
2024-04-25 19:13:38,338 [INFO] ProjectBuilder:5002 - Time for Generating toolchain IDE Files: 4976mS.
2024-04-25 19:13:38,340 [INFO] ProjectBuilder:3034 - Time for Copy CMSIS : 1mS.
2024-04-25 19:13:38,345 [INFO] ProjectBuilder:3034 - Time for Copy CMSIS : 0mS.
2024-04-25 19:20:18,127 [ERROR] LogOutputStream:75 - [STDERR_REDIRECT] 
2024-04-25 19:20:18,127 [ERROR] LogOutputStream:75 - [STDERR_REDIRECT] 
